[2016-12-24 13:39:16.919969]SIM[533] Auth. time use:310816.000000(us)
[2016-12-24 13:39:29.933498]SIM[533] Auth. time use:316342.000000(us)
[2016-12-24 13:39:42.940285]SIM[533] Auth. time use:316133.000000(us)
[2016-12-24 13:39:55.948828]SIM[533] Auth. time use:317677.000000(us)
[2016-12-24 13:40:08.953882]SIM[533] Auth. time use:313731.000000(us)
[2016-12-24 13:40:21.986714]SIM[533] Auth. time use:339553.000000(us)
[2016-12-24 13:40:34.986439]SIM[533] Auth. time use:332282.000000(us)
[2016-12-24 13:40:47.986078]SIM[533] Auth. time use:325928.000000(us)
[2016-12-24 13:41:01.  3201]SIM[533] Auth. time use:337046.000000(us)
[2016-12-24 13:41:14. 17236]SIM[533] Auth. time use:345083.000000(us)
[2016-12-24 13:41:26.994774]SIM[533] Auth. time use:314613.000000(us)
[2016-12-24 13:41:40. 17597]SIM[533] Auth. time use:332444.000000(us)
[2016-12-24 13:41:53.  8620]SIM[533] Auth. time use:315466.000000(us)
[2016-12-24 13:42:06. 16092]SIM[533] Auth. time use:314937.000000(us)
[2016-12-24 13:42:19. 30377]SIM[533] Auth. time use:322226.000000(us)
[2016-12-24 13:42:32. 33343]SIM[533] Auth. time use:317191.000000(us)
[2016-12-24 13:42:45. 60140]SIM[533] Auth. time use:335984.000000(us)
[2016-12-24 13:42:58. 39561]SIM[533] Auth. time use:310406.000000(us)
[2016-12-24 13:43:11. 54035]SIM[533] Auth. time use:317880.000000(us)
[2016-12-24 13:43:24. 56401]SIM[533] Auth. time use:311235.000000(us)
[2016-12-24 13:43:37. 76377]SIM[533] Auth. time use:324202.000000(us)
[2016-12-24 13:43:50. 76719]SIM[533] Auth. time use:318561.000000(us)
[2016-12-24 13:44:03. 85947]SIM[533] Auth. time use:321785.000000(us)
[2016-12-24 13:44:16. 81606]SIM[533] Auth. time use:310451.000000(us)
[2016-12-24 13:44:29. 95819]SIM[533] Auth. time use:316650.000000(us)
[2016-12-24 13:44:42.144038]SIM[533] Auth. time use:358879.000000(us)
[2016-12-24 13:44:55.123550]SIM[533] Auth. time use:330395.000000(us)
[2016-12-24 13:45:08.120854]SIM[533] Auth. time use:320542.000000(us)
[2016-12-24 13:45:21.121342]SIM[533] Auth. time use:312186.000000(us)
[2016-12-24 13:45:34.150724]SIM[533] Auth. time use:334568.000000(us)
[2016-12-24 13:45:47.156515]SIM[533] Auth. time use:331360.000000(us)
[2016-12-24 13:46:00.155860]SIM[533] Auth. time use:322690.000000(us)
[2016-12-24 13:46:13.167409]SIM[533] Auth. time use:326255.000000(us)
[2016-12-24 13:46:26.163788]SIM[533] Auth. time use:315635.000000(us)
[2016-12-24 13:46:39.169812]SIM[533] Auth. time use:313662.000000(us)
[2016-12-24 13:46:52.175662]SIM[533] Auth. time use:313507.000000(us)
[2016-12-24 13:47:05.179894]SIM[533] Auth. time use:310738.000000(us)
[2016-12-24 13:47:18.193254]SIM[533] Auth. time use:318099.000000(us)
[2016-12-24 13:47:31.204331]SIM[533] Auth. time use:322179.000000(us)
[2016-12-24 13:47:44.204776]SIM[533] Auth. time use:314621.000000(us)
[2016-12-24 13:47:57.216815]SIM[533] Auth. time use:320662.000000(us)
[2016-12-24 13:48:10.223511]SIM[533] Auth. time use:320356.000000(us)
[2016-12-24 13:48:23.223315]SIM[533] Auth. time use:313157.000000(us)
[2016-12-24 13:48:36.246428]SIM[533] Auth. time use:328270.000000(us)
[2016-12-24 13:48:49.244111]SIM[533] Auth. time use:318927.000000(us)
[2016-12-24 13:49:02.266780]SIM[533] Auth. time use:334625.000000(us)
[2016-12-24 13:49:15.259697]SIM[533] Auth. time use:317543.000000(us)
[2016-12-24 13:49:28.287182]SIM[533] Auth. time use:337025.000000(us)
[2016-12-24 13:49:41.281001]SIM[533] Auth. time use:322847.000000(us)
[2016-12-24 13:49:54.306401]SIM[533] Auth. time use:341235.000000(us)
[2016-12-24 13:50:07.299459]SIM[533] Auth. time use:325302.000000(us)
[2016-12-24 13:50:20.318100]SIM[533] Auth. time use:334944.000000(us)
[2016-12-24 13:50:33.311410]SIM[533] Auth. time use:322254.000000(us)
[2016-12-24 13:50:46.324770]SIM[533] Auth. time use:327618.000000(us)
[2016-12-24 13:50:59.314483]SIM[533] Auth. time use:308329.000000(us)
[2016-12-24 13:51:12.358569]SIM[533] Auth. time use:345413.000000(us)
[2016-12-24 13:51:25.344933]SIM[533] Auth. time use:323780.000000(us)
[2016-12-24 13:51:38.357205]SIM[533] Auth. time use:327049.000000(us)
[2016-12-24 13:51:51.354227]SIM[533] Auth. time use:316070.000000(us)
[2016-12-24 13:52:04.374676]SIM[533] Auth. time use:329522.000000(us)
[2016-12-24 13:52:17.370192]SIM[533] Auth. time use:314034.000000(us)
[2016-12-24 13:52:30.386681]SIM[533] Auth. time use:323521.000000(us)
[2016-12-24 13:52:43.388079]SIM[533] Auth. time use:316928.000000(us)
[2016-12-24 13:52:56.399603]SIM[533] Auth. time use:320445.000000(us)
[2016-12-24 13:53:09.398248]SIM[533] Auth. time use:312091.000000(us)
[2016-12-24 13:53:22.412849]SIM[533] Auth. time use:320688.000000(us)
[2016-12-24 13:53:35.450492]SIM[533] Auth. time use:350333.000000(us)
[2016-12-24 13:53:48.421579]SIM[533] Auth. time use:314408.000000(us)
[2016-12-24 13:54:01.433216]SIM[533] Auth. time use:318058.000000(us)
[2016-12-24 13:54:14.430637]SIM[533] Auth. time use:307484.000000(us)
[2016-12-24 13:54:27.467881]SIM[533] Auth. time use:336728.000000(us)
[2016-12-24 13:54:40.458260]SIM[533] Auth. time use:320109.000000(us)
[2016-12-24 13:54:53.476393]SIM[533] Auth. time use:331239.000000(us)
[2016-12-24 13:55:06.489465]SIM[533] Auth. time use:337314.000000(us)
[2016-12-24 13:55:19.488225]SIM[533] Auth. time use:330071.000000(us)
[2016-12-24 13:55:32.482659]SIM[533] Auth. time use:319504.000000(us)
[2016-12-24 13:55:45.492970]SIM[533] Auth. time use:322815.000000(us)
[2016-12-24 13:55:58.494081]SIM[533] Auth. time use:317926.000000(us)
[2016-12-24 13:56:11.505590]SIM[533] Auth. time use:322439.000000(us)
[2016-12-24 13:56:24.503703]SIM[533] Auth. time use:314546.000000(us)
[2016-12-24 13:56:37.522351]SIM[533] Auth. time use:325199.000000(us)
[2016-12-24 13:56:50.525154]SIM[533] Auth. time use:320999.000000(us)
[2016-12-24 13:57:03.546729]SIM[533] Auth. time use:337570.000000(us)
[2016-12-24 13:57:16.551873]SIM[533] Auth. time use:334720.000000(us)
[2016-12-24 13:57:29.558039]SIM[533] Auth. time use:332885.000000(us)
[2016-12-24 13:57:42.544961]SIM[533] Auth. time use:312804.000000(us)
[2016-12-24 13:57:55.579773]SIM[533] Auth. time use:340618.000000(us)
[2016-12-24 13:58:08.603222]SIM[533] Auth. time use:357068.000000(us)
[2016-12-24 13:58:21.566322]SIM[533] Auth. time use:313167.000000(us)
[2016-12-24 13:58:34.586391]SIM[533] Auth. time use:325237.000000(us)
[2016-12-24 13:58:47.609848]SIM[533] Auth. time use:339694.000000(us)
[2016-12-24 13:59:00.621870]SIM[533] Auth. time use:344715.000000(us)
[2016-12-24 13:59:13.625326]SIM[533] Auth. time use:341169.000000(us)
[2016-12-24 13:59:26.653797]SIM[533] Auth. time use:363641.000000(us)
[2016-12-24 13:59:39.624804]SIM[533] Auth. time use:325639.000000(us)
[2016-12-24 13:59:52.625002]SIM[533] Auth. time use:320844.000000(us)
[2016-12-24 14:00:05.631180]SIM[533] Auth. time use:319019.000000(us)
[2016-12-24 14:00:18.658553]SIM[533] Auth. time use:337389.000000(us)
[2016-12-24 14:00:31.676280]SIM[533] Auth. time use:348109.000000(us)
[2016-12-24 14:00:44.656765]SIM[533] Auth. time use:319611.000000(us)
[2016-12-24 14:00:57.675377]SIM[533] Auth. time use:327223.000000(us)
[2016-12-24 14:01:10.673954]SIM[533] Auth. time use:318784.000000(us)
[2016-12-24 14:01:23.697154]SIM[533] Auth. time use:333997.000000(us)
[2016-12-24 14:01:49.476293]SIM[533] auth. ACK2 length error. Tx_APDU[1]:88 
[2016-12-24 14:02:02.693256]SIM[533] Auth. time use:310100.000000(us)
[2016-12-24 14:02:15.723816]SIM[533] Auth. time use:334658.000000(us)
[2016-12-24 14:02:28.715267]SIM[533] Auth. time use:318113.000000(us)
[2016-12-24 14:02:41.734287]SIM[533] Auth. time use:331131.000000(us)
[2016-12-24 14:02:54.737230]SIM[533] Auth. time use:328070.000000(us)
[2016-12-24 14:03:07.750445]SIM[533] Auth. time use:332294.000000(us)
[2016-12-24 14:03:20.754090]SIM[533] Auth. time use:328936.000000(us)
[2016-12-24 14:03:33.757660]SIM[533] Auth. time use:326504.000000(us)
[2016-12-24 14:03:46.780956]SIM[533] Auth. time use:341802.000000(us)
[2016-12-24 14:03:59.803347]SIM[533] Auth. time use:357193.000000(us)
[2016-12-24 14:04:12.790750]SIM[533] Auth. time use:336579.000000(us)
[2016-12-24 14:04:25.800986]SIM[533] Auth. time use:338831.000000(us)
[2016-12-24 14:04:38.811625]SIM[533] Auth. time use:343472.000000(us)
[2016-12-24 14:04:51.794894]SIM[533] Auth. time use:321739.000000(us)
[2016-12-24 14:05:04.796148]SIM[533] Auth. time use:315997.000000(us)
[2016-12-24 14:05:17.824490]SIM[533] Auth. time use:336325.000000(us)
[2016-12-24 14:05:30.817197]SIM[533] Auth. time use:321041.000000(us)
[2016-12-24 14:05:43.822305]SIM[533] Auth. time use:321150.000000(us)
[2016-12-24 14:05:56.843667]SIM[533] Auth. time use:334513.000000(us)
[2016-12-24 14:06:09.829986]SIM[533] Auth. time use:313831.000000(us)
[2016-12-24 14:06:22.859952]SIM[533] Auth. time use:338796.000000(us)
[2016-12-24 14:06:35.869125]SIM[533] Auth. time use:340971.000000(us)
[2016-12-24 14:06:48.874448]SIM[533] Auth. time use:339293.000000(us)
[2016-12-24 14:07:01.881855]SIM[533] Auth. time use:338704.000000(us)
[2016-12-24 14:07:14.877491]SIM[533] Auth. time use:327336.000000(us)
[2016-12-24 14:07:27.886742]SIM[533] Auth. time use:328578.000000(us)
[2016-12-24 14:07:40.890248]SIM[533] Auth. time use:325076.000000(us)
[2016-12-24 14:07:53.903306]SIM[533] Auth. time use:329139.000000(us)
[2016-12-24 14:08:06.903825]SIM[533] Auth. time use:321666.000000(us)
[2016-12-24 14:08:19.902966]SIM[533] Auth. time use:312808.000000(us)
[2016-12-24 14:08:32.971906]SIM[533] Auth. time use:374749.000000(us)
[2016-12-24 14:08:45.953552]SIM[533] Auth. time use:348393.000000(us)
[2016-12-24 14:08:58.929310]SIM[533] Auth. time use:317157.000000(us)
[2016-12-24 14:09:11.949019]SIM[533] Auth. time use:329864.000000(us)
[2016-12-24 14:09:24.954759]SIM[533] Auth. time use:329602.000000(us)
[2016-12-24 14:09:37.959054]SIM[533] Auth. time use:324893.000000(us)
[2016-12-24 14:09:50.988437]SIM[533] Auth. time use:348274.000000(us)
[2016-12-24 14:10:04.   879]SIM[533] Auth. time use:353720.000000(us)
[2016-12-24 14:10:16.975838]SIM[533] Auth. time use:320620.000000(us)
[2016-12-24 14:10:29.989312]SIM[533] Auth. time use:328158.000000(us)
[2016-12-24 14:10:43.   288]SIM[533] Auth. time use:334134.000000(us)
[2016-12-24 14:10:55.994492]SIM[533] Auth. time use:322338.000000(us)
[2016-12-24 14:11:09.  1022]SIM[533] Auth. time use:323868.000000(us)
[2016-12-24 14:11:22.  3647]SIM[533] Auth. time use:320495.000000(us)
[2016-12-24 14:11:35. 11306]SIM[533] Auth. time use:322150.000000(us)
[2016-12-24 14:11:48. 19001]SIM[533] Auth. time use:320844.000000(us)
[2016-12-24 14:12:01. 26545]SIM[533] Auth. time use:322390.000000(us)
[2016-12-24 14:12:14. 24318]SIM[533] Auth. time use:311164.000000(us)
[2016-12-24 14:12:27. 43767]SIM[533] Auth. time use:324617.000000(us)
[2016-12-24 14:12:40. 42926]SIM[533] Auth. time use:316770.000000(us)
[2016-12-24 14:12:53. 48754]SIM[533] Auth. time use:314597.000000(us)
[2016-12-24 14:13:06. 70943]SIM[533] Auth. time use:329790.000000(us)
[2016-12-24 14:13:19. 60303]SIM[533] Auth. time use:312148.000000(us)
[2016-12-24 14:13:32. 77652]SIM[533] Auth. time use:323495.000000(us)
[2016-12-24 14:13:45. 77421]SIM[533] Auth. time use:316270.000000(us)
[2016-12-24 14:13:58.103626]SIM[533] Auth. time use:334470.000000(us)
[2016-12-24 14:14:11.102389]SIM[533] Auth. time use:326237.000000(us)
[2016-12-24 14:14:24.107554]SIM[533] Auth. time use:323398.000000(us)
[2016-12-24 14:14:37.124372]SIM[533] Auth. time use:332219.000000(us)
[2016-12-24 14:14:50.133049]SIM[533] Auth. time use:334894.000000(us)
[2016-12-24 14:15:03.132611]SIM[533] Auth. time use:326461.000000(us)
[2016-12-24 14:15:16.143471]SIM[533] Auth. time use:331312.000000(us)
[2016-12-24 14:15:29.153911]SIM[533] Auth. time use:332750.000000(us)
[2016-12-24 14:15:42.151462]SIM[533] Auth. time use:320307.000000(us)
[2016-12-24 14:15:55.166320]SIM[533] Auth. time use:327159.000000(us)
[2016-12-24 14:16:08.174968]SIM[533] Auth. time use:327800.000000(us)
[2016-12-24 14:16:21.210927]SIM[533] Auth. time use:356771.000000(us)
[2016-12-24 14:16:34.196228]SIM[533] Auth. time use:334075.000000(us)
[2016-12-24 14:16:47.188167]SIM[533] Auth. time use:320010.000000(us)
[2016-12-24 14:17:00.176359]SIM[533] Auth. time use:301203.000000(us)
[2016-12-24 14:17:13.213718]SIM[533] Auth. time use:331561.000000(us)
[2016-12-24 14:17:26.210401]SIM[533] Auth. time use:321244.000000(us)
[2016-12-24 14:17:39.219642]SIM[533] Auth. time use:324484.000000(us)
[2016-12-24 14:17:52.223685]SIM[533] Auth. time use:322528.000000(us)
[2016-12-24 14:18:05.247471]SIM[533] Auth. time use:337313.000000(us)
[2016-12-24 14:18:18.235593]SIM[533] Auth. time use:313434.000000(us)
[2016-12-24 14:18:31.266693]SIM[533] Auth. time use:336535.000000(us)
[2016-12-24 14:18:44.252339]SIM[533] Auth. time use:315183.000000(us)
[2016-12-24 14:18:57.253553]SIM[533] Auth. time use:308403.000000(us)
[2016-12-24 14:19:10.269489]SIM[533] Auth. time use:316338.000000(us)
[2016-12-24 14:19:23.279302]SIM[533] Auth. time use:318150.000000(us)
[2016-12-24 14:19:36.286585]SIM[533] Auth. time use:316430.000000(us)
[2016-12-24 14:19:49.292688]SIM[533] Auth. time use:316533.000000(us)
[2016-12-24 14:20:02.293312]SIM[533] Auth. time use:310156.000000(us)
[2016-12-24 14:20:15.299875]SIM[533] Auth. time use:310721.000000(us)
[2016-12-24 14:20:28.313657]SIM[533] Auth. time use:315503.000000(us)
[2016-12-24 14:20:41.315356]SIM[533] Auth. time use:311204.000000(us)
[2016-12-24 14:20:54.336135]SIM[533] Auth. time use:323979.000000(us)
[2016-12-24 14:21:07.335947]SIM[533] Auth. time use:315789.000000(us)
[2016-12-24 14:21:20.341863]SIM[533] Auth. time use:312709.000000(us)
[2016-12-24 14:21:33.350983]SIM[533] Auth. time use:314828.000000(us)
[2016-12-24 14:21:46.364768]SIM[533] Auth. time use:320612.000000(us)
[2016-12-24 14:21:59.370971]SIM[533] Auth. time use:320819.000000(us)
[2016-12-24 14:22:12.370484]SIM[533] Auth. time use:314333.000000(us)
[2016-12-24 14:22:25.385715]SIM[533] Auth. time use:322563.000000(us)
[2016-12-24 14:22:38.384402]SIM[533] Auth. time use:313252.000000(us)
[2016-12-24 14:22:51.395645]SIM[533] Auth. time use:317491.000000(us)
[2016-12-24 14:23:04.398543]SIM[533] Auth. time use:312388.000000(us)
[2016-12-24 14:23:17.411255]SIM[533] Auth. time use:317104.000000(us)
[2016-12-24 14:23:30.414437]SIM[533] Auth. time use:314283.000000(us)
[2016-12-24 14:23:43.417980]SIM[533] Auth. time use:310825.000000(us)
[2016-12-24 14:23:56.450232]SIM[533] Auth. time use:336070.000000(us)
[2016-12-24 14:24:09.438437]SIM[533] Auth. time use:318272.000000(us)
[2016-12-24 14:24:22.470655]SIM[533] Auth. time use:343497.000000(us)
[2016-12-24 14:24:35.443684]SIM[533] Auth. time use:310523.000000(us)
[2016-12-24 14:24:48.448762]SIM[533] Auth. time use:308605.000000(us)
[2016-12-24 14:25:01.470214]SIM[533] Auth. time use:321062.000000(us)
[2016-12-24 14:25:14.490595]SIM[533] Auth. time use:330441.000000(us)
[2016-12-24 14:25:27.471201]SIM[533] Auth. time use:304045.000000(us)
[2016-12-24 14:25:40.488208]SIM[533] Auth. time use:315057.000000(us)
[2016-12-24 14:25:53.490504]SIM[533] Auth. time use:310342.000000(us)
[2016-12-24 14:26:06.531974]SIM[533] Auth. time use:343815.000000(us)
[2016-12-24 14:26:19.513252]SIM[533] Auth. time use:319083.000000(us)
[2016-12-24 14:26:32.529549]SIM[533] Auth. time use:329388.000000(us)
[2016-12-24 14:26:45.542761]SIM[533] Auth. time use:335607.000000(us)
