[2016-12-24 13:39:16.933958]SIM[530] Auth. time use:324807.000000(us)
[2016-12-24 13:39:29.947862]SIM[530] Auth. time use:330710.000000(us)
[2016-12-24 13:39:42.954476]SIM[530] Auth. time use:330328.000000(us)
[2016-12-24 13:39:55.962966]SIM[530] Auth. time use:331816.000000(us)
[2016-12-24 13:40:08.968069]SIM[530] Auth. time use:327919.000000(us)
[2016-12-24 13:40:21.986214]SIM[530] Auth. time use:339055.000000(us)
[2016-12-24 13:40:34.985998]SIM[530] Auth. time use:331842.000000(us)
[2016-12-24 13:40:48.   591]SIM[530] Auth. time use:340444.000000(us)
[2016-12-24 13:41:00.987697]SIM[530] Auth. time use:321545.000000(us)
[2016-12-24 13:41:14.  1839]SIM[530] Auth. time use:329688.000000(us)
[2016-12-24 13:41:27.  8187]SIM[530] Auth. time use:328027.000000(us)
[2016-12-24 13:41:40.  3176]SIM[530] Auth. time use:318026.000000(us)
[2016-12-24 13:41:53. 37567]SIM[530] Auth. time use:344415.000000(us)
[2016-12-24 13:42:06. 30315]SIM[530] Auth. time use:329163.000000(us)
[2016-12-24 13:42:19. 59331]SIM[530] Auth. time use:351182.000000(us)
[2016-12-24 13:42:32. 47743]SIM[530] Auth. time use:331573.000000(us)
[2016-12-24 13:42:45. 74272]SIM[530] Auth. time use:350119.000000(us)
[2016-12-24 13:42:58. 68804]SIM[530] Auth. time use:339651.000000(us)
[2016-12-24 13:43:11. 90713]SIM[530] Auth. time use:354561.000000(us)
[2016-12-24 13:43:24. 70774]SIM[530] Auth. time use:325618.000000(us)
[2016-12-24 13:43:37. 75969]SIM[530] Auth. time use:323796.000000(us)
[2016-12-24 13:43:50. 90955]SIM[530] Auth. time use:332797.000000(us)
[2016-12-24 13:44:03.100167]SIM[530] Auth. time use:336009.000000(us)
[2016-12-24 13:44:16.110003]SIM[530] Auth. time use:338850.000000(us)
[2016-12-24 13:44:29.110146]SIM[530] Auth. time use:330978.000000(us)
[2016-12-24 13:44:42.128938]SIM[530] Auth. time use:343781.000000(us)
[2016-12-24 13:44:55.138038]SIM[530] Auth. time use:344884.000000(us)
[2016-12-24 13:45:08.135092]SIM[530] Auth. time use:334782.000000(us)
[2016-12-24 13:45:21.135750]SIM[530] Auth. time use:326597.000000(us)
[2016-12-24 13:45:34.167094]SIM[530] Auth. time use:350940.000000(us)
[2016-12-24 13:45:47.156124]SIM[530] Auth. time use:330962.000000(us)
[2016-12-24 13:46:00.155354]SIM[530] Auth. time use:322186.000000(us)
[2016-12-24 13:46:13.181891]SIM[530] Auth. time use:340738.000000(us)
[2016-12-24 13:46:26.178102]SIM[530] Auth. time use:329951.000000(us)
[2016-12-24 13:46:39.198804]SIM[530] Auth. time use:342657.000000(us)
[2016-12-24 13:46:52.189953]SIM[530] Auth. time use:327801.000000(us)
[2016-12-24 13:47:05.208763]SIM[530] Auth. time use:339609.000000(us)
[2016-12-24 13:47:18.207607]SIM[530] Auth. time use:332455.000000(us)
[2016-12-24 13:47:31.233568]SIM[530] Auth. time use:351417.000000(us)
[2016-12-24 13:47:44.219373]SIM[530] Auth. time use:329220.000000(us)
[2016-12-24 13:47:57.230999]SIM[530] Auth. time use:334848.000000(us)
[2016-12-24 13:48:10.237658]SIM[530] Auth. time use:334504.000000(us)
[2016-12-24 13:48:23.237613]SIM[530] Auth. time use:327457.000000(us)
[2016-12-24 13:48:36.275976]SIM[530] Auth. time use:357821.000000(us)
[2016-12-24 13:48:49.243648]SIM[530] Auth. time use:318492.000000(us)
[2016-12-24 13:49:02.266316]SIM[530] Auth. time use:334161.000000(us)
[2016-12-24 13:49:15.273620]SIM[530] Auth. time use:331469.000000(us)
[2016-12-24 13:49:28.272957]SIM[530] Auth. time use:322803.000000(us)
[2016-12-24 13:49:41.295624]SIM[530] Auth. time use:337473.000000(us)
[2016-12-24 13:49:54.305942]SIM[530] Auth. time use:340779.000000(us)
[2016-12-24 13:50:07.313582]SIM[530] Auth. time use:339429.000000(us)
[2016-12-24 13:50:20.303061]SIM[530] Auth. time use:319908.000000(us)
[2016-12-24 13:50:33.340464]SIM[530] Auth. time use:351311.000000(us)
[2016-12-24 13:50:46.338814]SIM[530] Auth. time use:341665.000000(us)
[2016-12-24 13:50:59.329109]SIM[530] Auth. time use:322950.000000(us)
[2016-12-24 13:51:12.358141]SIM[530] Auth. time use:344985.000000(us)
[2016-12-24 13:51:25.359421]SIM[530] Auth. time use:338268.000000(us)
[2016-12-24 13:51:38.371789]SIM[530] Auth. time use:341634.000000(us)
[2016-12-24 13:51:51.368602]SIM[530] Auth. time use:330448.000000(us)
[2016-12-24 13:52:04.388952]SIM[530] Auth. time use:343800.000000(us)
[2016-12-24 13:52:17.399063]SIM[530] Auth. time use:342909.000000(us)
[2016-12-24 13:52:30.401067]SIM[530] Auth. time use:337910.000000(us)
[2016-12-24 13:52:43.426516]SIM[530] Auth. time use:355367.000000(us)
[2016-12-24 13:52:56.420664]SIM[530] Auth. time use:341508.000000(us)
[2016-12-24 13:53:09.412391]SIM[530] Auth. time use:326237.000000(us)
[2016-12-24 13:53:22.431592]SIM[530] Auth. time use:339434.000000(us)
[2016-12-24 13:53:35.435237]SIM[530] Auth. time use:335080.000000(us)
[2016-12-24 13:53:48.435464]SIM[530] Auth. time use:328296.000000(us)
[2016-12-24 13:54:01.448047]SIM[530] Auth. time use:332892.000000(us)
[2016-12-24 13:54:14.459517]SIM[530] Auth. time use:336368.000000(us)
[2016-12-24 13:54:27.467427]SIM[530] Auth. time use:336275.000000(us)
[2016-12-24 13:54:40.472218]SIM[530] Auth. time use:334070.000000(us)
[2016-12-24 13:54:53.475895]SIM[530] Auth. time use:330745.000000(us)
[2016-12-24 13:55:06.645274]SIM[530] auth. ACK2 error. Tx_APDU[2]:6D 00 
[2016-12-24 13:55:19.487813]SIM[530] Auth. time use:329663.000000(us)
[2016-12-24 13:55:32.497139]SIM[530] Auth. time use:333986.000000(us)
[2016-12-24 13:55:45.507202]SIM[530] Auth. time use:337050.000000(us)
[2016-12-24 13:55:58.508384]SIM[530] Auth. time use:332232.000000(us)
[2016-12-24 13:56:11.520069]SIM[530] Auth. time use:336920.000000(us)
[2016-12-24 13:56:24.518211]SIM[530] Auth. time use:329057.000000(us)
[2016-12-24 13:56:37.536931]SIM[530] Auth. time use:339781.000000(us)
[2016-12-24 13:56:50.524667]SIM[530] Auth. time use:320514.000000(us)
[2016-12-24 13:57:03.546281]SIM[530] Auth. time use:337125.000000(us)
[2016-12-24 13:57:16.551413]SIM[530] Auth. time use:334262.000000(us)
[2016-12-24 13:57:29.701209]SIM[530] auth. ACK2 error. Tx_APDU[2]:6D 00 
[2016-12-24 13:57:42.572811]SIM[530] Auth. time use:340657.000000(us)
[2016-12-24 13:57:55.594290]SIM[530] Auth. time use:355137.000000(us)
[2016-12-24 13:58:08.572782]SIM[530] Auth. time use:326628.000000(us)
[2016-12-24 13:58:21.565821]SIM[530] Auth. time use:312668.000000(us)
[2016-12-24 13:58:34.601039]SIM[530] Auth. time use:339887.000000(us)
[2016-12-24 13:58:47.609466]SIM[530] Auth. time use:339313.000000(us)
[2016-12-24 13:59:00.621429]SIM[530] Auth. time use:344277.000000(us)
[2016-12-24 13:59:13.624852]SIM[530] Auth. time use:340695.000000(us)
[2016-12-24 13:59:26.638815]SIM[530] Auth. time use:348661.000000(us)
[2016-12-24 13:59:39.639101]SIM[530] Auth. time use:339939.000000(us)
[2016-12-24 13:59:52.639164]SIM[530] Auth. time use:335008.000000(us)
[2016-12-24 14:00:05.644944]SIM[530] Auth. time use:332785.000000(us)
[2016-12-24 14:00:18.658149]SIM[530] Auth. time use:336987.000000(us)
[2016-12-24 14:00:31.675823]SIM[530] Auth. time use:347654.000000(us)
[2016-12-24 14:00:44.686113]SIM[530] Auth. time use:348955.000000(us)
[2016-12-24 14:00:57.689520]SIM[530] Auth. time use:341369.000000(us)
[2016-12-24 14:01:10.688486]SIM[530] Auth. time use:333318.000000(us)
[2016-12-24 14:01:23.711489]SIM[530] Auth. time use:348333.000000(us)
[2016-12-24 14:01:36.702017]SIM[530] Auth. time use:332862.000000(us)
[2016-12-24 14:01:49.711885]SIM[530] Auth. time use:334732.000000(us)
[2016-12-24 14:02:02.721384]SIM[530] Auth. time use:338231.000000(us)
[2016-12-24 14:02:15.723366]SIM[530] Auth. time use:334211.000000(us)
[2016-12-24 14:02:28.729833]SIM[530] Auth. time use:332682.000000(us)
[2016-12-24 14:02:41.748910]SIM[530] Auth. time use:345758.000000(us)
[2016-12-24 14:02:54.736814]SIM[530] Auth. time use:327657.000000(us)
[2016-12-24 14:03:07.750090]SIM[530] Auth. time use:331941.000000(us)
[2016-12-24 14:03:20.883138]SIM[530] auth. ACK2 error. Tx_APDU[2]:6D 00 
[2016-12-24 14:03:33.772263]SIM[530] Auth. time use:341110.000000(us)
[2016-12-24 14:03:46.766125]SIM[530] Auth. time use:326973.000000(us)
[2016-12-24 14:03:59.773015]SIM[530] Auth. time use:326864.000000(us)
[2016-12-24 14:04:12.790292]SIM[530] Auth. time use:336139.000000(us)
[2016-12-24 14:04:25.800549]SIM[530] Auth. time use:338396.000000(us)
[2016-12-24 14:04:38.811210]SIM[530] Auth. time use:343059.000000(us)
[2016-12-24 14:04:51.794400]SIM[530] Auth. time use:321248.000000(us)
[2016-12-24 14:05:04.825605]SIM[530] Auth. time use:345455.000000(us)
[2016-12-24 14:05:17.809010]SIM[530] Auth. time use:320847.000000(us)
[2016-12-24 14:05:30.831736]SIM[530] Auth. time use:335584.000000(us)
[2016-12-24 14:05:43.836242]SIM[530] Auth. time use:335089.000000(us)
[2016-12-24 14:05:56.843166]SIM[530] Auth. time use:334013.000000(us)
[2016-12-24 14:06:09.858404]SIM[530] Auth. time use:342252.000000(us)
[2016-12-24 14:06:22.874598]SIM[530] Auth. time use:353443.000000(us)
[2016-12-24 14:06:35.868664]SIM[530] Auth. time use:340512.000000(us)
[2016-12-24 14:06:48.873989]SIM[530] Auth. time use:338837.000000(us)
[2016-12-24 14:07:01.866376]SIM[530] Auth. time use:323228.000000(us)
[2016-12-24 14:07:14.877002]SIM[530] Auth. time use:326850.000000(us)
[2016-12-24 14:07:27.916219]SIM[530] Auth. time use:358059.000000(us)
[2016-12-24 14:07:40.917801]SIM[530] Auth. time use:352632.000000(us)
[2016-12-24 14:07:53.917708]SIM[530] Auth. time use:343543.000000(us)
[2016-12-24 14:08:06.917912]SIM[530] Auth. time use:335755.000000(us)
[2016-12-24 14:08:19.917249]SIM[530] Auth. time use:327091.000000(us)
[2016-12-24 14:08:33. 71356]SIM[530] auth. ACK2 error. Tx_APDU[2]:6D 00 
[2016-12-24 14:08:45.938872]SIM[530] Auth. time use:333718.000000(us)
[2016-12-24 14:08:58.963529]SIM[530] Auth. time use:351378.000000(us)
[2016-12-24 14:09:11.948099]SIM[530] Auth. time use:328934.000000(us)
[2016-12-24 14:09:24.988271]SIM[530] Auth. time use:363117.000000(us)
[2016-12-24 14:09:37.958610]SIM[530] Auth. time use:324450.000000(us)
[2016-12-24 14:09:50.987994]SIM[530] Auth. time use:347833.000000(us)
[2016-12-24 14:10:04.   491]SIM[530] Auth. time use:353333.000000(us)
[2016-12-24 14:10:16.990257]SIM[530] Auth. time use:335041.000000(us)
[2016-12-24 14:10:29.988835]SIM[530] Auth. time use:327682.000000(us)
[2016-12-24 14:10:42.999819]SIM[530] Auth. time use:333667.000000(us)
[2016-12-24 14:10:56.  8205]SIM[530] Auth. time use:336052.000000(us)
[2016-12-24 14:11:09. 29925]SIM[530] Auth. time use:352774.000000(us)
[2016-12-24 14:11:22. 17982]SIM[530] Auth. time use:334831.000000(us)
[2016-12-24 14:11:35. 40309]SIM[530] Auth. time use:351154.000000(us)
[2016-12-24 14:11:48. 48189]SIM[530] Auth. time use:350036.000000(us)
[2016-12-24 14:12:01. 40745]SIM[530] Auth. time use:336591.000000(us)
[2016-12-24 14:12:14. 38761]SIM[530] Auth. time use:325609.000000(us)
[2016-12-24 14:12:27. 43270]SIM[530] Auth. time use:324121.000000(us)
[2016-12-24 14:12:40. 56792]SIM[530] Auth. time use:330640.000000(us)
[2016-12-24 14:12:53. 48251]SIM[530] Auth. time use:314097.000000(us)
[2016-12-24 14:13:06. 55803]SIM[530] Auth. time use:314651.000000(us)
[2016-12-24 14:13:19. 74660]SIM[530] Auth. time use:326506.000000(us)
[2016-12-24 14:13:32. 77199]SIM[530] Auth. time use:323042.000000(us)
[2016-12-24 14:13:45. 76932]SIM[530] Auth. time use:315784.000000(us)
[2016-12-24 14:13:58. 88126]SIM[530] Auth. time use:318972.000000(us)
[2016-12-24 14:14:11.101906]SIM[530] Auth. time use:325755.000000(us)
[2016-12-24 14:14:24.107049]SIM[530] Auth. time use:322895.000000(us)
[2016-12-24 14:14:37.123981]SIM[530] Auth. time use:331831.000000(us)
[2016-12-24 14:14:50.132640]SIM[530] Auth. time use:334489.000000(us)
[2016-12-24 14:15:03.146422]SIM[530] Auth. time use:340276.000000(us)
[2016-12-24 14:15:16.286341]SIM[530] auth. ACK2 error. Tx_APDU[2]:6D 00 
[2016-12-24 14:15:29.168579]SIM[530] Auth. time use:347420.000000(us)
[2016-12-24 14:15:42.165932]SIM[530] Auth. time use:334778.000000(us)
[2016-12-24 14:15:55.180198]SIM[530] Auth. time use:341039.000000(us)
[2016-12-24 14:16:08.189477]SIM[530] Auth. time use:342312.000000(us)
[2016-12-24 14:16:21.180847]SIM[530] Auth. time use:326693.000000(us)
[2016-12-24 14:16:34.210795]SIM[530] Auth. time use:348643.000000(us)
[2016-12-24 14:16:47.209228]SIM[530] Auth. time use:341072.000000(us)
[2016-12-24 14:17:00.190525]SIM[530] Auth. time use:315369.000000(us)
[2016-12-24 14:17:13.227965]SIM[530] Auth. time use:345810.000000(us)
[2016-12-24 14:17:26.224533]SIM[530] Auth. time use:335378.000000(us)
[2016-12-24 14:17:39.234054]SIM[530] Auth. time use:338898.000000(us)
[2016-12-24 14:17:56.684738]SIM[530] Auth. time use:4783579.000000(us)
[2016-12-24 14:18:05.247097]SIM[530] Auth. time use:336943.000000(us)
[2016-12-24 14:18:18.249763]SIM[530] Auth. time use:327607.000000(us)
[2016-12-24 14:18:31.266297]SIM[530] Auth. time use:336143.000000(us)
[2016-12-24 14:18:44.266585]SIM[530] Auth. time use:329430.000000(us)
[2016-12-24 14:18:57.267742]SIM[530] Auth. time use:322595.000000(us)
[2016-12-24 14:19:10.298540]SIM[530] Auth. time use:345392.000000(us)
[2016-12-24 14:19:23.293719]SIM[530] Auth. time use:332571.000000(us)
[2016-12-24 14:19:36.286081]SIM[530] Auth. time use:315928.000000(us)
[2016-12-24 14:19:49.306901]SIM[530] Auth. time use:330748.000000(us)
[2016-12-24 14:20:02.307563]SIM[530] Auth. time use:324408.000000(us)
[2016-12-24 14:20:15.329161]SIM[530] Auth. time use:340009.000000(us)
[2016-12-24 14:20:28.328182]SIM[530] Auth. time use:330030.000000(us)
[2016-12-24 14:20:41.329527]SIM[530] Auth. time use:325376.000000(us)
[2016-12-24 14:20:54.335629]SIM[530] Auth. time use:323474.000000(us)
[2016-12-24 14:21:07.350232]SIM[530] Auth. time use:330079.000000(us)
[2016-12-24 14:21:20.356008]SIM[530] Auth. time use:326855.000000(us)
[2016-12-24 14:21:33.365460]SIM[530] Auth. time use:329309.000000(us)
[2016-12-24 14:21:46.379013]SIM[530] Auth. time use:334858.000000(us)
[2016-12-24 14:21:59.399670]SIM[530] Auth. time use:349519.000000(us)
[2016-12-24 14:22:12.399230]SIM[530] Auth. time use:343081.000000(us)
[2016-12-24 14:22:25.399639]SIM[530] Auth. time use:336489.000000(us)
[2016-12-24 14:22:38.398574]SIM[530] Auth. time use:327425.000000(us)
[2016-12-24 14:22:51.409847]SIM[530] Auth. time use:331695.000000(us)
[2016-12-24 14:23:04.412820]SIM[530] Auth. time use:326666.000000(us)
[2016-12-24 14:23:17.440366]SIM[530] Auth. time use:346217.000000(us)
[2016-12-24 14:23:30.428713]SIM[530] Auth. time use:328562.000000(us)
[2016-12-24 14:23:43.446470]SIM[530] Auth. time use:339317.000000(us)
[2016-12-24 14:23:56.449761]SIM[530] Auth. time use:335601.000000(us)
[2016-12-24 14:24:09.483566]SIM[530] Auth. time use:363402.000000(us)
[2016-12-24 14:24:22.469860]SIM[530] Auth. time use:342703.000000(us)
[2016-12-24 14:24:35.458028]SIM[530] Auth. time use:324870.000000(us)
[2016-12-24 14:24:48.477678]SIM[530] Auth. time use:337523.000000(us)
[2016-12-24 14:25:01.469714]SIM[530] Auth. time use:320564.000000(us)
[2016-12-24 14:25:14.523039]SIM[530] Auth. time use:362887.000000(us)
[2016-12-24 14:25:27.510093]SIM[530] Auth. time use:342939.000000(us)
[2016-12-24 14:25:40.517465]SIM[530] Auth. time use:344317.000000(us)
[2016-12-24 14:25:53.519882]SIM[530] Auth. time use:339722.000000(us)
[2016-12-24 14:26:06.516803]SIM[530] Auth. time use:328646.000000(us)
[2016-12-24 14:26:19.527429]SIM[530] Auth. time use:333263.000000(us)
[2016-12-24 14:26:32.543973]SIM[530] Auth. time use:343813.000000(us)
[2016-12-24 14:26:45.542305]SIM[530] Auth. time use:335153.000000(us)
