[2016-12-24 13:39:16.919918]SIM[532] Auth. time use:310766.000000(us)
[2016-12-24 13:39:29.933456]SIM[532] Auth. time use:316301.000000(us)
[2016-12-24 13:39:42.940242]SIM[532] Auth. time use:316091.000000(us)
[2016-12-24 13:39:55.948784]SIM[532] Auth. time use:317634.000000(us)
[2016-12-24 13:40:08.953839]SIM[532] Auth. time use:313690.000000(us)
[2016-12-24 13:40:21.986671]SIM[532] Auth. time use:339512.000000(us)
[2016-12-24 13:40:34.986395]SIM[532] Auth. time use:332240.000000(us)
[2016-12-24 13:40:47.986036]SIM[532] Auth. time use:325886.000000(us)
[2016-12-24 13:41:01.  3160]SIM[532] Auth. time use:337006.000000(us)
[2016-12-24 13:41:14. 17193]SIM[532] Auth. time use:345042.000000(us)
[2016-12-24 13:41:26.994730]SIM[532] Auth. time use:314568.000000(us)
[2016-12-24 13:41:40. 17556]SIM[532] Auth. time use:332404.000000(us)
[2016-12-24 13:41:53.  8579]SIM[532] Auth. time use:315424.000000(us)
[2016-12-24 13:42:06. 16048]SIM[532] Auth. time use:314895.000000(us)
[2016-12-24 13:42:19. 30335]SIM[532] Auth. time use:322184.000000(us)
[2016-12-24 13:42:32. 33301]SIM[532] Auth. time use:317148.000000(us)
[2016-12-24 13:42:45. 60089]SIM[532] Auth. time use:335934.000000(us)
[2016-12-24 13:42:58. 39518]SIM[532] Auth. time use:310363.000000(us)
[2016-12-24 13:43:11. 54132]SIM[532] Auth. time use:317977.000000(us)
[2016-12-24 13:43:24. 56357]SIM[532] Auth. time use:311199.000000(us)
[2016-12-24 13:43:37. 76335]SIM[532] Auth. time use:324160.000000(us)
[2016-12-24 13:43:50. 76676]SIM[532] Auth. time use:318518.000000(us)
[2016-12-24 13:44:03. 85902]SIM[532] Auth. time use:321741.000000(us)
[2016-12-24 13:44:16. 81562]SIM[532] Auth. time use:310407.000000(us)
[2016-12-24 13:44:29. 95778]SIM[532] Auth. time use:316608.000000(us)
[2016-12-24 13:44:42.143997]SIM[532] Auth. time use:358838.000000(us)
[2016-12-24 13:44:55.123508]SIM[532] Auth. time use:330352.000000(us)
[2016-12-24 13:45:08.120812]SIM[532] Auth. time use:320501.000000(us)
[2016-12-24 13:45:21.121302]SIM[532] Auth. time use:312145.000000(us)
[2016-12-24 13:45:34.150682]SIM[532] Auth. time use:334527.000000(us)
[2016-12-24 13:45:47.156473]SIM[532] Auth. time use:331319.000000(us)
[2016-12-24 13:46:00.155816]SIM[532] Auth. time use:322646.000000(us)
[2016-12-24 13:46:13.167367]SIM[532] Auth. time use:326213.000000(us)
[2016-12-24 13:46:26.163744]SIM[532] Auth. time use:315592.000000(us)
[2016-12-24 13:46:39.169769]SIM[532] Auth. time use:313619.000000(us)
[2016-12-24 13:46:52.175619]SIM[532] Auth. time use:313465.000000(us)
[2016-12-24 13:47:05.179852]SIM[532] Auth. time use:310697.000000(us)
[2016-12-24 13:47:18.193212]SIM[532] Auth. time use:318058.000000(us)
[2016-12-24 13:47:31.204288]SIM[532] Auth. time use:322135.000000(us)
[2016-12-24 13:47:44.204733]SIM[532] Auth. time use:314579.000000(us)
[2016-12-24 13:47:57.216775]SIM[532] Auth. time use:320623.000000(us)
[2016-12-24 13:48:10.223469]SIM[532] Auth. time use:320316.000000(us)
[2016-12-24 13:48:23.223271]SIM[532] Auth. time use:313114.000000(us)
[2016-12-24 13:48:36.246384]SIM[532] Auth. time use:328227.000000(us)
[2016-12-24 13:48:49.244062]SIM[532] Auth. time use:318886.000000(us)
[2016-12-24 13:49:02.266738]SIM[532] Auth. time use:334583.000000(us)
[2016-12-24 13:49:15.259653]SIM[532] Auth. time use:317499.000000(us)
[2016-12-24 13:49:28.287140]SIM[532] Auth. time use:336984.000000(us)
[2016-12-24 13:49:41.280957]SIM[532] Auth. time use:322805.000000(us)
[2016-12-24 13:49:54.306357]SIM[532] Auth. time use:341192.000000(us)
[2016-12-24 13:50:07.299416]SIM[532] Auth. time use:325259.000000(us)
[2016-12-24 13:50:20.318053]SIM[532] Auth. time use:334900.000000(us)
[2016-12-24 13:50:33.311369]SIM[532] Auth. time use:322213.000000(us)
[2016-12-24 13:50:46.324728]SIM[532] Auth. time use:327575.000000(us)
[2016-12-24 13:50:59.314440]SIM[532] Auth. time use:308288.000000(us)
[2016-12-24 13:51:12.358526]SIM[532] Auth. time use:345370.000000(us)
[2016-12-24 13:51:25.344889]SIM[532] Auth. time use:323738.000000(us)
[2016-12-24 13:51:38.357163]SIM[532] Auth. time use:327007.000000(us)
[2016-12-24 13:51:51.354184]SIM[532] Auth. time use:316028.000000(us)
[2016-12-24 13:52:04.374631]SIM[532] Auth. time use:329477.000000(us)
[2016-12-24 13:52:17.370149]SIM[532] Auth. time use:313991.000000(us)
[2016-12-24 13:52:30.386638]SIM[532] Auth. time use:323478.000000(us)
[2016-12-24 13:52:43.388037]SIM[532] Auth. time use:316886.000000(us)
[2016-12-24 13:52:56.399562]SIM[532] Auth. time use:320405.000000(us)
[2016-12-24 13:53:09.398205]SIM[532] Auth. time use:312049.000000(us)
[2016-12-24 13:53:22.412806]SIM[532] Auth. time use:320646.000000(us)
[2016-12-24 13:53:35.450450]SIM[532] Auth. time use:350292.000000(us)
[2016-12-24 13:53:48.421538]SIM[532] Auth. time use:314367.000000(us)
[2016-12-24 13:54:01.433175]SIM[532] Auth. time use:318018.000000(us)
[2016-12-24 13:54:14.430594]SIM[532] Auth. time use:307442.000000(us)
[2016-12-24 13:54:27.467840]SIM[532] Auth. time use:336687.000000(us)
[2016-12-24 13:54:40.458216]SIM[532] Auth. time use:320066.000000(us)
[2016-12-24 13:54:53.476349]SIM[532] Auth. time use:331198.000000(us)
[2016-12-24 13:55:06.489421]SIM[532] Auth. time use:337271.000000(us)
[2016-12-24 13:55:19.488183]SIM[532] Auth. time use:330030.000000(us)
[2016-12-24 13:55:32.482617]SIM[532] Auth. time use:319461.000000(us)
[2016-12-24 13:55:45.492928]SIM[532] Auth. time use:322774.000000(us)
[2016-12-24 13:55:58.494039]SIM[532] Auth. time use:317884.000000(us)
[2016-12-24 13:56:11.505549]SIM[532] Auth. time use:322396.000000(us)
[2016-12-24 13:56:24.503662]SIM[532] Auth. time use:314505.000000(us)
[2016-12-24 13:56:37.522310]SIM[532] Auth. time use:325158.000000(us)
[2016-12-24 13:56:50.525112]SIM[532] Auth. time use:320952.000000(us)
[2016-12-24 13:57:03.546686]SIM[532] Auth. time use:337529.000000(us)
[2016-12-24 13:57:16.551832]SIM[532] Auth. time use:334679.000000(us)
[2016-12-24 13:57:29.557997]SIM[532] Auth. time use:332842.000000(us)
[2016-12-24 13:57:42.544919]SIM[532] Auth. time use:312762.000000(us)
[2016-12-24 13:57:55.579728]SIM[532] Auth. time use:340575.000000(us)
[2016-12-24 13:58:08.603179]SIM[532] Auth. time use:357024.000000(us)
[2016-12-24 13:58:21.566281]SIM[532] Auth. time use:313126.000000(us)
[2016-12-24 13:58:34.586348]SIM[532] Auth. time use:325192.000000(us)
[2016-12-24 13:58:47.609808]SIM[532] Auth. time use:339654.000000(us)
[2016-12-24 13:59:00.621827]SIM[532] Auth. time use:344673.000000(us)
[2016-12-24 13:59:13.625286]SIM[532] Auth. time use:341129.000000(us)
[2016-12-24 13:59:26.653756]SIM[532] Auth. time use:363600.000000(us)
[2016-12-24 13:59:39.624758]SIM[532] Auth. time use:325593.000000(us)
[2016-12-24 13:59:52.624960]SIM[532] Auth. time use:320803.000000(us)
[2016-12-24 14:00:05.631138]SIM[532] Auth. time use:318977.000000(us)
[2016-12-24 14:00:18.658510]SIM[532] Auth. time use:337347.000000(us)
[2016-12-24 14:00:31.676237]SIM[532] Auth. time use:348067.000000(us)
[2016-12-24 14:00:44.656722]SIM[532] Auth. time use:319568.000000(us)
[2016-12-24 14:00:57.675333]SIM[532] Auth. time use:327181.000000(us)
[2016-12-24 14:01:10.673911]SIM[532] Auth. time use:318740.000000(us)
[2016-12-24 14:01:23.697110]SIM[532] Auth. time use:333946.000000(us)
[2016-12-24 14:01:49.476261]SIM[532] auth. ACK2 length error. Tx_APDU[1]:88 
[2016-12-24 14:02:02.693214]SIM[532] Auth. time use:310059.000000(us)
[2016-12-24 14:02:15.723773]SIM[532] Auth. time use:334616.000000(us)
[2016-12-24 14:02:28.715224]SIM[532] Auth. time use:318070.000000(us)
[2016-12-24 14:02:41.734244]SIM[532] Auth. time use:331091.000000(us)
[2016-12-24 14:02:54.737187]SIM[532] Auth. time use:328028.000000(us)
[2016-12-24 14:03:07.750403]SIM[532] Auth. time use:332253.000000(us)
[2016-12-24 14:03:20.754046]SIM[532] Auth. time use:328893.000000(us)
[2016-12-24 14:03:33.757617]SIM[532] Auth. time use:326464.000000(us)
[2016-12-24 14:03:46.780914]SIM[532] Auth. time use:341762.000000(us)
[2016-12-24 14:03:59.803305]SIM[532] Auth. time use:357152.000000(us)
[2016-12-24 14:04:12.790706]SIM[532] Auth. time use:336537.000000(us)
[2016-12-24 14:04:25.800944]SIM[532] Auth. time use:338789.000000(us)
[2016-12-24 14:04:38.811583]SIM[532] Auth. time use:343430.000000(us)
[2016-12-24 14:04:51.794852]SIM[532] Auth. time use:321697.000000(us)
[2016-12-24 14:05:04.796100]SIM[532] Auth. time use:315948.000000(us)
[2016-12-24 14:05:17.824448]SIM[532] Auth. time use:336283.000000(us)
[2016-12-24 14:05:30.817155]SIM[532] Auth. time use:320999.000000(us)
[2016-12-24 14:05:43.822263]SIM[532] Auth. time use:321108.000000(us)
[2016-12-24 14:05:56.843623]SIM[532] Auth. time use:334471.000000(us)
[2016-12-24 14:06:09.829943]SIM[532] Auth. time use:313790.000000(us)
[2016-12-24 14:06:22.859910]SIM[532] Auth. time use:338755.000000(us)
[2016-12-24 14:06:35.869077]SIM[532] Auth. time use:340924.000000(us)
[2016-12-24 14:06:48.874407]SIM[532] Auth. time use:339252.000000(us)
[2016-12-24 14:07:01.881813]SIM[532] Auth. time use:338663.000000(us)
[2016-12-24 14:07:14.877449]SIM[532] Auth. time use:327294.000000(us)
[2016-12-24 14:07:27.886698]SIM[532] Auth. time use:328537.000000(us)
[2016-12-24 14:07:40.890204]SIM[532] Auth. time use:325033.000000(us)
[2016-12-24 14:07:53.903264]SIM[532] Auth. time use:329098.000000(us)
[2016-12-24 14:08:06.903782]SIM[532] Auth. time use:321624.000000(us)
[2016-12-24 14:08:19.902925]SIM[532] Auth. time use:312766.000000(us)
[2016-12-24 14:08:32.971865]SIM[532] Auth. time use:374707.000000(us)
[2016-12-24 14:08:45.953508]SIM[532] Auth. time use:348350.000000(us)
[2016-12-24 14:08:58.929266]SIM[532] Auth. time use:317112.000000(us)
[2016-12-24 14:09:11.948976]SIM[532] Auth. time use:329822.000000(us)
[2016-12-24 14:09:24.954717]SIM[532] Auth. time use:329560.000000(us)
[2016-12-24 14:09:37.959012]SIM[532] Auth. time use:324850.000000(us)
[2016-12-24 14:09:50.988396]SIM[532] Auth. time use:348233.000000(us)
[2016-12-24 14:10:04.   838]SIM[532] Auth. time use:353679.000000(us)
[2016-12-24 14:10:16.975795]SIM[532] Auth. time use:320578.000000(us)
[2016-12-24 14:10:29.989269]SIM[532] Auth. time use:328115.000000(us)
[2016-12-24 14:10:43.   244]SIM[532] Auth. time use:334091.000000(us)
[2016-12-24 14:10:55.994450]SIM[532] Auth. time use:322297.000000(us)
[2016-12-24 14:11:09.   979]SIM[532] Auth. time use:323826.000000(us)
[2016-12-24 14:11:22.  3605]SIM[532] Auth. time use:320454.000000(us)
[2016-12-24 14:11:35. 11263]SIM[532] Auth. time use:322108.000000(us)
[2016-12-24 14:11:48. 18957]SIM[532] Auth. time use:320801.000000(us)
[2016-12-24 14:12:01. 26503]SIM[532] Auth. time use:322347.000000(us)
[2016-12-24 14:12:14. 24276]SIM[532] Auth. time use:311123.000000(us)
[2016-12-24 14:12:27. 43723]SIM[532] Auth. time use:324574.000000(us)
[2016-12-24 14:12:40. 42881]SIM[532] Auth. time use:316727.000000(us)
[2016-12-24 14:12:53. 48712]SIM[532] Auth. time use:314556.000000(us)
[2016-12-24 14:13:06. 70901]SIM[532] Auth. time use:329747.000000(us)
[2016-12-24 14:13:19. 60259]SIM[532] Auth. time use:312107.000000(us)
[2016-12-24 14:13:32. 77610]SIM[532] Auth. time use:323453.000000(us)
[2016-12-24 14:13:45. 77379]SIM[532] Auth. time use:316229.000000(us)
[2016-12-24 14:13:58.103584]SIM[532] Auth. time use:334430.000000(us)
[2016-12-24 14:14:11.102346]SIM[532] Auth. time use:326194.000000(us)
[2016-12-24 14:14:24.107510]SIM[532] Auth. time use:323357.000000(us)
[2016-12-24 14:14:37.124329]SIM[532] Auth. time use:332176.000000(us)
[2016-12-24 14:14:50.132981]SIM[532] Auth. time use:334828.000000(us)
[2016-12-24 14:15:03.132567]SIM[532] Auth. time use:326418.000000(us)
[2016-12-24 14:15:16.143426]SIM[532] Auth. time use:331269.000000(us)
[2016-12-24 14:15:29.153867]SIM[532] Auth. time use:332706.000000(us)
[2016-12-24 14:15:42.151421]SIM[532] Auth. time use:320266.000000(us)
[2016-12-24 14:15:55.166277]SIM[532] Auth. time use:327116.000000(us)
[2016-12-24 14:16:08.174924]SIM[532] Auth. time use:327758.000000(us)
[2016-12-24 14:16:21.196113]SIM[532] Auth. time use:341951.000000(us)
[2016-12-24 14:16:34.196184]SIM[532] Auth. time use:334031.000000(us)
[2016-12-24 14:16:47.188124]SIM[532] Auth. time use:319967.000000(us)
[2016-12-24 14:17:00.176318]SIM[532] Auth. time use:301162.000000(us)
[2016-12-24 14:17:13.213674]SIM[532] Auth. time use:331519.000000(us)
[2016-12-24 14:17:26.210360]SIM[532] Auth. time use:321203.000000(us)
[2016-12-24 14:17:39.219600]SIM[532] Auth. time use:324444.000000(us)
[2016-12-24 14:17:52.223643]SIM[532] Auth. time use:322486.000000(us)
[2016-12-24 14:18:05.247428]SIM[532] Auth. time use:337271.000000(us)
[2016-12-24 14:18:18.235550]SIM[532] Auth. time use:313393.000000(us)
[2016-12-24 14:18:31.266649]SIM[532] Auth. time use:336493.000000(us)
[2016-12-24 14:18:44.252297]SIM[532] Auth. time use:315142.000000(us)
[2016-12-24 14:18:57.253512]SIM[532] Auth. time use:308362.000000(us)
[2016-12-24 14:19:10.269446]SIM[532] Auth. time use:316296.000000(us)
[2016-12-24 14:19:23.279257]SIM[532] Auth. time use:318107.000000(us)
[2016-12-24 14:19:36.286541]SIM[532] Auth. time use:316388.000000(us)
[2016-12-24 14:19:49.292644]SIM[532] Auth. time use:316489.000000(us)
[2016-12-24 14:20:02.293271]SIM[532] Auth. time use:310114.000000(us)
[2016-12-24 14:20:15.299834]SIM[532] Auth. time use:310680.000000(us)
[2016-12-24 14:20:28.313614]SIM[532] Auth. time use:315460.000000(us)
[2016-12-24 14:20:41.315312]SIM[532] Auth. time use:311158.000000(us)
[2016-12-24 14:20:54.336086]SIM[532] Auth. time use:323931.000000(us)
[2016-12-24 14:21:07.335901]SIM[532] Auth. time use:315744.000000(us)
[2016-12-24 14:21:20.341822]SIM[532] Auth. time use:312668.000000(us)
[2016-12-24 14:21:33.350939]SIM[532] Auth. time use:314785.000000(us)
[2016-12-24 14:21:46.364725]SIM[532] Auth. time use:320569.000000(us)
[2016-12-24 14:21:59.370928]SIM[532] Auth. time use:320777.000000(us)
[2016-12-24 14:22:12.370443]SIM[532] Auth. time use:314292.000000(us)
[2016-12-24 14:22:25.385672]SIM[532] Auth. time use:322521.000000(us)
[2016-12-24 14:22:38.384358]SIM[532] Auth. time use:313209.000000(us)
[2016-12-24 14:22:51.395601]SIM[532] Auth. time use:317446.000000(us)
[2016-12-24 14:23:04.398500]SIM[532] Auth. time use:312346.000000(us)
[2016-12-24 14:23:17.411213]SIM[532] Auth. time use:317061.000000(us)
[2016-12-24 14:23:30.414393]SIM[532] Auth. time use:314240.000000(us)
[2016-12-24 14:23:43.417938]SIM[532] Auth. time use:310784.000000(us)
[2016-12-24 14:23:56.450191]SIM[532] Auth. time use:336029.000000(us)
[2016-12-24 14:24:09.438396]SIM[532] Auth. time use:318231.000000(us)
[2016-12-24 14:24:22.470600]SIM[532] Auth. time use:343443.000000(us)
[2016-12-24 14:24:35.443643]SIM[532] Auth. time use:310482.000000(us)
[2016-12-24 14:24:48.448721]SIM[532] Auth. time use:308564.000000(us)
[2016-12-24 14:25:01.470173]SIM[532] Auth. time use:321021.000000(us)
[2016-12-24 14:25:14.490553]SIM[532] Auth. time use:330400.000000(us)
[2016-12-24 14:25:27.471160]SIM[532] Auth. time use:304004.000000(us)
[2016-12-24 14:25:40.488165]SIM[532] Auth. time use:315014.000000(us)
[2016-12-24 14:25:53.490462]SIM[532] Auth. time use:310298.000000(us)
[2016-12-24 14:26:06.531930]SIM[532] Auth. time use:343772.000000(us)
[2016-12-24 14:26:19.513208]SIM[532] Auth. time use:319041.000000(us)
[2016-12-24 14:26:32.529508]SIM[532] Auth. time use:329347.000000(us)
[2016-12-24 14:26:45.542717]SIM[532] Auth. time use:335564.000000(us)
