[2016-12-24 13:39:16.918746]SIM[ 15] Auth. time use:309598.000000(us)
[2016-12-24 13:39:29.923322]SIM[ 15] Auth. time use:306170.000000(us)
[2016-12-24 13:39:42.933184]SIM[ 15] Auth. time use:309038.000000(us)
[2016-12-24 13:39:55.928400]SIM[ 15] Auth. time use:297255.000000(us)
[2016-12-24 13:40:08.938185]SIM[ 15] Auth. time use:298038.000000(us)
[2016-12-24 13:40:21.990096]SIM[ 15] Auth. time use:342941.000000(us)
[2016-12-24 13:40:34.956899]SIM[ 15] Auth. time use:302748.000000(us)
[2016-12-24 13:40:52.764232]SIM[15] auth. ACK2 length error. Tx_APDU[1]:00 
[2016-12-24 13:41:05.770987]SIM[15] auth. ACK2 length error. Tx_APDU[1]:00 
[2016-12-24 13:41:13.983823]SIM[ 15] Auth. time use:311677.000000(us)
[2016-12-24 13:41:31.775605]SIM[15] auth. ACK2 length error. Tx_APDU[1]:00 
[2016-12-24 13:41:39.977427]SIM[ 15] Auth. time use:292279.000000(us)
[2016-12-24 13:41:53. 13516]SIM[ 15] Auth. time use:320366.000000(us)
[2016-12-24 13:42:06. 35311]SIM[ 15] Auth. time use:334164.000000(us)
[2016-12-24 13:42:19. 46694]SIM[ 15] Auth. time use:338547.000000(us)
[2016-12-24 13:42:32. 22670]SIM[ 15] Auth. time use:306523.000000(us)
[2016-12-24 13:42:45. 27733]SIM[ 15] Auth. time use:303584.000000(us)
[2016-12-24 13:42:58. 23154]SIM[ 15] Auth. time use:294004.000000(us)
[2016-12-24 13:43:11. 46705]SIM[ 15] Auth. time use:310558.000000(us)
[2016-12-24 13:43:24. 52034]SIM[ 15] Auth. time use:306881.000000(us)
[2016-12-24 13:43:37. 74916]SIM[ 15] Auth. time use:322747.000000(us)
[2016-12-24 13:43:50. 59292]SIM[ 15] Auth. time use:301141.000000(us)
[2016-12-24 13:44:03. 68866]SIM[ 15] Auth. time use:304712.000000(us)
[2016-12-24 13:44:16. 83367]SIM[ 15] Auth. time use:312218.000000(us)
[2016-12-24 13:44:29. 86703]SIM[ 15] Auth. time use:307540.000000(us)
[2016-12-24 13:44:42.107180]SIM[ 15] Auth. time use:322026.000000(us)
[2016-12-24 13:44:55.121605]SIM[ 15] Auth. time use:328454.000000(us)
[2016-12-24 13:45:08.133999]SIM[ 15] Auth. time use:333693.000000(us)
[2016-12-24 13:45:21.162137]SIM[ 15] Auth. time use:352987.000000(us)
[2016-12-24 13:45:34.142449]SIM[ 15] Auth. time use:326298.000000(us)
[2016-12-24 13:45:47.143205]SIM[ 15] Auth. time use:318055.000000(us)
[2016-12-24 13:46:00.169546]SIM[ 15] Auth. time use:336383.000000(us)
[2016-12-24 13:46:13.140446]SIM[ 15] Auth. time use:299298.000000(us)
[2016-12-24 13:46:26.178632]SIM[ 15] Auth. time use:330487.000000(us)
[2016-12-24 13:46:39.162591]SIM[ 15] Auth. time use:306448.000000(us)
[2016-12-24 13:46:52.169338]SIM[ 15] Auth. time use:307189.000000(us)
[2016-12-24 13:47:05.172836]SIM[ 15] Auth. time use:303684.000000(us)
[2016-12-24 13:47:18.221470]SIM[ 15] Auth. time use:346321.000000(us)
[2016-12-24 13:47:31.192040]SIM[ 15] Auth. time use:309893.000000(us)
[2016-12-24 13:47:44.187399]SIM[ 15] Auth. time use:297250.000000(us)
[2016-12-24 13:47:57.202111]SIM[ 15] Auth. time use:305958.000000(us)
[2016-12-24 13:48:10.227036]SIM[ 15] Auth. time use:323886.000000(us)
[2016-12-24 13:48:23.247141]SIM[ 15] Auth. time use:336991.000000(us)
[2016-12-24 13:48:41. 23493]SIM[15] auth. ACK2 length error. Tx_APDU[1]:00 
[2016-12-24 13:48:49.248427]SIM[ 15] Auth. time use:323276.000000(us)
[2016-12-24 13:49:02.232620]SIM[ 15] Auth. time use:300469.000000(us)
[2016-12-24 13:49:15.250864]SIM[ 15] Auth. time use:308716.000000(us)
[2016-12-24 13:49:33. 52826]SIM[15] auth. ACK2 length error. Tx_APDU[1]:00 
[2016-12-24 13:49:46. 46860]SIM[15] auth. ACK2 length error. Tx_APDU[1]:00 
[2016-12-24 13:49:59. 64250]SIM[15] auth. ACK2 length error. Tx_APDU[1]:00 
[2016-12-24 13:50:07.281376]SIM[ 15] Auth. time use:307225.000000(us)
[2016-12-24 13:50:25. 77842]SIM[15] auth. ACK2 length error. Tx_APDU[1]:00 
[2016-12-24 13:50:33.295908]SIM[ 15] Auth. time use:306758.000000(us)
[2016-12-24 13:50:46.303554]SIM[ 15] Auth. time use:306408.000000(us)
[2016-12-24 13:50:59.307086]SIM[ 15] Auth. time use:300939.000000(us)
[2016-12-24 13:51:12.336756]SIM[ 15] Auth. time use:323605.000000(us)
[2016-12-24 13:51:25.334700]SIM[ 15] Auth. time use:313553.000000(us)
[2016-12-24 13:51:38.340546]SIM[ 15] Auth. time use:310396.000000(us)
[2016-12-24 13:51:51.359621]SIM[ 15] Auth. time use:321473.000000(us)
[2016-12-24 13:52:04.365495]SIM[ 15] Auth. time use:320347.000000(us)
[2016-12-24 13:52:17.360629]SIM[ 15] Auth. time use:304477.000000(us)
[2016-12-24 13:52:30.365018]SIM[ 15] Auth. time use:301865.000000(us)
[2016-12-24 13:52:43.384605]SIM[ 15] Auth. time use:313458.000000(us)
[2016-12-24 13:52:56.386366]SIM[ 15] Auth. time use:307213.000000(us)
[2016-12-24 13:53:09.435380]SIM[ 15] Auth. time use:349231.000000(us)
[2016-12-24 13:53:22.417969]SIM[ 15] Auth. time use:325816.000000(us)
[2016-12-24 13:53:35.417086]SIM[ 15] Auth. time use:316933.000000(us)
[2016-12-24 13:53:48.433761]SIM[ 15] Auth. time use:326597.000000(us)
[2016-12-24 13:54:01.424656]SIM[ 15] Auth. time use:309505.000000(us)
[2016-12-24 13:54:14.416769]SIM[ 15] Auth. time use:293624.000000(us)
[2016-12-24 13:54:32.227058]SIM[15] auth. ACK2 length error. Tx_APDU[1]:00 
[2016-12-24 13:54:40.464328]SIM[ 15] Auth. time use:326184.000000(us)
[2016-12-24 13:54:58.226288]SIM[15] auth. ACK2 length error. Tx_APDU[1]:00 
[2016-12-24 13:55:11.248571]SIM[15] auth. ACK2 length error. Tx_APDU[1]:00 
[2016-12-24 13:55:19.492637]SIM[ 15] Auth. time use:334490.000000(us)
[2016-12-24 13:55:37.264876]SIM[15] auth. ACK2 length error. Tx_APDU[1]:00 
[2016-12-24 13:55:50.275410]SIM[15] auth. ACK2 length error. Tx_APDU[1]:00 
[2016-12-24 13:55:58.475238]SIM[ 15] Auth. time use:299090.000000(us)
[2016-12-24 13:56:11.495025]SIM[ 15] Auth. time use:311881.000000(us)
[2016-12-24 13:56:24.493869]SIM[ 15] Auth. time use:304718.000000(us)
[2016-12-24 13:56:37.499080]SIM[ 15] Auth. time use:301931.000000(us)
[2016-12-24 13:56:50.504370]SIM[ 15] Auth. time use:300220.000000(us)
[2016-12-24 13:57:08.289540]SIM[15] auth. ACK2 length error. Tx_APDU[1]:00 
[2016-12-24 13:57:21.319638]SIM[15] auth. ACK2 length error. Tx_APDU[1]:00 
[2016-12-24 13:57:34.316663]SIM[15] auth. ACK2 length error. Tx_APDU[1]:00 
[2016-12-24 13:57:47.329506]SIM[15] auth. ACK2 length error. Tx_APDU[1]:00 
[2016-12-24 13:58:00.327621]SIM[15] auth. ACK2 length error. Tx_APDU[1]:00 
[2016-12-24 13:58:08.561508]SIM[ 15] Auth. time use:315359.000000(us)
[2016-12-24 13:58:26.339869]SIM[15] auth. ACK2 length error. Tx_APDU[1]:00 
[2016-12-24 13:58:34.573168]SIM[ 15] Auth. time use:312020.000000(us)
[2016-12-24 13:58:52.352943]SIM[15] auth. ACK2 length error. Tx_APDU[1]:00 
[2016-12-24 13:59:00.591314]SIM[ 15] Auth. time use:314165.000000(us)
[2016-12-24 13:59:13.616224]SIM[ 15] Auth. time use:332073.000000(us)
[2016-12-24 13:59:26.608019]SIM[ 15] Auth. time use:317867.000000(us)
[2016-12-24 13:59:39.626105]SIM[ 15] Auth. time use:326946.000000(us)
[2016-12-24 13:59:52.622799]SIM[ 15] Auth. time use:318647.000000(us)
[2016-12-24 14:00:05.637316]SIM[ 15] Auth. time use:325161.000000(us)
[2016-12-24 14:00:18.639886]SIM[ 15] Auth. time use:318729.000000(us)
[2016-12-24 14:00:31.660270]SIM[ 15] Auth. time use:332105.000000(us)
[2016-12-24 14:00:44.639549]SIM[ 15] Auth. time use:302401.000000(us)
[2016-12-24 14:01:02.450053]SIM[15] auth. ACK2 length error. Tx_APDU[1]:00 
[2016-12-24 14:01:15.449395]SIM[15] auth. ACK2 length error. Tx_APDU[1]:00 
[2016-12-24 14:01:23.697787]SIM[ 15] Auth. time use:334637.000000(us)
[2016-12-24 14:01:36.695367]SIM[ 15] Auth. time use:326215.000000(us)
[2016-12-24 14:01:49.684711]SIM[ 15] Auth. time use:307562.000000(us)
[2016-12-24 14:02:02.693686]SIM[ 15] Auth. time use:310537.000000(us)
[2016-12-24 14:02:15.705773]SIM[ 15] Auth. time use:316622.000000(us)
[2016-12-24 14:02:33.500291]SIM[15] auth. ACK2 length error. Tx_APDU[1]:00 
[2016-12-24 14:02:46.508842]SIM[15] auth. ACK2 length error. Tx_APDU[1]:00 
[2016-12-24 14:02:59.490473]SIM[15] auth. ACK2 length error. Tx_APDU[1]:00 
[2016-12-24 14:03:12.512982]SIM[15] auth. ACK2 length error. Tx_APDU[1]:00 
[2016-12-24 14:03:25.510119]SIM[15] auth. ACK2 length error. Tx_APDU[1]:00 
[2016-12-24 14:03:38.528503]SIM[15] auth. ACK2 length error. Tx_APDU[1]:00 
[2016-12-24 14:03:51.531424]SIM[15] auth. ACK2 length error. Tx_APDU[1]:00 
[2016-12-24 14:04:04.529279]SIM[15] auth. ACK2 length error. Tx_APDU[1]:00 
[2016-12-24 14:04:17.548845]SIM[15] auth. ACK2 length error. Tx_APDU[1]:00 
[2016-12-24 14:04:30.568641]SIM[15] auth. ACK2 length error. Tx_APDU[1]:00 
[2016-12-24 14:04:38.775956]SIM[ 15] Auth. time use:307810.000000(us)
[2016-12-24 14:04:56.569075]SIM[15] auth. ACK2 length error. Tx_APDU[1]:00 
[2016-12-24 14:05:09.570991]SIM[15] auth. ACK2 length error. Tx_APDU[1]:00 
[2016-12-24 14:05:17.800885]SIM[ 15] Auth. time use:312727.000000(us)
[2016-12-24 14:05:35.599146]SIM[15] auth. ACK2 length error. Tx_APDU[1]:00 
[2016-12-24 14:05:43.827548]SIM[ 15] Auth. time use:326399.000000(us)
[2016-12-24 14:05:56.814196]SIM[ 15] Auth. time use:305049.000000(us)
[2016-12-24 14:06:09.814309]SIM[ 15] Auth. time use:298158.000000(us)
[2016-12-24 14:06:27.624135]SIM[15] auth. ACK2 length error. Tx_APDU[1]:00 
[2016-12-24 14:06:35.838718]SIM[ 15] Auth. time use:310569.000000(us)
[2016-12-24 14:06:53.632607]SIM[15] auth. ACK2 length error. Tx_APDU[1]:00 
[2016-12-24 14:07:06.622216]SIM[15] auth. ACK2 length error. Tx_APDU[1]:00 
[2016-12-24 14:07:19.652372]SIM[15] auth. ACK2 length error. Tx_APDU[1]:00 
[2016-12-24 14:07:27.868340]SIM[ 15] Auth. time use:310185.000000(us)
[2016-12-24 14:07:40.892193]SIM[ 15] Auth. time use:327027.000000(us)
[2016-12-24 14:07:53.899881]SIM[ 15] Auth. time use:325721.000000(us)
[2016-12-24 14:08:06.887842]SIM[ 15] Auth. time use:305690.000000(us)
[2016-12-24 14:08:19.917772]SIM[ 15] Auth. time use:327620.000000(us)
[2016-12-24 14:08:37.683647]SIM[15] auth. ACK2 length error. Tx_APDU[1]:00 
[2016-12-24 14:08:50.711508]SIM[15] auth. ACK2 length error. Tx_APDU[1]:00 
[2016-12-24 14:08:58.921434]SIM[ 15] Auth. time use:309285.000000(us)
[2016-12-24 14:09:16.713004]SIM[15] auth. ACK2 length error. Tx_APDU[1]:00 
[2016-12-24 14:09:29.732323]SIM[15] auth. ACK2 length error. Tx_APDU[1]:00 
[2016-12-24 14:09:37.937395]SIM[ 15] Auth. time use:303239.000000(us)
[2016-12-24 14:09:55.750615]SIM[15] auth. ACK2 length error. Tx_APDU[1]:00 
[2016-12-24 14:10:03.958112]SIM[ 15] Auth. time use:310951.000000(us)
[2016-12-24 14:10:16.977584]SIM[ 15] Auth. time use:322373.000000(us)
[2016-12-24 14:10:29.967184]SIM[ 15] Auth. time use:306036.000000(us)
[2016-12-24 14:10:42.979193]SIM[ 15] Auth. time use:313045.000000(us)
[2016-12-24 14:10:55.970569]SIM[ 15] Auth. time use:298420.000000(us)
[2016-12-24 14:11:09.  4863]SIM[ 15] Auth. time use:327715.000000(us)
[2016-12-24 14:11:21.986698]SIM[ 15] Auth. time use:303550.000000(us)
[2016-12-24 14:11:35. 24815]SIM[ 15] Auth. time use:335664.000000(us)
[2016-12-24 14:11:48. 49157]SIM[ 15] Auth. time use:351007.000000(us)
[2016-12-24 14:12:01.  7964]SIM[ 15] Auth. time use:303814.000000(us)
[2016-12-24 14:12:14. 16585]SIM[ 15] Auth. time use:303438.000000(us)
[2016-12-24 14:12:27. 15522]SIM[ 15] Auth. time use:296376.000000(us)
[2016-12-24 14:12:44.817396]SIM[15] auth. ACK2 length error. Tx_APDU[1]:00 
[2016-12-24 14:12:53. 38645]SIM[ 15] Auth. time use:304495.000000(us)
[2016-12-24 14:13:10.846025]SIM[15] auth. ACK2 length error. Tx_APDU[1]:00 
[2016-12-24 14:13:19. 48249]SIM[ 15] Auth. time use:300101.000000(us)
[2016-12-24 14:13:32. 47063]SIM[ 15] Auth. time use:292911.000000(us)
[2016-12-24 14:13:45. 63209]SIM[ 15] Auth. time use:302063.000000(us)
[2016-12-24 14:14:02.863864]SIM[15] auth. ACK2 length error. Tx_APDU[1]:00 
[2016-12-24 14:14:11. 85000]SIM[ 15] Auth. time use:308853.000000(us)
[2016-12-24 14:14:24. 86852]SIM[ 15] Auth. time use:302703.000000(us)
[2016-12-24 14:14:41.882753]SIM[15] auth. ACK2 length error. Tx_APDU[1]:00 
[2016-12-24 14:14:50. 97728]SIM[ 15] Auth. time use:299579.000000(us)
[2016-12-24 14:15:33.938096]SIM[15] auth. ACK2 length error. Tx_APDU[1]:00 
[2016-12-24 14:15:46.927131]SIM[15] auth. ACK2 length error. Tx_APDU[1]:00 
[2016-12-24 14:15:55.162762]SIM[ 15] Auth. time use:323607.000000(us)
[2016-12-24 14:16:08.169188]SIM[ 15] Auth. time use:322029.000000(us)
[2016-12-24 14:16:21.175688]SIM[ 15] Auth. time use:321540.000000(us)
[2016-12-24 14:16:34.183027]SIM[ 15] Auth. time use:320879.000000(us)
[2016-12-24 14:16:47.206835]SIM[ 15] Auth. time use:338684.000000(us)
[2016-12-24 14:17:00.204595]SIM[ 15] Auth. time use:329446.000000(us)
[2016-12-24 14:17:13.197026]SIM[ 15] Auth. time use:314877.000000(us)
[2016-12-24 14:17:26.198456]SIM[ 15] Auth. time use:309304.000000(us)
[2016-12-24 14:17:39.215659]SIM[ 15] Auth. time use:320509.000000(us)
[2016-12-24 14:17:52.224761]SIM[ 15] Auth. time use:323609.000000(us)
[2016-12-24 14:18:05.220582]SIM[ 15] Auth. time use:310430.000000(us)
[2016-12-24 14:18:18.230042]SIM[ 15] Auth. time use:307890.000000(us)
[2016-12-24 14:18:31.263221]SIM[ 15] Auth. time use:333070.000000(us)
[2016-12-24 14:18:44.268849]SIM[ 15] Auth. time use:331699.000000(us)
[2016-12-24 14:18:57.249112]SIM[ 15] Auth. time use:303962.000000(us)
[2016-12-24 14:19:10.287005]SIM[ 15] Auth. time use:333859.000000(us)
[2016-12-24 14:19:23.299725]SIM[ 15] Auth. time use:338581.000000(us)
[2016-12-24 14:19:36.310208]SIM[ 15] Auth. time use:340060.000000(us)
[2016-12-24 14:19:49.271989]SIM[ 15] Auth. time use:295839.000000(us)
[2016-12-24 14:20:02.279758]SIM[ 15] Auth. time use:296606.000000(us)
[2016-12-24 14:20:15.313832]SIM[ 15] Auth. time use:324685.000000(us)
[2016-12-24 14:20:28.300677]SIM[ 15] Auth. time use:302529.000000(us)
[2016-12-24 14:20:41.305273]SIM[ 15] Auth. time use:301126.000000(us)
[2016-12-24 14:20:54.339315]SIM[ 15] Auth. time use:327166.000000(us)
[2016-12-24 14:21:07.324213]SIM[ 15] Auth. time use:304064.000000(us)
[2016-12-24 14:21:20.357675]SIM[ 15] Auth. time use:328528.000000(us)
[2016-12-24 14:21:33.342753]SIM[ 15] Auth. time use:306605.000000(us)
[2016-12-24 14:21:46.368178]SIM[ 15] Auth. time use:324029.000000(us)
[2016-12-24 14:21:59.344959]SIM[ 15] Auth. time use:294813.000000(us)
[2016-12-24 14:22:12.386644]SIM[ 15] Auth. time use:330498.000000(us)
[2016-12-24 14:22:25.373833]SIM[ 15] Auth. time use:310687.000000(us)
[2016-12-24 14:22:38.408179]SIM[ 15] Auth. time use:337035.000000(us)
[2016-12-24 14:22:51.385035]SIM[ 15] Auth. time use:306887.000000(us)
[2016-12-24 14:23:04.384761]SIM[ 15] Auth. time use:298611.000000(us)
[2016-12-24 14:23:17.394588]SIM[ 15] Auth. time use:300439.000000(us)
[2016-12-24 14:23:30.407713]SIM[ 15] Auth. time use:307565.000000(us)
[2016-12-24 14:23:43.426774]SIM[ 15] Auth. time use:319626.000000(us)
[2016-12-24 14:23:56.429213]SIM[ 15] Auth. time use:315057.000000(us)
[2016-12-24 14:24:09.424388]SIM[ 15] Auth. time use:304228.000000(us)
[2016-12-24 14:24:27.215488]SIM[15] auth. ACK2 length error. Tx_APDU[1]:00 
[2016-12-24 14:24:35.458445]SIM[ 15] Auth. time use:325291.000000(us)
[2016-12-24 14:24:48.433978]SIM[ 15] Auth. time use:293826.000000(us)
[2016-12-24 14:25:01.455130]SIM[ 15] Auth. time use:305983.000000(us)
[2016-12-24 14:25:14.463238]SIM[ 15] Auth. time use:303088.000000(us)
[2016-12-24 14:25:27.473514]SIM[ 15] Auth. time use:306363.000000(us)
[2016-12-24 14:25:40.487450]SIM[ 15] Auth. time use:314305.000000(us)
[2016-12-24 14:25:53.505779]SIM[ 15] Auth. time use:325624.000000(us)
[2016-12-24 14:26:06.500536]SIM[ 15] Auth. time use:312384.000000(us)
[2016-12-24 14:26:19.506461]SIM[ 15] Auth. time use:312300.000000(us)
[2016-12-24 14:26:32.518725]SIM[ 15] Auth. time use:318568.000000(us)
[2016-12-24 14:26:45.524476]SIM[ 15] Auth. time use:317329.000000(us)
