[2016-12-24 13:39:16.920066]SIM[535] Auth. time use:310913.000000(us)
[2016-12-24 13:39:29.933578]SIM[535] Auth. time use:316421.000000(us)
[2016-12-24 13:39:42.940366]SIM[535] Auth. time use:316213.000000(us)
[2016-12-24 13:39:55.948910]SIM[535] Auth. time use:317757.000000(us)
[2016-12-24 13:40:08.953963]SIM[535] Auth. time use:313811.000000(us)
[2016-12-24 13:40:22.125051]SIM[535] auth. ACK2 error. Tx_APDU[2]:6D 00 
[2016-12-24 13:40:35.121269]SIM[535] auth. ACK2 error. Tx_APDU[2]:6D 00 
[2016-12-24 13:40:47.986174]SIM[535] Auth. time use:326022.000000(us)
[2016-12-24 13:41:00.988115]SIM[535] Auth. time use:321950.000000(us)
[2016-12-24 13:41:14.151955]SIM[535] auth. ACK2 error. Tx_APDU[2]:6D 00 
[2016-12-24 13:41:26.994858]SIM[535] Auth. time use:314694.000000(us)
[2016-12-24 13:41:40.  3624]SIM[535] Auth. time use:318469.000000(us)
[2016-12-24 13:41:53.  8703]SIM[535] Auth. time use:315547.000000(us)
[2016-12-24 13:42:06. 16182]SIM[535] Auth. time use:315027.000000(us)
[2016-12-24 13:42:19. 30458]SIM[535] Auth. time use:322305.000000(us)
[2016-12-24 13:42:32. 33427]SIM[535] Auth. time use:317273.000000(us)
[2016-12-24 13:42:45.203734]SIM[535] auth. ACK2 error. Tx_APDU[2]:6D 00 
[2016-12-24 13:42:58. 39644]SIM[535] Auth. time use:310488.000000(us)
[2016-12-24 13:43:11. 54215]SIM[535] Auth. time use:318059.000000(us)
[2016-12-24 13:43:28.510742]SIM[535] Auth. time use:4765553.000000(us)
[2016-12-24 13:43:37. 76460]SIM[535] Auth. time use:324282.000000(us)
[2016-12-24 13:43:50. 76803]SIM[535] Auth. time use:318642.000000(us)
[2016-12-24 13:44:03. 86030]SIM[535] Auth. time use:321867.000000(us)
[2016-12-24 13:44:16. 81688]SIM[535] Auth. time use:310532.000000(us)
[2016-12-24 13:44:29. 95900]SIM[535] Auth. time use:316729.000000(us)
[2016-12-24 13:44:42.129330]SIM[535] Auth. time use:344168.000000(us)
[2016-12-24 13:44:55.123634]SIM[535] Auth. time use:330475.000000(us)
[2016-12-24 13:45:08.120937]SIM[535] Auth. time use:320623.000000(us)
[2016-12-24 13:45:21.121424]SIM[535] Auth. time use:312266.000000(us)
[2016-12-24 13:45:34.150806]SIM[535] Auth. time use:334648.000000(us)
[2016-12-24 13:45:47.156597]SIM[535] Auth. time use:331440.000000(us)
[2016-12-24 13:46:00.155943]SIM[535] Auth. time use:322773.000000(us)
[2016-12-24 13:46:13.167492]SIM[535] Auth. time use:326337.000000(us)
[2016-12-24 13:46:26.163871]SIM[535] Auth. time use:315717.000000(us)
[2016-12-24 13:46:39.169894]SIM[535] Auth. time use:313743.000000(us)
[2016-12-24 13:46:52.175743]SIM[535] Auth. time use:313586.000000(us)
[2016-12-24 13:47:05.179975]SIM[535] Auth. time use:310817.000000(us)
[2016-12-24 13:47:18.193336]SIM[535] Auth. time use:318180.000000(us)
[2016-12-24 13:47:31.204413]SIM[535] Auth. time use:322259.000000(us)
[2016-12-24 13:47:44.204859]SIM[535] Auth. time use:314702.000000(us)
[2016-12-24 13:47:57.216895]SIM[535] Auth. time use:320741.000000(us)
[2016-12-24 13:48:14.664315]SIM[535] Auth. time use:4761141.000000(us)
[2016-12-24 13:48:23.223398]SIM[535] Auth. time use:313238.000000(us)
[2016-12-24 13:48:36.246512]SIM[535] Auth. time use:328354.000000(us)
[2016-12-24 13:48:49.244152]SIM[535] Auth. time use:318974.000000(us)
[2016-12-24 13:49:02.401263]SIM[535] auth. ACK2 error. Tx_APDU[2]:6D 00 
[2016-12-24 13:49:15.404082]SIM[535] auth. ACK2 error. Tx_APDU[2]:6D 00 
[2016-12-24 13:49:28.417330]SIM[535] auth. ACK2 error. Tx_APDU[2]:6D 00 
[2016-12-24 13:49:41.281084]SIM[535] Auth. time use:322930.000000(us)
[2016-12-24 13:49:54.441139]SIM[535] auth. ACK2 error. Tx_APDU[2]:6D 00 
[2016-12-24 13:50:07.443567]SIM[535] auth. ACK2 error. Tx_APDU[2]:6D 00 
[2016-12-24 13:50:20.462577]SIM[535] auth. ACK2 error. Tx_APDU[2]:6D 00 
[2016-12-24 13:50:33.311491]SIM[535] Auth. time use:322333.000000(us)
[2016-12-24 13:50:46.324875]SIM[535] Auth. time use:327721.000000(us)
[2016-12-24 13:50:59.314566]SIM[535] Auth. time use:308412.000000(us)
[2016-12-24 13:51:12.501146]SIM[535] auth. ACK2 error. Tx_APDU[2]:6D 00 
[2016-12-24 13:51:25.330751]SIM[535] Auth. time use:309595.000000(us)
[2016-12-24 13:51:38.357289]SIM[535] Auth. time use:327129.000000(us)
[2016-12-24 13:51:55.803604]SIM[535] Auth. time use:4765422.000000(us)
[2016-12-24 13:52:04.374760]SIM[535] Auth. time use:329604.000000(us)
[2016-12-24 13:52:17.370274]SIM[535] Auth. time use:314116.000000(us)
[2016-12-24 13:52:30.386765]SIM[535] Auth. time use:323603.000000(us)
[2016-12-24 13:52:43.388166]SIM[535] Auth. time use:317013.000000(us)
[2016-12-24 13:52:56.399684]SIM[535] Auth. time use:320524.000000(us)
[2016-12-24 13:53:09.398330]SIM[535] Auth. time use:312173.000000(us)
[2016-12-24 13:53:22.412932]SIM[535] Auth. time use:320770.000000(us)
[2016-12-24 13:53:35.435694]SIM[535] Auth. time use:335533.000000(us)
[2016-12-24 13:53:48.421661]SIM[535] Auth. time use:314489.000000(us)
[2016-12-24 13:54:01.433298]SIM[535] Auth. time use:318138.000000(us)
[2016-12-24 13:54:14.430719]SIM[535] Auth. time use:307567.000000(us)
[2016-12-24 13:54:27.606070]SIM[535] auth. ACK2 error. Tx_APDU[2]:6D 00 
[2016-12-24 13:54:40.601635]SIM[535] auth. ACK2 error. Tx_APDU[2]:6D 00 
[2016-12-24 13:54:53.476433]SIM[535] Auth. time use:331280.000000(us)
[2016-12-24 13:55:06.616976]SIM[535] auth. ACK2 error. Tx_APDU[2]:6D 00 
[2016-12-24 13:55:19.622345]SIM[535] auth. ACK2 error. Tx_APDU[2]:6D 00 
[2016-12-24 13:55:32.482743]SIM[535] Auth. time use:319586.000000(us)
[2016-12-24 13:55:45.493052]SIM[535] Auth. time use:322896.000000(us)
[2016-12-24 13:55:58.494175]SIM[535] Auth. time use:318019.000000(us)
[2016-12-24 13:56:11.505670]SIM[535] Auth. time use:322517.000000(us)
[2016-12-24 13:56:24.503785]SIM[535] Auth. time use:314627.000000(us)
[2016-12-24 13:56:37.522431]SIM[535] Auth. time use:325278.000000(us)
[2016-12-24 13:56:50.674257]SIM[535] auth. ACK2 error. Tx_APDU[2]:6D 00 
[2016-12-24 13:57:03.681494]SIM[535] auth. ACK2 error. Tx_APDU[2]:6D 00 
[2016-12-24 13:57:16.696555]SIM[535] auth. ACK2 error. Tx_APDU[2]:6D 00 
[2016-12-24 13:57:29.687135]SIM[535] auth. ACK2 error. Tx_APDU[2]:6D 00 
[2016-12-24 13:57:42.545043]SIM[535] Auth. time use:312884.000000(us)
[2016-12-24 13:57:55.716114]SIM[535] auth. ACK2 error. Tx_APDU[2]:6D 00 
[2016-12-24 13:58:08.588142]SIM[535] Auth. time use:341985.000000(us)
[2016-12-24 13:58:21.566403]SIM[535] Auth. time use:313247.000000(us)
[2016-12-24 13:58:34.586475]SIM[535] Auth. time use:325319.000000(us)
[2016-12-24 13:58:47.740093]SIM[535] auth. ACK2 error. Tx_APDU[2]:6D 00 
[2016-12-24 13:59:00.755173]SIM[535] auth. ACK2 error. Tx_APDU[2]:6D 00 
[2016-12-24 13:59:13.625407]SIM[535] Auth. time use:341248.000000(us)
[2016-12-24 13:59:26.639176]SIM[535] Auth. time use:349018.000000(us)
[2016-12-24 13:59:39.624888]SIM[535] Auth. time use:325721.000000(us)
[2016-12-24 13:59:52.625083]SIM[535] Auth. time use:320924.000000(us)
[2016-12-24 14:00:05.631262]SIM[535] Auth. time use:319099.000000(us)
[2016-12-24 14:00:18.658636]SIM[535] Auth. time use:337470.000000(us)
[2016-12-24 14:00:31.676363]SIM[535] Auth. time use:348190.000000(us)
[2016-12-24 14:00:44.656848]SIM[535] Auth. time use:319692.000000(us)
[2016-12-24 14:00:57.660393]SIM[535] Auth. time use:312238.000000(us)
[2016-12-24 14:01:10.674036]SIM[535] Auth. time use:318865.000000(us)
[2016-12-24 14:01:23.697236]SIM[535] Auth. time use:334078.000000(us)
[2016-12-24 14:01:49.476356]SIM[535] auth. ACK2 length error. Tx_APDU[1]:88 
[2016-12-24 14:02:02.693339]SIM[535] Auth. time use:310182.000000(us)
[2016-12-24 14:02:15.846470]SIM[535] auth. ACK2 error. Tx_APDU[2]:6D 00 
[2016-12-24 14:02:28.715350]SIM[535] Auth. time use:318195.000000(us)
[2016-12-24 14:02:41.734369]SIM[535] Auth. time use:331214.000000(us)
[2016-12-24 14:02:54.871172]SIM[535] auth. ACK2 error. Tx_APDU[2]:6D 00 
[2016-12-24 14:03:07.879251]SIM[535] auth. ACK2 error. Tx_APDU[2]:6D 00 
[2016-12-24 14:03:20.897737]SIM[535] auth. ACK2 error. Tx_APDU[2]:6D 00 
[2016-12-24 14:03:33.757744]SIM[535] Auth. time use:326587.000000(us)
[2016-12-24 14:03:46.766492]SIM[535] Auth. time use:327338.000000(us)
[2016-12-24 14:03:59.788337]SIM[535] Auth. time use:342182.000000(us)
[2016-12-24 14:04:12.925224]SIM[535] auth. ACK2 error. Tx_APDU[2]:6D 00 
[2016-12-24 14:04:25.935596]SIM[535] auth. ACK2 error. Tx_APDU[2]:6D 00 
[2016-12-24 14:04:38.797339]SIM[535] Auth. time use:329185.000000(us)
[2016-12-24 14:04:51.794935]SIM[535] Auth. time use:321779.000000(us)
[2016-12-24 14:05:04.796230]SIM[535] Auth. time use:316077.000000(us)
[2016-12-24 14:05:17.959185]SIM[535] auth. ACK2 error. Tx_APDU[2]:6D 00 
[2016-12-24 14:05:30.817281]SIM[535] Auth. time use:321123.000000(us)
[2016-12-24 14:05:43.966188]SIM[535] auth. ACK2 error. Tx_APDU[2]:6D 00 
[2016-12-24 14:05:56.993822]SIM[535] auth. ACK2 error. Tx_APDU[2]:6D 00 
[2016-12-24 14:06:09.830066]SIM[535] Auth. time use:313911.000000(us)
[2016-12-24 14:06:22.994679]SIM[535] auth. ACK2 error. Tx_APDU[2]:6D 00 
[2016-12-24 14:06:36.  3318]SIM[535] auth. ACK2 error. Tx_APDU[2]:6D 00 
[2016-12-24 14:06:49.  8946]SIM[535] auth. ACK2 error. Tx_APDU[2]:6D 00 
[2016-12-24 14:07:02. 16110]SIM[535] auth. ACK2 error. Tx_APDU[2]:6D 00 
[2016-12-24 14:07:14.877598]SIM[535] Auth. time use:327439.000000(us)
[2016-12-24 14:07:27.886825]SIM[535] Auth. time use:328660.000000(us)
[2016-12-24 14:07:40.890332]SIM[535] Auth. time use:325157.000000(us)
[2016-12-24 14:07:53.903386]SIM[535] Auth. time use:329217.000000(us)
[2016-12-24 14:08:06.903907]SIM[535] Auth. time use:321746.000000(us)
[2016-12-24 14:08:19.903050]SIM[535] Auth. time use:312890.000000(us)
[2016-12-24 14:08:32.957209]SIM[535] Auth. time use:360049.000000(us)
[2016-12-24 14:08:46. 71747]SIM[535] auth. ACK2 error. Tx_APDU[2]:6D 00 
[2016-12-24 14:08:58.929394]SIM[535] Auth. time use:317238.000000(us)
[2016-12-24 14:09:11.933112]SIM[535] Auth. time use:313950.000000(us)
[2016-12-24 14:09:25.106444]SIM[535] auth. ACK2 error. Tx_APDU[2]:6D 00 
[2016-12-24 14:09:37.959143]SIM[535] Auth. time use:324980.000000(us)
[2016-12-24 14:09:51.131816]SIM[535] auth. ACK2 error. Tx_APDU[2]:6D 00 
[2016-12-24 14:10:04.127021]SIM[535] auth. ACK2 error. Tx_APDU[2]:6D 00 
[2016-12-24 14:10:16.975922]SIM[535] Auth. time use:320703.000000(us)
[2016-12-24 14:10:29.989395]SIM[535] Auth. time use:328239.000000(us)
[2016-12-24 14:10:43.   329]SIM[535] Auth. time use:334173.000000(us)
[2016-12-24 14:10:55.994573]SIM[535] Auth. time use:322420.000000(us)
[2016-12-24 14:11:09.  1115]SIM[535] Auth. time use:323949.000000(us)
[2016-12-24 14:11:22.  3728]SIM[535] Auth. time use:320575.000000(us)
[2016-12-24 14:11:35. 11387]SIM[535] Auth. time use:322230.000000(us)
[2016-12-24 14:11:48. 19085]SIM[535] Auth. time use:320926.000000(us)
[2016-12-24 14:12:01. 26628]SIM[535] Auth. time use:322471.000000(us)
[2016-12-24 14:12:14. 24399]SIM[535] Auth. time use:311242.000000(us)
[2016-12-24 14:12:27.177715]SIM[535] auth. ACK2 error. Tx_APDU[2]:6D 00 
[2016-12-24 14:12:40. 42966]SIM[535] Auth. time use:316810.000000(us)
[2016-12-24 14:12:53. 48835]SIM[535] Auth. time use:314678.000000(us)
[2016-12-24 14:13:06.203000]SIM[535] auth. ACK2 error. Tx_APDU[2]:6D 00 
[2016-12-24 14:13:23.674757]SIM[535] auth. ACK2 error. Tx_APDU[2]:6D 00 
[2016-12-24 14:13:32.215695]SIM[535] auth. ACK2 error. Tx_APDU[2]:6D 00 
[2016-12-24 14:13:45. 77501]SIM[535] Auth. time use:316350.000000(us)
[2016-12-24 14:13:58.238244]SIM[535] auth. ACK2 error. Tx_APDU[2]:6D 00 
[2016-12-24 14:14:11.251867]SIM[535] auth. ACK2 error. Tx_APDU[2]:6D 00 
[2016-12-24 14:14:24.107637]SIM[535] Auth. time use:323481.000000(us)
[2016-12-24 14:14:37.258512]SIM[535] auth. ACK2 error. Tx_APDU[2]:6D 00 
[2016-12-24 14:14:50.118600]SIM[535] Auth. time use:320442.000000(us)
[2016-12-24 14:15:03.289891]SIM[535] auth. ACK2 error. Tx_APDU[2]:6D 00 
[2016-12-24 14:15:16.286755]SIM[535] auth. ACK2 error. Tx_APDU[2]:6D 00 
[2016-12-24 14:15:29.293007]SIM[535] auth. ACK2 error. Tx_APDU[2]:6D 00 
[2016-12-24 14:15:42.151543]SIM[535] Auth. time use:320386.000000(us)
[2016-12-24 14:15:55.166404]SIM[535] Auth. time use:327240.000000(us)
[2016-12-24 14:16:08.175051]SIM[535] Auth. time use:327882.000000(us)
[2016-12-24 14:16:21.196195]SIM[535] Auth. time use:342039.000000(us)
[2016-12-24 14:16:34.196310]SIM[535] Auth. time use:334155.000000(us)
[2016-12-24 14:16:47.188256]SIM[535] Auth. time use:320098.000000(us)
[2016-12-24 14:17:00.176440]SIM[535] Auth. time use:301283.000000(us)
[2016-12-24 14:17:13.213801]SIM[535] Auth. time use:331644.000000(us)
[2016-12-24 14:17:26.210482]SIM[535] Auth. time use:321323.000000(us)
[2016-12-24 14:17:39.219724]SIM[535] Auth. time use:324542.000000(us)
[2016-12-24 14:17:52.223767]SIM[535] Auth. time use:322608.000000(us)
[2016-12-24 14:18:05.377972]SIM[535] auth. ACK2 error. Tx_APDU[2]:6D 00 
[2016-12-24 14:18:18.235674]SIM[535] Auth. time use:313514.000000(us)
[2016-12-24 14:18:31.252681]SIM[535] Auth. time use:322521.000000(us)
[2016-12-24 14:18:44.252420]SIM[535] Auth. time use:315263.000000(us)
[2016-12-24 14:18:57.253633]SIM[535] Auth. time use:308482.000000(us)
[2016-12-24 14:19:10.269571]SIM[535] Auth. time use:316419.000000(us)
[2016-12-24 14:19:23.279387]SIM[535] Auth. time use:318233.000000(us)
[2016-12-24 14:19:36.286669]SIM[535] Auth. time use:316512.000000(us)
[2016-12-24 14:19:49.292772]SIM[535] Auth. time use:316614.000000(us)
[2016-12-24 14:20:02.293393]SIM[535] Auth. time use:310236.000000(us)
[2016-12-24 14:20:15.299955]SIM[535] Auth. time use:310800.000000(us)
[2016-12-24 14:20:28.313739]SIM[535] Auth. time use:315584.000000(us)
[2016-12-24 14:20:41.315438]SIM[535] Auth. time use:311285.000000(us)
[2016-12-24 14:20:54.336217]SIM[535] Auth. time use:324059.000000(us)
[2016-12-24 14:21:07.336028]SIM[535] Auth. time use:315871.000000(us)
[2016-12-24 14:21:20.341944]SIM[535] Auth. time use:312789.000000(us)
[2016-12-24 14:21:33.351067]SIM[535] Auth. time use:314910.000000(us)
[2016-12-24 14:21:46.364850]SIM[535] Auth. time use:320692.000000(us)
[2016-12-24 14:21:59.371054]SIM[535] Auth. time use:320899.000000(us)
[2016-12-24 14:22:12.370347]SIM[535] Auth. time use:314192.000000(us)
[2016-12-24 14:22:25.385800]SIM[535] Auth. time use:322647.000000(us)
[2016-12-24 14:22:38.384484]SIM[535] Auth. time use:313333.000000(us)
[2016-12-24 14:22:51.395727]SIM[535] Auth. time use:317571.000000(us)
[2016-12-24 14:23:04.398626]SIM[535] Auth. time use:312469.000000(us)
[2016-12-24 14:23:17.411338]SIM[535] Auth. time use:317185.000000(us)
[2016-12-24 14:23:30.414519]SIM[535] Auth. time use:314365.000000(us)
[2016-12-24 14:23:43.418061]SIM[535] Auth. time use:310904.000000(us)
[2016-12-24 14:23:56.435027]SIM[535] Auth. time use:320863.000000(us)
[2016-12-24 14:24:09.438521]SIM[535] Auth. time use:318354.000000(us)
[2016-12-24 14:24:22.598239]SIM[535] auth. ACK2 error. Tx_APDU[2]:6D 00 
[2016-12-24 14:24:35.443765]SIM[535] Auth. time use:310603.000000(us)
[2016-12-24 14:24:48.448844]SIM[535] Auth. time use:308685.000000(us)
[2016-12-24 14:25:01.470296]SIM[535] Auth. time use:321142.000000(us)
[2016-12-24 14:25:14.490675]SIM[535] Auth. time use:330520.000000(us)
[2016-12-24 14:25:27.471282]SIM[535] Auth. time use:304124.000000(us)
[2016-12-24 14:25:40.488290]SIM[535] Auth. time use:315137.000000(us)
[2016-12-24 14:25:53.490587]SIM[535] Auth. time use:310423.000000(us)
[2016-12-24 14:26:06.517209]SIM[535] Auth. time use:329050.000000(us)
[2016-12-24 14:26:19.513335]SIM[535] Auth. time use:319167.000000(us)
[2016-12-24 14:26:32.529631]SIM[535] Auth. time use:329468.000000(us)
[2016-12-24 14:26:45.688352]SIM[535] auth. ACK2 error. Tx_APDU[2]:6D 00 
