[2016-12-24 13:39:16.933140]SIM[ 10] Auth. time use:323998.000000(us)
[2016-12-24 13:39:29.952295]SIM[ 10] Auth. time use:335149.000000(us)
[2016-12-24 13:39:42.962262]SIM[ 10] Auth. time use:338122.000000(us)
[2016-12-24 13:39:55.942555]SIM[ 10] Auth. time use:311414.000000(us)
[2016-12-24 13:40:08.952541]SIM[ 10] Auth. time use:312399.000000(us)
[2016-12-24 13:40:21.974824]SIM[ 10] Auth. time use:327674.000000(us)
[2016-12-24 13:40:34.971668]SIM[ 10] Auth. time use:317522.000000(us)
[2016-12-24 13:40:47.971393]SIM[ 10] Auth. time use:311254.000000(us)
[2016-12-24 13:41:00.980759]SIM[ 10] Auth. time use:314615.000000(us)
[2016-12-24 13:41:14. 13146]SIM[ 10] Auth. time use:341005.000000(us)
[2016-12-24 13:41:26.999171]SIM[ 10] Auth. time use:319020.000000(us)
[2016-12-24 13:41:40. 19598]SIM[ 10] Auth. time use:334455.000000(us)
[2016-12-24 13:41:53. 13110]SIM[ 10] Auth. time use:319959.000000(us)
[2016-12-24 13:42:06. 20371]SIM[ 10] Auth. time use:319228.000000(us)
[2016-12-24 13:42:19. 31542]SIM[ 10] Auth. time use:323400.000000(us)
[2016-12-24 13:42:32. 51435]SIM[ 10] Auth. time use:335293.000000(us)
[2016-12-24 13:42:45. 42349]SIM[ 10] Auth. time use:318203.000000(us)
[2016-12-24 13:42:58. 52392]SIM[ 10] Auth. time use:323246.000000(us)
[2016-12-24 13:43:11. 91347]SIM[ 10] Auth. time use:355203.000000(us)
[2016-12-24 13:43:24. 66508]SIM[ 10] Auth. time use:321360.000000(us)
[2016-12-24 13:43:37. 74530]SIM[ 10] Auth. time use:322366.000000(us)
[2016-12-24 13:43:50. 73653]SIM[ 10] Auth. time use:315506.000000(us)
[2016-12-24 13:44:03. 97892]SIM[ 10] Auth. time use:333743.000000(us)
[2016-12-24 13:44:16. 97111]SIM[ 10] Auth. time use:325960.000000(us)
[2016-12-24 13:44:29.115329]SIM[ 10] Auth. time use:336169.000000(us)
[2016-12-24 13:44:42.121531]SIM[ 10] Auth. time use:336382.000000(us)
[2016-12-24 13:44:55.151174]SIM[ 10] Auth. time use:358029.000000(us)
[2016-12-24 13:45:08.133727]SIM[ 10] Auth. time use:333425.000000(us)
[2016-12-24 13:45:21.127109]SIM[ 10] Auth. time use:317956.000000(us)
[2016-12-24 13:45:34.142182]SIM[ 10] Auth. time use:326036.000000(us)
[2016-12-24 13:45:47.161730]SIM[ 10] Auth. time use:336586.000000(us)
[2016-12-24 13:46:00.154327]SIM[ 10] Auth. time use:321169.000000(us)
[2016-12-24 13:46:13.154993]SIM[ 10] Auth. time use:313849.000000(us)
[2016-12-24 13:46:26.163566]SIM[ 10] Auth. time use:315423.000000(us)
[2016-12-24 13:46:39.176882]SIM[ 10] Auth. time use:320743.000000(us)
[2016-12-24 13:46:52.183865]SIM[ 10] Auth. time use:321721.000000(us)
[2016-12-24 13:47:05.187069]SIM[ 10] Auth. time use:317922.000000(us)
[2016-12-24 13:47:18.191636]SIM[ 10] Auth. time use:316492.000000(us)
[2016-12-24 13:47:31.206387]SIM[ 10] Auth. time use:324245.000000(us)
[2016-12-24 13:47:44.202010]SIM[ 10] Auth. time use:311864.000000(us)
[2016-12-24 13:47:57.216357]SIM[ 10] Auth. time use:320214.000000(us)
[2016-12-24 13:48:10.226739]SIM[ 10] Auth. time use:323595.000000(us)
[2016-12-24 13:48:23.232091]SIM[ 10] Auth. time use:321945.000000(us)
[2016-12-24 13:48:36.237379]SIM[ 10] Auth. time use:319234.000000(us)
[2016-12-24 13:48:49.234141]SIM[ 10] Auth. time use:308994.000000(us)
[2016-12-24 13:49:02.247273]SIM[ 10] Auth. time use:315126.000000(us)
[2016-12-24 13:49:15.264584]SIM[ 10] Auth. time use:322439.000000(us)
[2016-12-24 13:49:28.274438]SIM[ 10] Auth. time use:324292.000000(us)
[2016-12-24 13:49:41.296195]SIM[ 10] Auth. time use:338053.000000(us)
[2016-12-24 13:49:54.295680]SIM[ 10] Auth. time use:330525.000000(us)
[2016-12-24 13:50:07.295640]SIM[ 10] Auth. time use:321493.000000(us)
[2016-12-24 13:50:20.297747]SIM[ 10] Auth. time use:314604.000000(us)
[2016-12-24 13:50:33.310032]SIM[ 10] Auth. time use:320886.000000(us)
[2016-12-24 13:50:46.332202]SIM[ 10] Auth. time use:335060.000000(us)
[2016-12-24 13:50:59.336756]SIM[ 10] Auth. time use:330614.000000(us)
[2016-12-24 13:51:12.350890]SIM[ 10] Auth. time use:337744.000000(us)
[2016-12-24 13:51:25.348674]SIM[ 10] Auth. time use:327532.000000(us)
[2016-12-24 13:51:38.355246]SIM[ 10] Auth. time use:325101.000000(us)
[2016-12-24 13:51:51.344677]SIM[ 10] Auth. time use:306533.000000(us)
[2016-12-24 13:52:04.350561]SIM[ 10] Auth. time use:305417.000000(us)
[2016-12-24 13:52:17.374758]SIM[ 10] Auth. time use:318611.000000(us)
[2016-12-24 13:52:30.379314]SIM[ 10] Auth. time use:316166.000000(us)
[2016-12-24 13:52:43.384356]SIM[ 10] Auth. time use:313214.000000(us)
[2016-12-24 13:52:56.424934]SIM[ 10] Auth. time use:345786.000000(us)
[2016-12-24 13:53:09.449858]SIM[ 10] Auth. time use:363713.000000(us)
[2016-12-24 13:53:22.402749]SIM[ 10] Auth. time use:310601.000000(us)
[2016-12-24 13:53:35.431246]SIM[ 10] Auth. time use:331099.000000(us)
[2016-12-24 13:53:48.447664]SIM[ 10] Auth. time use:340505.000000(us)
[2016-12-24 13:54:01.424377]SIM[ 10] Auth. time use:309230.000000(us)
[2016-12-24 13:54:14.445970]SIM[ 10] Auth. time use:322830.000000(us)
[2016-12-24 13:54:27.465520]SIM[ 10] Auth. time use:334376.000000(us)
[2016-12-24 13:54:40.449741]SIM[ 10] Auth. time use:311600.000000(us)
[2016-12-24 13:54:53.467373]SIM[ 10] Auth. time use:322231.000000(us)
[2016-12-24 13:55:06.620980]SIM[10] auth. ACK2 error. Tx_APDU[2]:6D 00 
[2016-12-24 13:55:19.477469]SIM[ 10] Auth. time use:319326.000000(us)
[2016-12-24 13:55:32.495626]SIM[ 10] Auth. time use:332481.000000(us)
[2016-12-24 13:55:45.481906]SIM[ 10] Auth. time use:311760.000000(us)
[2016-12-24 13:55:58.504529]SIM[ 10] Auth. time use:328385.000000(us)
[2016-12-24 13:56:11.509595]SIM[ 10] Auth. time use:326455.000000(us)
[2016-12-24 13:56:24.508691]SIM[ 10] Auth. time use:319544.000000(us)
[2016-12-24 13:56:37.528474]SIM[ 10] Auth. time use:331332.000000(us)
[2016-12-24 13:56:50.518915]SIM[ 10] Auth. time use:314770.000000(us)
[2016-12-24 13:57:03.526329]SIM[ 10] Auth. time use:317181.000000(us)
[2016-12-24 13:57:16.545003]SIM[ 10] Auth. time use:327859.000000(us)
[2016-12-24 13:57:29.553101]SIM[ 10] Auth. time use:327956.000000(us)
[2016-12-24 13:57:42.538297]SIM[ 10] Auth. time use:306151.000000(us)
[2016-12-24 13:57:55.576069]SIM[ 10] Auth. time use:336926.000000(us)
[2016-12-24 13:58:08.576093]SIM[ 10] Auth. time use:329949.000000(us)
[2016-12-24 13:58:21.586983]SIM[ 10] Auth. time use:333838.000000(us)
[2016-12-24 13:58:34.587845]SIM[ 10] Auth. time use:326701.000000(us)
[2016-12-24 13:58:47.603528]SIM[ 10] Auth. time use:333383.000000(us)
[2016-12-24 13:59:00.752675]SIM[10] auth. ACK2 error. Tx_APDU[2]:6D 00 
[2016-12-24 13:59:13.615935]SIM[ 10] Auth. time use:331788.000000(us)
[2016-12-24 13:59:30.867773]SIM[ 10] Auth. time use:4577605.000000(us)
[2016-12-24 13:59:39.625799]SIM[ 10] Auth. time use:326646.000000(us)
[2016-12-24 13:59:52.637128]SIM[ 10] Auth. time use:332979.000000(us)
[2016-12-24 14:00:05.637052]SIM[ 10] Auth. time use:324902.000000(us)
[2016-12-24 14:00:18.639613]SIM[ 10] Auth. time use:318460.000000(us)
[2016-12-24 14:00:31.660109]SIM[ 10] Auth. time use:331943.000000(us)
[2016-12-24 14:00:44.668759]SIM[ 10] Auth. time use:331616.000000(us)
[2016-12-24 14:00:57.671388]SIM[ 10] Auth. time use:323245.000000(us)
[2016-12-24 14:01:10.703595]SIM[ 10] Auth. time use:348435.000000(us)
[2016-12-24 14:01:23.697518]SIM[ 10] Auth. time use:334372.000000(us)
[2016-12-24 14:01:36.680402]SIM[ 10] Auth. time use:311254.000000(us)
[2016-12-24 14:01:49.714134]SIM[ 10] Auth. time use:336990.000000(us)
[2016-12-24 14:02:02.707644]SIM[ 10] Auth. time use:324500.000000(us)
[2016-12-24 14:02:15.705563]SIM[ 10] Auth. time use:316416.000000(us)
[2016-12-24 14:02:28.716305]SIM[ 10] Auth. time use:319162.000000(us)
[2016-12-24 14:02:41.746934]SIM[ 10] Auth. time use:343790.000000(us)
[2016-12-24 14:02:54.734729]SIM[ 10] Auth. time use:325579.000000(us)
[2016-12-24 14:03:07.728894]SIM[ 10] Auth. time use:310753.000000(us)
[2016-12-24 14:03:20.759178]SIM[ 10] Auth. time use:334035.000000(us)
[2016-12-24 14:03:33.768679]SIM[ 10] Auth. time use:337535.000000(us)
[2016-12-24 14:03:46.765926]SIM[ 10] Auth. time use:326783.000000(us)
[2016-12-24 14:03:59.794979]SIM[ 10] Auth. time use:348836.000000(us)
[2016-12-24 14:04:12.796675]SIM[ 10] Auth. time use:342532.000000(us)
[2016-12-24 14:04:25.777961]SIM[ 10] Auth. time use:315816.000000(us)
[2016-12-24 14:04:38.804181]SIM[ 10] Auth. time use:336037.000000(us)
[2016-12-24 14:04:51.791262]SIM[ 10] Auth. time use:318116.000000(us)
[2016-12-24 14:05:04.808605]SIM[ 10] Auth. time use:328464.000000(us)
[2016-12-24 14:05:17.830454]SIM[ 10] Auth. time use:342301.000000(us)
[2016-12-24 14:05:30.799816]SIM[ 10] Auth. time use:303670.000000(us)
[2016-12-24 14:05:43.827243]SIM[ 10] Auth. time use:326098.000000(us)
[2016-12-24 14:05:56.828879]SIM[ 10] Auth. time use:319736.000000(us)
[2016-12-24 14:06:09.828762]SIM[ 10] Auth. time use:312616.000000(us)
[2016-12-24 14:06:22.841013]SIM[ 10] Auth. time use:319866.000000(us)
[2016-12-24 14:06:35.853334]SIM[ 10] Auth. time use:325190.000000(us)
[2016-12-24 14:06:49.  6294]SIM[10] auth. ACK2 error. Tx_APDU[2]:6D 00 
[2016-12-24 14:07:01.879715]SIM[ 10] Auth. time use:336574.000000(us)
[2016-12-24 14:07:14.856558]SIM[ 10] Auth. time use:306413.000000(us)
[2016-12-24 14:07:27.868188]SIM[ 10] Auth. time use:310037.000000(us)
[2016-12-24 14:07:40.905639]SIM[ 10] Auth. time use:340479.000000(us)
[2016-12-24 14:07:53.899577]SIM[ 10] Auth. time use:325423.000000(us)
[2016-12-24 14:08:06.916658]SIM[ 10] Auth. time use:334509.000000(us)
[2016-12-24 14:08:19.917476]SIM[ 10] Auth. time use:327328.000000(us)
[2016-12-24 14:08:32.929936]SIM[ 10] Auth. time use:332789.000000(us)
[2016-12-24 14:08:46. 66693]SIM[10] auth. ACK2 error. Tx_APDU[2]:6D 00 
[2016-12-24 14:08:58.955465]SIM[ 10] Auth. time use:343320.000000(us)
[2016-12-24 14:09:11.938927]SIM[ 10] Auth. time use:319783.000000(us)
[2016-12-24 14:09:24.970580]SIM[ 10] Auth. time use:345434.000000(us)
[2016-12-24 14:09:37.951885]SIM[ 10] Auth. time use:317733.000000(us)
[2016-12-24 14:09:50.968984]SIM[ 10] Auth. time use:328831.000000(us)
[2016-12-24 14:10:03.987731]SIM[ 10] Auth. time use:340584.000000(us)
[2016-12-24 14:10:16.977144]SIM[ 10] Auth. time use:321937.000000(us)
[2016-12-24 14:10:29.981936]SIM[ 10] Auth. time use:320792.000000(us)
[2016-12-24 14:10:42.978911]SIM[ 10] Auth. time use:312767.000000(us)
[2016-12-24 14:10:55.985355]SIM[ 10] Auth. time use:313212.000000(us)
[2016-12-24 14:11:08.989720]SIM[ 10] Auth. time use:312576.000000(us)
[2016-12-24 14:11:22.  1154]SIM[ 10] Auth. time use:318011.000000(us)
[2016-12-24 14:11:35.  9591]SIM[ 10] Auth. time use:320444.000000(us)
[2016-12-24 14:11:48. 19299]SIM[ 10] Auth. time use:321154.000000(us)
[2016-12-24 14:12:01. 36844]SIM[ 10] Auth. time use:332698.000000(us)
[2016-12-24 14:12:14. 30858]SIM[ 10] Auth. time use:317715.000000(us)
[2016-12-24 14:12:27. 29704]SIM[ 10] Auth. time use:310564.000000(us)
[2016-12-24 14:12:40. 50737]SIM[ 10] Auth. time use:324593.000000(us)
[2016-12-24 14:12:53. 53227]SIM[ 10] Auth. time use:319082.000000(us)
[2016-12-24 14:13:06. 60159]SIM[ 10] Auth. time use:319016.000000(us)
[2016-12-24 14:13:23.488029]SIM[10] auth. ACK2 error. Tx_APDU[2]:6D 00 
[2016-12-24 14:13:32. 61641]SIM[ 10] Auth. time use:307493.000000(us)
[2016-12-24 14:13:45. 77815]SIM[ 10] Auth. time use:316674.000000(us)
[2016-12-24 14:13:58. 81994]SIM[ 10] Auth. time use:312847.000000(us)
[2016-12-24 14:14:11. 99666]SIM[ 10] Auth. time use:323522.000000(us)
[2016-12-24 14:14:24.101493]SIM[ 10] Auth. time use:317348.000000(us)
[2016-12-24 14:14:37.123893]SIM[ 10] Auth. time use:331750.000000(us)
[2016-12-24 14:14:50.112027]SIM[ 10] Auth. time use:313882.000000(us)
[2016-12-24 14:15:03.143449]SIM[ 10] Auth. time use:337310.000000(us)
[2016-12-24 14:15:20.562050]SIM[10] auth. ACK2 error. Tx_APDU[2]:6D 00 
[2016-12-24 14:15:29.136313]SIM[ 10] Auth. time use:315162.000000(us)
[2016-12-24 14:15:42.156425]SIM[ 10] Auth. time use:325280.000000(us)
[2016-12-24 14:15:55.190830]SIM[ 10] Auth. time use:351680.000000(us)
[2016-12-24 14:16:08.168921]SIM[ 10] Auth. time use:321765.000000(us)
[2016-12-24 14:16:21.191245]SIM[ 10] Auth. time use:337100.000000(us)
[2016-12-24 14:16:34.219303]SIM[ 10] Auth. time use:357159.000000(us)
[2016-12-24 14:16:47.206394]SIM[ 10] Auth. time use:338247.000000(us)
[2016-12-24 14:17:00.232764]SIM[ 10] Auth. time use:357617.000000(us)
[2016-12-24 14:17:13.226133]SIM[ 10] Auth. time use:343987.000000(us)
[2016-12-24 14:17:26.227264]SIM[ 10] Auth. time use:338116.000000(us)
[2016-12-24 14:17:39.229928]SIM[ 10] Auth. time use:334782.000000(us)
[2016-12-24 14:17:52.209869]SIM[ 10] Auth. time use:308722.000000(us)
[2016-12-24 14:18:05.220433]SIM[ 10] Auth. time use:310286.000000(us)
[2016-12-24 14:18:18.229774]SIM[ 10] Auth. time use:307627.000000(us)
[2016-12-24 14:18:31.277342]SIM[ 10] Auth. time use:347195.000000(us)
[2016-12-24 14:18:44.268488]SIM[ 10] Auth. time use:331342.000000(us)
[2016-12-24 14:18:57.277788]SIM[ 10] Auth. time use:332648.000000(us)
[2016-12-24 14:19:10.271896]SIM[ 10] Auth. time use:318754.000000(us)
[2016-12-24 14:19:23.299370]SIM[ 10] Auth. time use:338230.000000(us)
[2016-12-24 14:19:36.309820]SIM[ 10] Auth. time use:339675.000000(us)
[2016-12-24 14:19:49.286390]SIM[ 10] Auth. time use:310246.000000(us)
[2016-12-24 14:20:02.308778]SIM[ 10] Auth. time use:325632.000000(us)
[2016-12-24 14:20:15.313535]SIM[ 10] Auth. time use:324391.000000(us)
[2016-12-24 14:20:28.314809]SIM[ 10] Auth. time use:316665.000000(us)
[2016-12-24 14:20:41.319599]SIM[ 10] Auth. time use:315457.000000(us)
[2016-12-24 14:20:54.338921]SIM[ 10] Auth. time use:326776.000000(us)
[2016-12-24 14:21:07.338628]SIM[ 10] Auth. time use:318483.000000(us)
[2016-12-24 14:21:20.342664]SIM[ 10] Auth. time use:313521.000000(us)
[2016-12-24 14:21:33.357387]SIM[ 10] Auth. time use:321244.000000(us)
[2016-12-24 14:21:46.353059]SIM[ 10] Auth. time use:308914.000000(us)
[2016-12-24 14:21:59.359359]SIM[ 10] Auth. time use:309217.000000(us)
[2016-12-24 14:22:12.371841]SIM[ 10] Auth. time use:315701.000000(us)
[2016-12-24 14:22:25.387935]SIM[ 10] Auth. time use:324792.000000(us)
[2016-12-24 14:22:38.393171]SIM[ 10] Auth. time use:322031.000000(us)
[2016-12-24 14:22:51.399565]SIM[ 10] Auth. time use:321421.000000(us)
[2016-12-24 14:23:04.399221]SIM[ 10] Auth. time use:313076.000000(us)
[2016-12-24 14:23:17.408987]SIM[ 10] Auth. time use:314847.000000(us)
[2016-12-24 14:23:30.421998]SIM[ 10] Auth. time use:321855.000000(us)
[2016-12-24 14:23:43.426457]SIM[ 10] Auth. time use:319313.000000(us)
[2016-12-24 14:23:56.428897]SIM[ 10] Auth. time use:314746.000000(us)
[2016-12-24 14:24:09.424135]SIM[ 10] Auth. time use:303981.000000(us)
[2016-12-24 14:24:22.450133]SIM[ 10] Auth. time use:322977.000000(us)
[2016-12-24 14:24:35.487491]SIM[ 10] Auth. time use:354339.000000(us)
[2016-12-24 14:24:48.477547]SIM[ 10] Auth. time use:337399.000000(us)
[2016-12-24 14:25:01.469612]SIM[ 10] Auth. time use:320470.000000(us)
[2016-12-24 14:25:14.462995]SIM[ 10] Auth. time use:302851.000000(us)
[2016-12-24 14:25:27.487861]SIM[ 10] Auth. time use:320714.000000(us)
[2016-12-24 14:25:40.502009]SIM[ 10] Auth. time use:328867.000000(us)
[2016-12-24 14:25:53.505381]SIM[ 10] Auth. time use:325229.000000(us)
[2016-12-24 14:26:06.500361]SIM[ 10] Auth. time use:312213.000000(us)
[2016-12-24 14:26:19.520741]SIM[ 10] Auth. time use:326584.000000(us)
[2016-12-24 14:26:32.533176]SIM[ 10] Auth. time use:333025.000000(us)
[2016-12-24 14:26:45.553817]SIM[ 10] Auth. time use:346673.000000(us)
