[2016-12-24 13:39:16.934839]SIM[540] Auth. time use:325681.000000(us)
[2016-12-24 13:39:29.933944]SIM[540] Auth. time use:316782.000000(us)
[2016-12-24 13:39:42.955421]SIM[540] Auth. time use:331265.000000(us)
[2016-12-24 13:39:55.963812]SIM[540] Auth. time use:332654.000000(us)
[2016-12-24 13:40:08.954335]SIM[540] Auth. time use:314179.000000(us)
[2016-12-24 13:40:21.987176]SIM[540] Auth. time use:340013.000000(us)
[2016-12-24 13:40:34.971822]SIM[540] Auth. time use:317659.000000(us)
[2016-12-24 13:40:47.986535]SIM[540] Auth. time use:326380.000000(us)
[2016-12-24 13:41:00.988609]SIM[540] Auth. time use:322448.000000(us)
[2016-12-24 13:41:14.  2769]SIM[540] Auth. time use:330612.000000(us)
[2016-12-24 13:41:26.995209]SIM[540] Auth. time use:315040.000000(us)
[2016-12-24 13:41:40.  4056]SIM[540] Auth. time use:318898.000000(us)
[2016-12-24 13:41:53. 38386]SIM[540] Auth. time use:345227.000000(us)
[2016-12-24 13:42:06. 16538]SIM[540] Auth. time use:315379.000000(us)
[2016-12-24 13:42:19. 45530]SIM[540] Auth. time use:337373.000000(us)
[2016-12-24 13:42:32. 48590]SIM[540] Auth. time use:332433.000000(us)
[2016-12-24 13:42:45.204152]SIM[540] auth. ACK2 error. Tx_APDU[2]:6D 00 
[2016-12-24 13:42:58. 69607]SIM[540] Auth. time use:340447.000000(us)
[2016-12-24 13:43:11. 54567]SIM[540] Auth. time use:318405.000000(us)
[2016-12-24 13:43:24. 71564]SIM[540] Auth. time use:326393.000000(us)
[2016-12-24 13:43:37. 76818]SIM[540] Auth. time use:324636.000000(us)
[2016-12-24 13:43:50. 77178]SIM[540] Auth. time use:319015.000000(us)
[2016-12-24 13:44:03.100952]SIM[540] Auth. time use:336784.000000(us)
[2016-12-24 13:44:16.110759]SIM[540] Auth. time use:339599.000000(us)
[2016-12-24 13:44:29.111013]SIM[540] Auth. time use:331838.000000(us)
[2016-12-24 13:44:42.100394]SIM[540] Auth. time use:315226.000000(us)
[2016-12-24 13:44:55.124006]SIM[540] Auth. time use:330844.000000(us)
[2016-12-24 13:45:08.135969]SIM[540] Auth. time use:335651.000000(us)
[2016-12-24 13:45:21.121798]SIM[540] Auth. time use:312637.000000(us)
[2016-12-24 13:45:34.151457]SIM[540] Auth. time use:335293.000000(us)
[2016-12-24 13:45:47.156971]SIM[540] Auth. time use:331810.000000(us)
[2016-12-24 13:46:00.156248]SIM[540] Auth. time use:323073.000000(us)
[2016-12-24 13:46:13.182764]SIM[540] Auth. time use:341606.000000(us)
[2016-12-24 13:46:26.179023]SIM[540] Auth. time use:330865.000000(us)
[2016-12-24 13:46:39.170240]SIM[540] Auth. time use:314084.000000(us)
[2016-12-24 13:46:52.205507]SIM[540] Auth. time use:343346.000000(us)
[2016-12-24 13:47:05.180339]SIM[540] Auth. time use:311176.000000(us)
[2016-12-24 13:47:18.208558]SIM[540] Auth. time use:333397.000000(us)
[2016-12-24 13:47:31.219596]SIM[540] Auth. time use:337438.000000(us)
[2016-12-24 13:47:44.235108]SIM[540] Auth. time use:344941.000000(us)
[2016-12-24 13:47:57.217277]SIM[540] Auth. time use:321119.000000(us)
[2016-12-24 13:48:10.238585]SIM[540] Auth. time use:335425.000000(us)
[2016-12-24 13:48:23.223762]SIM[540] Auth. time use:313598.000000(us)
[2016-12-24 13:48:36.246885]SIM[540] Auth. time use:328724.000000(us)
[2016-12-24 13:48:49.258519]SIM[540] Auth. time use:333336.000000(us)
[2016-12-24 13:49:02.252205]SIM[540] Auth. time use:320045.000000(us)
[2016-12-24 13:49:15.260031]SIM[540] Auth. time use:317872.000000(us)
[2016-12-24 13:49:28.273872]SIM[540] Auth. time use:323710.000000(us)
[2016-12-24 13:49:41.281452]SIM[540] Auth. time use:323295.000000(us)
[2016-12-24 13:49:54.321739]SIM[540] Auth. time use:356570.000000(us)
[2016-12-24 13:50:07.299860]SIM[540] Auth. time use:325696.000000(us)
[2016-12-24 13:50:20.318551]SIM[540] Auth. time use:335391.000000(us)
[2016-12-24 13:50:33.311845]SIM[540] Auth. time use:322684.000000(us)
[2016-12-24 13:50:46.310359]SIM[540] Auth. time use:313201.000000(us)
[2016-12-24 13:50:59.329871]SIM[540] Auth. time use:323713.000000(us)
[2016-12-24 13:51:12.329662]SIM[540] Auth. time use:316499.000000(us)
[2016-12-24 13:51:25.345260]SIM[540] Auth. time use:324102.000000(us)
[2016-12-24 13:51:38.342635]SIM[540] Auth. time use:312473.000000(us)
[2016-12-24 13:51:51.369524]SIM[540] Auth. time use:331362.000000(us)
[2016-12-24 13:52:04.404423]SIM[540] Auth. time use:359265.000000(us)
[2016-12-24 13:52:17.370620]SIM[540] Auth. time use:314458.000000(us)
[2016-12-24 13:52:30.401983]SIM[540] Auth. time use:338818.000000(us)
[2016-12-24 13:52:43.403228]SIM[540] Auth. time use:332071.000000(us)
[2016-12-24 13:52:56.436628]SIM[540] Auth. time use:357464.000000(us)
[2016-12-24 13:53:09.413134]SIM[540] Auth. time use:326972.000000(us)
[2016-12-24 13:53:26.845364]SIM[540] Auth. time use:4753175.000000(us)
[2016-12-24 13:53:35.436211]SIM[540] Auth. time use:336046.000000(us)
[2016-12-24 13:53:48.422016]SIM[540] Auth. time use:314823.000000(us)
[2016-12-24 13:54:01.448792]SIM[540] Auth. time use:333627.000000(us)
[2016-12-24 13:54:14.431088]SIM[540] Auth. time use:307932.000000(us)
[2016-12-24 13:54:27.468234]SIM[540] Auth. time use:337075.000000(us)
[2016-12-24 13:54:40.473091]SIM[540] Auth. time use:334934.000000(us)
[2016-12-24 13:54:53.461849]SIM[540] Auth. time use:316692.000000(us)
[2016-12-24 13:55:06.489841]SIM[540] Auth. time use:337685.000000(us)
[2016-12-24 13:55:19.488587]SIM[540] Auth. time use:330428.000000(us)
[2016-12-24 13:55:32.497947]SIM[540] Auth. time use:334787.000000(us)
[2016-12-24 13:55:45.493412]SIM[540] Auth. time use:323252.000000(us)
[2016-12-24 13:55:58.494536]SIM[540] Auth. time use:318377.000000(us)
[2016-12-24 13:56:11.506002]SIM[540] Auth. time use:322844.000000(us)
[2016-12-24 13:56:24.533809]SIM[540] Auth. time use:344647.000000(us)
[2016-12-24 13:56:37.537777]SIM[540] Auth. time use:340620.000000(us)
[2016-12-24 13:56:50.525600]SIM[540] Auth. time use:321440.000000(us)
[2016-12-24 13:57:03.532236]SIM[540] Auth. time use:323072.000000(us)
[2016-12-24 13:57:16.536929]SIM[540] Auth. time use:319770.000000(us)
[2016-12-24 13:57:29.544019]SIM[540] Auth. time use:318860.000000(us)
[2016-12-24 13:57:42.573552]SIM[540] Auth. time use:341388.000000(us)
[2016-12-24 13:57:55.580157]SIM[540] Auth. time use:340978.000000(us)
[2016-12-24 13:58:08.573683]SIM[540] Auth. time use:327522.000000(us)
[2016-12-24 13:58:21.566685]SIM[540] Auth. time use:313523.000000(us)
[2016-12-24 13:58:34.616891]SIM[540] Auth. time use:355733.000000(us)
[2016-12-24 13:58:47.596116]SIM[540] Auth. time use:325951.000000(us)
[2016-12-24 13:59:00.593421]SIM[540] Auth. time use:316260.000000(us)
[2016-12-24 13:59:13.611185]SIM[540] Auth. time use:327023.000000(us)
[2016-12-24 13:59:26.639588]SIM[540] Auth. time use:349425.000000(us)
[2016-12-24 13:59:39.625142]SIM[540] Auth. time use:325971.000000(us)
[2016-12-24 13:59:52.640024]SIM[540] Auth. time use:335861.000000(us)
[2016-12-24 14:00:05.645832]SIM[540] Auth. time use:333666.000000(us)
[2016-12-24 14:00:18.659011]SIM[540] Auth. time use:337841.000000(us)
[2016-12-24 14:00:31.676728]SIM[540] Auth. time use:348550.000000(us)
[2016-12-24 14:00:44.657217]SIM[540] Auth. time use:320058.000000(us)
[2016-12-24 14:00:57.675810]SIM[540] Auth. time use:327650.000000(us)
[2016-12-24 14:01:10.689298]SIM[540] Auth. time use:334123.000000(us)
[2016-12-24 14:01:23.712419]SIM[540] Auth. time use:349258.000000(us)
[2016-12-24 14:01:36.686583]SIM[540] Auth. time use:317421.000000(us)
[2016-12-24 14:01:49.698315]SIM[540] Auth. time use:321158.000000(us)
[2016-12-24 14:02:02.722223]SIM[540] Auth. time use:339063.000000(us)
[2016-12-24 14:02:15.724258]SIM[540] Auth. time use:335093.000000(us)
[2016-12-24 14:02:28.715725]SIM[540] Auth. time use:318567.000000(us)
[2016-12-24 14:02:41.749830]SIM[540] Auth. time use:346671.000000(us)
[2016-12-24 14:02:54.722778]SIM[540] Auth. time use:313614.000000(us)
[2016-12-24 14:03:07.736530]SIM[540] Auth. time use:318373.000000(us)
[2016-12-24 14:03:20.739812]SIM[540] Auth. time use:314652.000000(us)
[2016-12-24 14:03:33.758126]SIM[540] Auth. time use:326965.000000(us)
[2016-12-24 14:03:46.766939]SIM[540] Auth. time use:327780.000000(us)
[2016-12-24 14:03:59.788792]SIM[540] Auth. time use:342633.000000(us)
[2016-12-24 14:04:12.925645]SIM[540] auth. ACK2 error. Tx_APDU[2]:6D 00 
[2016-12-24 14:04:25.786644]SIM[540] Auth. time use:324483.000000(us)
[2016-12-24 14:04:38.797789]SIM[540] Auth. time use:329630.000000(us)
[2016-12-24 14:04:51.809839]SIM[540] Auth. time use:336679.000000(us)
[2016-12-24 14:05:04.796585]SIM[540] Auth. time use:316429.000000(us)
[2016-12-24 14:05:17.809962]SIM[540] Auth. time use:321791.000000(us)
[2016-12-24 14:05:30.817509]SIM[540] Auth. time use:321348.000000(us)
[2016-12-24 14:05:43.808242]SIM[540] Auth. time use:307081.000000(us)
[2016-12-24 14:05:56.844124]SIM[540] Auth. time use:334965.000000(us)
[2016-12-24 14:06:09.830425]SIM[540] Auth. time use:314266.000000(us)
[2016-12-24 14:06:22.845490]SIM[540] Auth. time use:324328.000000(us)
[2016-12-24 14:06:35.854628]SIM[540] Auth. time use:326469.000000(us)
[2016-12-24 14:06:48.889752]SIM[540] Auth. time use:354592.000000(us)
[2016-12-24 14:07:01.867350]SIM[540] Auth. time use:324194.000000(us)
[2016-12-24 14:07:14.877880]SIM[540] Auth. time use:327717.000000(us)
[2016-12-24 14:07:27.902025]SIM[540] Auth. time use:343857.000000(us)
[2016-12-24 14:07:40.904264]SIM[540] Auth. time use:339086.000000(us)
[2016-12-24 14:07:53.918602]SIM[540] Auth. time use:344430.000000(us)
[2016-12-24 14:08:06.918827]SIM[540] Auth. time use:336662.000000(us)
[2016-12-24 14:08:19.918169]SIM[540] Auth. time use:328005.000000(us)
[2016-12-24 14:08:32.936442]SIM[540] Auth. time use:339279.000000(us)
[2016-12-24 14:08:45.939549]SIM[540] Auth. time use:334384.000000(us)
[2016-12-24 14:08:58.964311]SIM[540] Auth. time use:352153.000000(us)
[2016-12-24 14:09:11.933568]SIM[540] Auth. time use:314401.000000(us)
[2016-12-24 14:09:24.955225]SIM[540] Auth. time use:330063.000000(us)
[2016-12-24 14:09:37.959530]SIM[540] Auth. time use:325364.000000(us)
[2016-12-24 14:09:50.973994]SIM[540] Auth. time use:333825.000000(us)
[2016-12-24 14:10:03.986380]SIM[540] Auth. time use:339215.000000(us)
[2016-12-24 14:10:16.991184]SIM[540] Auth. time use:335961.000000(us)
[2016-12-24 14:10:29.989747]SIM[540] Auth. time use:328588.000000(us)
[2016-12-24 14:10:43.   769]SIM[540] Auth. time use:334609.000000(us)
[2016-12-24 14:10:56.  9049]SIM[540] Auth. time use:336889.000000(us)
[2016-12-24 14:11:09.  1462]SIM[540] Auth. time use:324304.000000(us)
[2016-12-24 14:11:22.  4092]SIM[540] Auth. time use:320934.000000(us)
[2016-12-24 14:11:35. 11741]SIM[540] Auth. time use:322578.000000(us)
[2016-12-24 14:11:48. 48983]SIM[540] Auth. time use:350819.000000(us)
[2016-12-24 14:12:01. 41702]SIM[540] Auth. time use:337540.000000(us)
[2016-12-24 14:12:14. 24738]SIM[540] Auth. time use:311578.000000(us)
[2016-12-24 14:12:27. 29897]SIM[540] Auth. time use:310741.000000(us)
[2016-12-24 14:12:40. 57637]SIM[540] Auth. time use:331477.000000(us)
[2016-12-24 14:12:53. 49216]SIM[540] Auth. time use:315054.000000(us)
[2016-12-24 14:13:06. 56614]SIM[540] Auth. time use:315455.000000(us)
[2016-12-24 14:13:19. 60756]SIM[540] Auth. time use:312598.000000(us)
[2016-12-24 14:13:32. 63171]SIM[540] Auth. time use:309009.000000(us)
[2016-12-24 14:13:45. 77982]SIM[540] Auth. time use:316826.000000(us)
[2016-12-24 14:13:58. 89081]SIM[540] Auth. time use:319920.000000(us)
[2016-12-24 14:14:11.102723]SIM[540] Auth. time use:326564.000000(us)
[2016-12-24 14:14:24.107891]SIM[540] Auth. time use:323732.000000(us)
[2016-12-24 14:14:37.258924]SIM[540] auth. ACK2 error. Tx_APDU[2]:6D 00 
[2016-12-24 14:14:50.133431]SIM[540] Auth. time use:335270.000000(us)
[2016-12-24 14:15:03.133060]SIM[540] Auth. time use:326904.000000(us)
[2016-12-24 14:15:16.143897]SIM[540] Auth. time use:331731.000000(us)
[2016-12-24 14:15:29.154358]SIM[540] Auth. time use:333191.000000(us)
[2016-12-24 14:15:42.166860]SIM[540] Auth. time use:335698.000000(us)
[2016-12-24 14:15:55.180957]SIM[540] Auth. time use:341789.000000(us)
[2016-12-24 14:16:08.175419]SIM[540] Auth. time use:328248.000000(us)
[2016-12-24 14:16:21.181723]SIM[540] Auth. time use:327562.000000(us)
[2016-12-24 14:16:34.211709]SIM[540] Auth. time use:349551.000000(us)
[2016-12-24 14:16:47.210097]SIM[540] Auth. time use:341934.000000(us)
[2016-12-24 14:17:00.191412]SIM[540] Auth. time use:316251.000000(us)
[2016-12-24 14:17:13.228932]SIM[540] Auth. time use:346770.000000(us)
[2016-12-24 14:17:26.210692]SIM[540] Auth. time use:321528.000000(us)
[2016-12-24 14:17:39.234969]SIM[540] Auth. time use:339784.000000(us)
[2016-12-24 14:17:52.224109]SIM[540] Auth. time use:322941.000000(us)
[2016-12-24 14:18:05.247921]SIM[540] Auth. time use:337758.000000(us)
[2016-12-24 14:18:18.236062]SIM[540] Auth. time use:313899.000000(us)
[2016-12-24 14:18:31.267135]SIM[540] Auth. time use:336972.000000(us)
[2016-12-24 14:18:44.267481]SIM[540] Auth. time use:330319.000000(us)
[2016-12-24 14:18:57.253991]SIM[540] Auth. time use:308837.000000(us)
[2016-12-24 14:19:10.284602]SIM[540] Auth. time use:331445.000000(us)
[2016-12-24 14:19:23.294592]SIM[540] Auth. time use:333435.000000(us)
[2016-12-24 14:19:36.287055]SIM[540] Auth. time use:316895.000000(us)
[2016-12-24 14:19:49.307839]SIM[540] Auth. time use:331676.000000(us)
[2016-12-24 14:20:02.293733]SIM[540] Auth. time use:310571.000000(us)
[2016-12-24 14:20:15.300329]SIM[540] Auth. time use:311169.000000(us)
[2016-12-24 14:20:28.314086]SIM[540] Auth. time use:315928.000000(us)
[2016-12-24 14:20:41.315776]SIM[540] Auth. time use:311619.000000(us)
[2016-12-24 14:20:54.366185]SIM[540] Auth. time use:354025.000000(us)
[2016-12-24 14:21:07.336411]SIM[540] Auth. time use:316250.000000(us)
[2016-12-24 14:21:20.356978]SIM[540] Auth. time use:327817.000000(us)
[2016-12-24 14:21:33.366329]SIM[540] Auth. time use:330170.000000(us)
[2016-12-24 14:21:46.365216]SIM[540] Auth. time use:321055.000000(us)
[2016-12-24 14:21:59.386112]SIM[540] Auth. time use:335948.000000(us)
[2016-12-24 14:22:12.370875]SIM[540] Auth. time use:314719.000000(us)
[2016-12-24 14:22:25.386156]SIM[540] Auth. time use:322998.000000(us)
[2016-12-24 14:22:38.399517]SIM[540] Auth. time use:328362.000000(us)
[2016-12-24 14:22:51.396082]SIM[540] Auth. time use:317922.000000(us)
[2016-12-24 14:23:04.399009]SIM[540] Auth. time use:312849.000000(us)
[2016-12-24 14:23:21.862698]SIM[540] Auth. time use:4768534.000000(us)
[2016-12-24 14:23:30.429645]SIM[540] Auth. time use:329487.000000(us)
[2016-12-24 14:23:43.447339]SIM[540] Auth. time use:340178.000000(us)
[2016-12-24 14:23:56.450746]SIM[540] Auth. time use:336578.000000(us)
[2016-12-24 14:24:09.438806]SIM[540] Auth. time use:318636.000000(us)
[2016-12-24 14:24:22.486815]SIM[540] Auth. time use:359653.000000(us)
[2016-12-24 14:24:35.458946]SIM[540] Auth. time use:325780.000000(us)
[2016-12-24 14:24:48.463950]SIM[540] Auth. time use:323786.000000(us)
[2016-12-24 14:25:01.470662]SIM[540] Auth. time use:321505.000000(us)
[2016-12-24 14:25:14.491084]SIM[540] Auth. time use:330925.000000(us)
[2016-12-24 14:25:27.511475]SIM[540] Auth. time use:344313.000000(us)
[2016-12-24 14:25:40.488652]SIM[540] Auth. time use:315495.000000(us)
[2016-12-24 14:25:53.505697]SIM[540] Auth. time use:325530.000000(us)
[2016-12-24 14:26:06.517568]SIM[540] Auth. time use:329405.000000(us)
[2016-12-24 14:26:19.542979]SIM[540] Auth. time use:348807.000000(us)
[2016-12-24 14:26:32.529970]SIM[540] Auth. time use:329805.000000(us)
[2016-12-24 14:26:45.528302]SIM[540] Auth. time use:321143.000000(us)
