[2016-12-24 13:39:16.933414]SIM[ 13] Auth. time use:324268.000000(us)
[2016-12-24 13:39:29.937886]SIM[ 13] Auth. time use:320738.000000(us)
[2016-12-24 13:39:42.947844]SIM[ 13] Auth. time use:323700.000000(us)
[2016-12-24 13:39:55.942885]SIM[ 13] Auth. time use:311742.000000(us)
[2016-12-24 13:40:08.952944]SIM[ 13] Auth. time use:312800.000000(us)
[2016-12-24 13:40:22.153849]SIM[13] auth. ACK2 error. Tx_APDU[2]:DB 00 
[2016-12-24 13:40:34.971992]SIM[ 13] Auth. time use:317844.000000(us)
[2016-12-24 13:40:47.986296]SIM[ 13] Auth. time use:326153.000000(us)
[2016-12-24 13:41:00.995988]SIM[ 13] Auth. time use:329841.000000(us)
[2016-12-24 13:41:13.998764]SIM[ 13] Auth. time use:326621.000000(us)
[2016-12-24 13:41:27.198243]SIM[13] auth. ACK2 error. Tx_APDU[2]:DB 00 
[2016-12-24 13:41:40.  5877]SIM[ 13] Auth. time use:320733.000000(us)
[2016-12-24 13:41:53. 13432]SIM[ 13] Auth. time use:320285.000000(us)
[2016-12-24 13:42:06. 50191]SIM[ 13] Auth. time use:349045.000000(us)
[2016-12-24 13:42:19. 46609]SIM[ 13] Auth. time use:338464.000000(us)
[2016-12-24 13:42:32. 37074]SIM[ 13] Auth. time use:320929.000000(us)
[2016-12-24 13:42:45. 42670]SIM[ 13] Auth. time use:318521.000000(us)
[2016-12-24 13:43:02.313618]SIM[ 13] Auth. time use:4584449.000000(us)
[2016-12-24 13:43:11. 77612]SIM[ 13] Auth. time use:341465.000000(us)
[2016-12-24 13:43:24. 66823]SIM[ 13] Auth. time use:321672.000000(us)
[2016-12-24 13:43:37. 74835]SIM[ 13] Auth. time use:322668.000000(us)
[2016-12-24 13:43:50. 74012]SIM[ 13] Auth. time use:315862.000000(us)
[2016-12-24 13:44:03. 83573]SIM[ 13] Auth. time use:319421.000000(us)
[2016-12-24 13:44:16. 83279]SIM[ 13] Auth. time use:312131.000000(us)
[2016-12-24 13:44:33.393838]SIM[ 13] Auth. time use:4614657.000000(us)
[2016-12-24 13:44:42.121906]SIM[ 13] Auth. time use:336754.000000(us)
[2016-12-24 13:44:55.136541]SIM[ 13] Auth. time use:343391.000000(us)
[2016-12-24 13:45:08.148494]SIM[ 13] Auth. time use:348190.000000(us)
[2016-12-24 13:45:21.162046]SIM[ 13] Auth. time use:352898.000000(us)
[2016-12-24 13:45:34.167263]SIM[ 13] Auth. time use:351113.000000(us)
[2016-12-24 13:45:47.162046]SIM[ 13] Auth. time use:336898.000000(us)
[2016-12-24 13:46:00.183723]SIM[ 13] Auth. time use:350563.000000(us)
[2016-12-24 13:46:13.155341]SIM[ 13] Auth. time use:314194.000000(us)
[2016-12-24 13:46:26.193386]SIM[ 13] Auth. time use:345242.000000(us)
[2016-12-24 13:46:39.177218]SIM[ 13] Auth. time use:321077.000000(us)
[2016-12-24 13:46:52.184215]SIM[ 13] Auth. time use:322068.000000(us)
[2016-12-24 13:47:05.187411]SIM[ 13] Auth. time use:318262.000000(us)
[2016-12-24 13:47:18.221429]SIM[ 13] Auth. time use:346281.000000(us)
[2016-12-24 13:47:31.206737]SIM[ 13] Auth. time use:324592.000000(us)
[2016-12-24 13:47:44.202353]SIM[ 13] Auth. time use:312205.000000(us)
[2016-12-24 13:47:57.216688]SIM[ 13] Auth. time use:320543.000000(us)
[2016-12-24 13:48:10.241688]SIM[ 13] Auth. time use:338541.000000(us)
[2016-12-24 13:48:23.262151]SIM[ 13] Auth. time use:352004.000000(us)
[2016-12-24 13:48:36.252792]SIM[ 13] Auth. time use:334643.000000(us)
[2016-12-24 13:48:49.262818]SIM[ 13] Auth. time use:337670.000000(us)
[2016-12-24 13:49:02.247589]SIM[ 13] Auth. time use:315441.000000(us)
[2016-12-24 13:49:15.264982]SIM[ 13] Auth. time use:322835.000000(us)
[2016-12-24 13:49:28.288558]SIM[ 13] Auth. time use:338410.000000(us)
[2016-12-24 13:49:41.296613]SIM[ 13] Auth. time use:338469.000000(us)
[2016-12-24 13:49:54.296097]SIM[ 13] Auth. time use:330940.000000(us)
[2016-12-24 13:50:07.296015]SIM[ 13] Auth. time use:321866.000000(us)
[2016-12-24 13:50:20.499977]SIM[13] auth. ACK2 error. Tx_APDU[2]:DB 00 
[2016-12-24 13:50:33.310478]SIM[ 13] Auth. time use:321331.000000(us)
[2016-12-24 13:50:46.317779]SIM[ 13] Auth. time use:320634.000000(us)
[2016-12-24 13:50:59.322133]SIM[ 13] Auth. time use:315987.000000(us)
[2016-12-24 13:51:12.336674]SIM[ 13] Auth. time use:323526.000000(us)
[2016-12-24 13:51:25.349066]SIM[ 13] Auth. time use:327921.000000(us)
[2016-12-24 13:51:38.355663]SIM[ 13] Auth. time use:325516.000000(us)
[2016-12-24 13:51:51.374585]SIM[ 13] Auth. time use:336439.000000(us)
[2016-12-24 13:52:04.380081]SIM[ 13] Auth. time use:334936.000000(us)
[2016-12-24 13:52:17.375074]SIM[ 13] Auth. time use:318924.000000(us)
[2016-12-24 13:52:30.379722]SIM[ 13] Auth. time use:316571.000000(us)
[2016-12-24 13:52:43.399563]SIM[ 13] Auth. time use:328420.000000(us)
[2016-12-24 13:52:56.403252]SIM[ 13] Auth. time use:324100.000000(us)
[2016-12-24 13:53:09.450227]SIM[ 13] Auth. time use:364079.000000(us)
[2016-12-24 13:53:22.417888]SIM[ 13] Auth. time use:325737.000000(us)
[2016-12-24 13:53:35.431564]SIM[ 13] Auth. time use:331413.000000(us)
[2016-12-24 13:53:48.448048]SIM[ 13] Auth. time use:340885.000000(us)
[2016-12-24 13:54:01.439832]SIM[ 13] Auth. time use:324682.000000(us)
[2016-12-24 13:54:14.431568]SIM[ 13] Auth. time use:308424.000000(us)
[2016-12-24 13:54:27.450990]SIM[ 13] Auth. time use:319844.000000(us)
[2016-12-24 13:54:40.478702]SIM[ 13] Auth. time use:340559.000000(us)
[2016-12-24 13:54:57.773438]SIM[ 13] Auth. time use:4628276.000000(us)
[2016-12-24 13:55:06.678369]SIM[13] auth. ACK2 error. Tx_APDU[2]:6D 00 
[2016-12-24 13:55:19.656165]SIM[13] auth. ACK2 error. Tx_APDU[2]:6D 00 
[2016-12-24 13:55:32.481121]SIM[ 13] Auth. time use:317967.000000(us)
[2016-12-24 13:55:45.496980]SIM[ 13] Auth. time use:326831.000000(us)
[2016-12-24 13:55:58.490050]SIM[ 13] Auth. time use:313904.000000(us)
[2016-12-24 13:56:11.510032]SIM[ 13] Auth. time use:326889.000000(us)
[2016-12-24 13:56:24.509027]SIM[ 13] Auth. time use:319879.000000(us)
[2016-12-24 13:56:37.513995]SIM[ 13] Auth. time use:316849.000000(us)
[2016-12-24 13:56:50.519233]SIM[ 13] Auth. time use:315086.000000(us)
[2016-12-24 13:57:03.541658]SIM[ 13] Auth. time use:332508.000000(us)
[2016-12-24 13:57:16.560698]SIM[ 13] Auth. time use:343550.000000(us)
[2016-12-24 13:57:29.553414]SIM[ 13] Auth. time use:328268.000000(us)
[2016-12-24 13:57:42.752982]SIM[13] auth. ACK2 error. Tx_APDU[2]:DB 00 
[2016-12-24 13:57:55.576492]SIM[ 13] Auth. time use:337346.000000(us)
[2016-12-24 13:58:08.591400]SIM[ 13] Auth. time use:345255.000000(us)
[2016-12-24 13:58:21.587345]SIM[ 13] Auth. time use:334199.000000(us)
[2016-12-24 13:58:34.588197]SIM[ 13] Auth. time use:327051.000000(us)
[2016-12-24 13:58:47.603888]SIM[ 13] Auth. time use:333741.000000(us)
[2016-12-24 13:59:00.620165]SIM[ 13] Auth. time use:343016.000000(us)
[2016-12-24 13:59:13.631058]SIM[ 13] Auth. time use:346909.000000(us)
[2016-12-24 13:59:26.630589]SIM[ 13] Auth. time use:340442.000000(us)
[2016-12-24 13:59:39.640946]SIM[ 13] Auth. time use:341790.000000(us)
[2016-12-24 13:59:52.637470]SIM[ 13] Auth. time use:333320.000000(us)
[2016-12-24 14:00:05.651789]SIM[ 13] Auth. time use:339635.000000(us)
[2016-12-24 14:00:18.654957]SIM[ 13] Auth. time use:333802.000000(us)
[2016-12-24 14:00:31.674824]SIM[ 13] Auth. time use:346661.000000(us)
[2016-12-24 14:00:44.654367]SIM[ 13] Auth. time use:317221.000000(us)
[2016-12-24 14:00:57.701327]SIM[ 13] Auth. time use:353182.000000(us)
[2016-12-24 14:01:10.688917]SIM[ 13] Auth. time use:333755.000000(us)
[2016-12-24 14:01:23.712686]SIM[ 13] Auth. time use:349536.000000(us)
[2016-12-24 14:01:36.712140]SIM[ 13] Auth. time use:342990.000000(us)
[2016-12-24 14:01:49.699141]SIM[ 13] Auth. time use:321993.000000(us)
[2016-12-24 14:02:02.708049]SIM[ 13] Auth. time use:324902.000000(us)
[2016-12-24 14:02:15.721043]SIM[ 13] Auth. time use:331893.000000(us)
[2016-12-24 14:02:28.731606]SIM[ 13] Auth. time use:334461.000000(us)
[2016-12-24 14:02:41.747367]SIM[ 13] Auth. time use:344221.000000(us)
[2016-12-24 14:02:54.749958]SIM[ 13] Auth. time use:340806.000000(us)
[2016-12-24 14:03:07.743764]SIM[ 13] Auth. time use:325620.000000(us)
[2016-12-24 14:03:20.759560]SIM[ 13] Auth. time use:334415.000000(us)
[2016-12-24 14:03:33.769067]SIM[ 13] Auth. time use:337920.000000(us)
[2016-12-24 14:03:46.794996]SIM[ 13] Auth. time use:355851.000000(us)
[2016-12-24 14:03:59.780507]SIM[ 13] Auth. time use:334361.000000(us)
[2016-12-24 14:04:12.797096]SIM[ 13] Auth. time use:342950.000000(us)
[2016-12-24 14:04:25.793121]SIM[ 13] Auth. time use:330967.000000(us)
[2016-12-24 14:04:38.790197]SIM[ 13] Auth. time use:322051.000000(us)
[2016-12-24 14:04:51.805908]SIM[ 13] Auth. time use:332760.000000(us)
[2016-12-24 14:05:05.  1706]SIM[13] auth. ACK2 error. Tx_APDU[2]:DB 00 
[2016-12-24 14:05:17.815806]SIM[ 13] Auth. time use:327650.000000(us)
[2016-12-24 14:05:30.814007]SIM[ 13] Auth. time use:317859.000000(us)
[2016-12-24 14:05:44.   309]SIM[13] auth. ACK2 error. Tx_APDU[2]:DB 00 
[2016-12-24 14:05:56.829224]SIM[ 13] Auth. time use:320079.000000(us)
[2016-12-24 14:06:09.829078]SIM[ 13] Auth. time use:312931.000000(us)
[2016-12-24 14:06:22.856326]SIM[ 13] Auth. time use:335177.000000(us)
[2016-12-24 14:06:35.853656]SIM[ 13] Auth. time use:325509.000000(us)
[2016-12-24 14:06:48.872245]SIM[ 13] Auth. time use:337097.000000(us)
[2016-12-24 14:07:01.880084]SIM[ 13] Auth. time use:336940.000000(us)
[2016-12-24 14:07:14.885295]SIM[ 13] Auth. time use:335147.000000(us)
[2016-12-24 14:07:27.883495]SIM[ 13] Auth. time use:325341.000000(us)
[2016-12-24 14:07:40.905944]SIM[ 13] Auth. time use:340781.000000(us)
[2016-12-24 14:07:53.914759]SIM[ 13] Auth. time use:340602.000000(us)
[2016-12-24 14:08:06.902481]SIM[ 13] Auth. time use:320330.000000(us)
[2016-12-24 14:08:19.932586]SIM[ 13] Auth. time use:342436.000000(us)
[2016-12-24 14:08:32.930319]SIM[ 13] Auth. time use:333171.000000(us)
[2016-12-24 14:08:45.929650]SIM[ 13] Auth. time use:324501.000000(us)
[2016-12-24 14:08:58.938842]SIM[ 13] Auth. time use:326695.000000(us)
[2016-12-24 14:09:11.975703]SIM[ 13] Auth. time use:356555.000000(us)
[2016-12-24 14:09:24.971000]SIM[ 13] Auth. time use:345850.000000(us)
[2016-12-24 14:09:37.952292]SIM[ 13] Auth. time use:318138.000000(us)
[2016-12-24 14:09:50.984240]SIM[ 13] Auth. time use:344084.000000(us)
[2016-12-24 14:10:03.973080]SIM[ 13] Auth. time use:325930.000000(us)
[2016-12-24 14:10:16.992519]SIM[ 13] Auth. time use:337311.000000(us)
[2016-12-24 14:10:29.982281]SIM[ 13] Auth. time use:321134.000000(us)
[2016-12-24 14:10:42.993688]SIM[ 13] Auth. time use:327542.000000(us)
[2016-12-24 14:10:55.985673]SIM[ 13] Auth. time use:313527.000000(us)
[2016-12-24 14:11:09.  4781]SIM[ 13] Auth. time use:327634.000000(us)
[2016-12-24 14:11:22.  1462]SIM[ 13] Auth. time use:318317.000000(us)
[2016-12-24 14:11:35. 24731]SIM[ 13] Auth. time use:335580.000000(us)
[2016-12-24 14:11:48. 49115]SIM[ 13] Auth. time use:350958.000000(us)
[2016-12-24 14:12:01. 22533]SIM[ 13] Auth. time use:318385.000000(us)
[2016-12-24 14:12:14. 31202]SIM[ 13] Auth. time use:318057.000000(us)
[2016-12-24 14:12:27. 44276]SIM[ 13] Auth. time use:325133.000000(us)
[2016-12-24 14:12:40. 65083]SIM[ 13] Auth. time use:338936.000000(us)
[2016-12-24 14:12:53. 53650]SIM[ 13] Auth. time use:319502.000000(us)
[2016-12-24 14:13:06. 89766]SIM[ 13] Auth. time use:348621.000000(us)
[2016-12-24 14:13:19. 63293]SIM[ 13] Auth. time use:315146.000000(us)
[2016-12-24 14:13:32. 61978]SIM[ 13] Auth. time use:307828.000000(us)
[2016-12-24 14:13:45. 78161]SIM[ 13] Auth. time use:317018.000000(us)
[2016-12-24 14:13:58. 97235]SIM[ 13] Auth. time use:328086.000000(us)
[2016-12-24 14:14:11. 99996]SIM[ 13] Auth. time use:323851.000000(us)
[2016-12-24 14:14:24.101823]SIM[ 13] Auth. time use:317675.000000(us)
[2016-12-24 14:14:37.109226]SIM[ 13] Auth. time use:317081.000000(us)
[2016-12-24 14:14:50.112348]SIM[ 13] Auth. time use:314202.000000(us)
[2016-12-24 14:15:03.129614]SIM[ 13] Auth. time use:323472.000000(us)
[2016-12-24 14:15:16.135135]SIM[ 13] Auth. time use:322985.000000(us)
[2016-12-24 14:15:29.166555]SIM[ 13] Auth. time use:345402.000000(us)
[2016-12-24 14:15:42.171253]SIM[ 13] Auth. time use:340106.000000(us)
[2016-12-24 14:15:55.162675]SIM[ 13] Auth. time use:323523.000000(us)
[2016-12-24 14:16:08.184253]SIM[ 13] Auth. time use:337095.000000(us)
[2016-12-24 14:16:21.191586]SIM[ 13] Auth. time use:337438.000000(us)
[2016-12-24 14:16:34.182941]SIM[ 13] Auth. time use:320795.000000(us)
[2016-12-24 14:16:47.206751]SIM[ 13] Auth. time use:338601.000000(us)
[2016-12-24 14:17:00.204510]SIM[ 13] Auth. time use:329361.000000(us)
[2016-12-24 14:17:13.196944]SIM[ 13] Auth. time use:314795.000000(us)
[2016-12-24 14:17:26.213034]SIM[ 13] Auth. time use:323884.000000(us)
[2016-12-24 14:17:39.215575]SIM[ 13] Auth. time use:320426.000000(us)
[2016-12-24 14:17:52.239516]SIM[ 13] Auth. time use:338367.000000(us)
[2016-12-24 14:18:05.235400]SIM[ 13] Auth. time use:325250.000000(us)
[2016-12-24 14:18:18.244827]SIM[ 13] Auth. time use:322678.000000(us)
[2016-12-24 14:18:31.277728]SIM[ 13] Auth. time use:347580.000000(us)
[2016-12-24 14:18:44.283566]SIM[ 13] Auth. time use:346416.000000(us)
[2016-12-24 14:18:57.263615]SIM[ 13] Auth. time use:318472.000000(us)
[2016-12-24 14:19:10.286922]SIM[ 13] Auth. time use:333777.000000(us)
[2016-12-24 14:19:23.314780]SIM[ 13] Auth. time use:353637.000000(us)
[2016-12-24 14:19:36.325200]SIM[ 13] Auth. time use:355053.000000(us)
[2016-12-24 14:19:49.286709]SIM[ 13] Auth. time use:310562.000000(us)
[2016-12-24 14:20:02.294357]SIM[ 13] Auth. time use:311208.000000(us)
[2016-12-24 14:20:15.328679]SIM[ 13] Auth. time use:339532.000000(us)
[2016-12-24 14:20:28.315155]SIM[ 13] Auth. time use:317009.000000(us)
[2016-12-24 14:20:41.319944]SIM[ 13] Auth. time use:315799.000000(us)
[2016-12-24 14:20:54.353963]SIM[ 13] Auth. time use:341814.000000(us)
[2016-12-24 14:21:07.338954]SIM[ 13] Auth. time use:318807.000000(us)
[2016-12-24 14:21:20.357592]SIM[ 13] Auth. time use:328447.000000(us)
[2016-12-24 14:21:33.357733]SIM[ 13] Auth. time use:321588.000000(us)
[2016-12-24 14:21:46.368089]SIM[ 13] Auth. time use:323942.000000(us)
[2016-12-24 14:21:59.359669]SIM[ 13] Auth. time use:309525.000000(us)
[2016-12-24 14:22:12.401319]SIM[ 13] Auth. time use:345175.000000(us)
[2016-12-24 14:22:25.388262]SIM[ 13] Auth. time use:325117.000000(us)
[2016-12-24 14:22:38.408092]SIM[ 13] Auth. time use:336949.000000(us)
[2016-12-24 14:22:51.399887]SIM[ 13] Auth. time use:321740.000000(us)
[2016-12-24 14:23:04.399489]SIM[ 13] Auth. time use:313341.000000(us)
[2016-12-24 14:23:17.409320]SIM[ 13] Auth. time use:315178.000000(us)
[2016-12-24 14:23:30.422326]SIM[ 13] Auth. time use:322179.000000(us)
[2016-12-24 14:23:43.426690]SIM[ 13] Auth. time use:319542.000000(us)
[2016-12-24 14:23:56.444215]SIM[ 13] Auth. time use:330060.000000(us)
[2016-12-24 14:24:09.440776]SIM[ 13] Auth. time use:320619.000000(us)
[2016-12-24 14:24:22.501713]SIM[ 13] Auth. time use:374563.000000(us)
[2016-12-24 14:24:35.458361]SIM[ 13] Auth. time use:325208.000000(us)
[2016-12-24 14:24:48.448633]SIM[ 13] Auth. time use:308483.000000(us)
[2016-12-24 14:25:01.469927]SIM[ 13] Auth. time use:320782.000000(us)
[2016-12-24 14:25:14.477599]SIM[ 13] Auth. time use:317451.000000(us)
[2016-12-24 14:25:27.488221]SIM[ 13] Auth. time use:321072.000000(us)
[2016-12-24 14:25:40.502362]SIM[ 13] Auth. time use:329218.000000(us)
[2016-12-24 14:25:53.520844]SIM[ 13] Auth. time use:340690.000000(us)
[2016-12-24 14:26:06.515286]SIM[ 13] Auth. time use:327135.000000(us)
[2016-12-24 14:26:19.521073]SIM[ 13] Auth. time use:326913.000000(us)
[2016-12-24 14:26:32.533491]SIM[ 13] Auth. time use:333338.000000(us)
[2016-12-24 14:26:45.539325]SIM[ 13] Auth. time use:332179.000000(us)
