[2016-12-24 13:39:16.920276]SIM[538] Auth. time use:311121.000000(us)
[2016-12-24 13:39:29.919359]SIM[538] Auth. time use:302199.000000(us)
[2016-12-24 13:39:42.955341]SIM[538] Auth. time use:331186.000000(us)
[2016-12-24 13:39:55.949138]SIM[538] Auth. time use:317983.000000(us)
[2016-12-24 13:40:08.939434]SIM[538] Auth. time use:299279.000000(us)
[2016-12-24 13:40:21.972112]SIM[538] Auth. time use:324940.000000(us)
[2016-12-24 13:40:34.956755]SIM[538] Auth. time use:302595.000000(us)
[2016-12-24 13:40:47.969477]SIM[538] Auth. time use:309323.000000(us)
[2016-12-24 13:41:00.973668]SIM[538] Auth. time use:307510.000000(us)
[2016-12-24 13:41:13.987775]SIM[538] Auth. time use:315619.000000(us)
[2016-12-24 13:41:26.980519]SIM[538] Auth. time use:300353.000000(us)
[2016-12-24 13:41:39.989647]SIM[538] Auth. time use:304489.000000(us)
[2016-12-24 13:41:53. 23580]SIM[538] Auth. time use:330421.000000(us)
[2016-12-24 13:42:06.  1713]SIM[538] Auth. time use:300556.000000(us)
[2016-12-24 13:42:19. 30671]SIM[538] Auth. time use:322516.000000(us)
[2016-12-24 13:42:32. 33650]SIM[538] Auth. time use:317495.000000(us)
[2016-12-24 13:42:45. 30680]SIM[538] Auth. time use:306518.000000(us)
[2016-12-24 13:42:58. 54598]SIM[538] Auth. time use:325438.000000(us)
[2016-12-24 13:43:11. 40119]SIM[538] Auth. time use:303954.000000(us)
[2016-12-24 13:43:24. 56715]SIM[538] Auth. time use:311545.000000(us)
[2016-12-24 13:43:37. 62777]SIM[538] Auth. time use:310577.000000(us)
[2016-12-24 13:43:50. 62430]SIM[538] Auth. time use:304268.000000(us)
[2016-12-24 13:44:03. 86263]SIM[538] Auth. time use:322098.000000(us)
[2016-12-24 13:44:16. 96053]SIM[538] Auth. time use:324894.000000(us)
[2016-12-24 13:44:29. 96155]SIM[538] Auth. time use:316980.000000(us)
[2016-12-24 13:44:46.527742]SIM[538] Auth. time use:4742554.000000(us)
[2016-12-24 13:44:55.123921]SIM[538] Auth. time use:330761.000000(us)
[2016-12-24 13:45:08.121174]SIM[538] Auth. time use:320857.000000(us)
[2016-12-24 13:45:21.107225]SIM[538] Auth. time use:298066.000000(us)
[2016-12-24 13:45:34.131039]SIM[538] Auth. time use:314878.000000(us)
[2016-12-24 13:45:47.156889]SIM[538] Auth. time use:331729.000000(us)
[2016-12-24 13:46:00.141548]SIM[538] Auth. time use:308356.000000(us)
[2016-12-24 13:46:13.167752]SIM[538] Auth. time use:326596.000000(us)
[2016-12-24 13:46:26.164101]SIM[538] Auth. time use:315945.000000(us)
[2016-12-24 13:46:39.155514]SIM[538] Auth. time use:299356.000000(us)
[2016-12-24 13:46:52.190713]SIM[538] Auth. time use:328553.000000(us)
[2016-12-24 13:47:05.165598]SIM[538] Auth. time use:296434.000000(us)
[2016-12-24 13:47:18.208476]SIM[538] Auth. time use:333316.000000(us)
[2016-12-24 13:47:31.204645]SIM[538] Auth. time use:322488.000000(us)
[2016-12-24 13:47:44.220162]SIM[538] Auth. time use:330003.000000(us)
[2016-12-24 13:47:57.202588]SIM[538] Auth. time use:306431.000000(us)
[2016-12-24 13:48:10.238504]SIM[538] Auth. time use:335346.000000(us)
[2016-12-24 13:48:23.208817]SIM[538] Auth. time use:298654.000000(us)
[2016-12-24 13:48:36.231685]SIM[538] Auth. time use:313522.000000(us)
[2016-12-24 13:48:49.244394]SIM[538] Auth. time use:319214.000000(us)
[2016-12-24 13:49:02.237204]SIM[538] Auth. time use:305045.000000(us)
[2016-12-24 13:49:19.684926]SIM[538] Auth. time use:4742751.000000(us)
[2016-12-24 13:49:28.259276]SIM[538] Auth. time use:309117.000000(us)
[2016-12-24 13:49:41.266420]SIM[538] Auth. time use:308264.000000(us)
[2016-12-24 13:49:54.306717]SIM[538] Auth. time use:341548.000000(us)
[2016-12-24 13:50:07.285269]SIM[538] Auth. time use:311108.000000(us)
[2016-12-24 13:50:20.303825]SIM[538] Auth. time use:320666.000000(us)
[2016-12-24 13:50:33.297571]SIM[538] Auth. time use:308411.000000(us)
[2016-12-24 13:50:46.296439]SIM[538] Auth. time use:299277.000000(us)
[2016-12-24 13:50:59.314805]SIM[538] Auth. time use:308648.000000(us)
[2016-12-24 13:51:12.314594]SIM[538] Auth. time use:301412.000000(us)
[2016-12-24 13:51:25.331114]SIM[538] Auth. time use:309950.000000(us)
[2016-12-24 13:51:38.327218]SIM[538] Auth. time use:297036.000000(us)
[2016-12-24 13:51:51.354555]SIM[538] Auth. time use:316395.000000(us)
[2016-12-24 13:52:04.389707]SIM[538] Auth. time use:344549.000000(us)
[2016-12-24 13:52:17.356017]SIM[538] Auth. time use:299837.000000(us)
[2016-12-24 13:52:30.387018]SIM[538] Auth. time use:323854.000000(us)
[2016-12-24 13:52:43.388419]SIM[538] Auth. time use:317263.000000(us)
[2016-12-24 13:52:56.622773]SIM[538] auth. ACK2 length error. Tx_APDU[1]:62 
[2016-12-24 13:53:09.398559]SIM[538] Auth. time use:312398.000000(us)
[2016-12-24 13:53:22.398292]SIM[538] Auth. time use:306126.000000(us)
[2016-12-24 13:53:35.421551]SIM[538] Auth. time use:321388.000000(us)
[2016-12-24 13:53:52.849623]SIM[538] Auth. time use:4742426.000000(us)
[2016-12-24 13:54:01.448749]SIM[538] Auth. time use:333587.000000(us)
[2016-12-24 13:54:14.416225]SIM[538] Auth. time use:293069.000000(us)
[2016-12-24 13:54:27.468194]SIM[538] Auth. time use:337036.000000(us)
[2016-12-24 13:54:40.473005]SIM[538] Auth. time use:334829.000000(us)
[2016-12-24 13:54:53.447097]SIM[538] Auth. time use:301940.000000(us)
[2016-12-24 13:55:06.475902]SIM[538] Auth. time use:323729.000000(us)
[2016-12-24 13:55:19.488546]SIM[538] Auth. time use:330389.000000(us)
[2016-12-24 13:55:32.497906]SIM[538] Auth. time use:334748.000000(us)
[2016-12-24 13:55:45.478535]SIM[538] Auth. time use:308375.000000(us)
[2016-12-24 13:55:58.479526]SIM[538] Auth. time use:303368.000000(us)
[2016-12-24 13:56:11.491003]SIM[538] Auth. time use:307848.000000(us)
[2016-12-24 13:56:24.713053]SIM[538] Auth. time use:523888.000000(us)
[2016-12-24 13:56:37.537736]SIM[538] Auth. time use:340579.000000(us)
[2016-12-24 13:56:50.496080]SIM[538] Auth. time use:291918.000000(us)
[2016-12-24 13:57:03.517083]SIM[538] Auth. time use:307921.000000(us)
[2016-12-24 13:57:16.521684]SIM[538] Auth. time use:304527.000000(us)
[2016-12-24 13:57:29.529427]SIM[538] Auth. time use:304270.000000(us)
[2016-12-24 13:57:42.573510]SIM[538] Auth. time use:341349.000000(us)
[2016-12-24 13:57:55.580114]SIM[538] Auth. time use:340951.000000(us)
[2016-12-24 13:58:08.558774]SIM[538] Auth. time use:312616.000000(us)
[2016-12-24 13:58:21.552158]SIM[538] Auth. time use:299000.000000(us)
[2016-12-24 13:58:34.601837]SIM[538] Auth. time use:340680.000000(us)
[2016-12-24 13:58:47.567601]SIM[538] Auth. time use:297443.000000(us)
[2016-12-24 13:59:00.579138]SIM[538] Auth. time use:301978.000000(us)
[2016-12-24 13:59:13.589346]SIM[538] Auth. time use:305185.000000(us)
[2016-12-24 13:59:26.639547]SIM[538] Auth. time use:349386.000000(us)
[2016-12-24 13:59:39.610008]SIM[538] Auth. time use:310830.000000(us)
[2016-12-24 13:59:52.625340]SIM[538] Auth. time use:321178.000000(us)
[2016-12-24 14:00:05.631479]SIM[538] Auth. time use:319314.000000(us)
[2016-12-24 14:00:18.658926]SIM[538] Auth. time use:337756.000000(us)
[2016-12-24 14:00:31.662082]SIM[538] Auth. time use:333907.000000(us)
[2016-12-24 14:00:44.642282]SIM[538] Auth. time use:305124.000000(us)
[2016-12-24 14:00:57.660805]SIM[538] Auth. time use:312647.000000(us)
[2016-12-24 14:01:10.689213]SIM[538] Auth. time use:334039.000000(us)
[2016-12-24 14:01:23.697564]SIM[538] Auth. time use:334404.000000(us)
[2016-12-24 14:01:36.686502]SIM[538] Auth. time use:317342.000000(us)
[2016-12-24 14:01:54.104795]SIM[538] Auth. time use:4727617.000000(us)
[2016-12-24 14:02:02.707839]SIM[538] Auth. time use:324680.000000(us)
[2016-12-24 14:02:15.708878]SIM[538] Auth. time use:319716.000000(us)
[2016-12-24 14:02:28.700611]SIM[538] Auth. time use:303433.000000(us)
[2016-12-24 14:02:41.734619]SIM[538] Auth. time use:331461.000000(us)
[2016-12-24 14:02:54.707730]SIM[538] Auth. time use:298564.000000(us)
[2016-12-24 14:03:07.722052]SIM[538] Auth. time use:303896.000000(us)
[2016-12-24 14:03:20.725070]SIM[538] Auth. time use:299911.000000(us)
[2016-12-24 14:03:33.742979]SIM[538] Auth. time use:311821.000000(us)
[2016-12-24 14:03:46.752281]SIM[538] Auth. time use:313123.000000(us)
[2016-12-24 14:03:59.773839]SIM[538] Auth. time use:327681.000000(us)
[2016-12-24 14:04:12.761268]SIM[538] Auth. time use:307095.000000(us)
[2016-12-24 14:04:25.771653]SIM[538] Auth. time use:309493.000000(us)
[2016-12-24 14:04:38.783374]SIM[538] Auth. time use:315217.000000(us)
[2016-12-24 14:04:51.809797]SIM[538] Auth. time use:336638.000000(us)
[2016-12-24 14:05:04.781392]SIM[538] Auth. time use:301233.000000(us)
[2016-12-24 14:05:17.794861]SIM[538] Auth. time use:306692.000000(us)
[2016-12-24 14:05:30.803264]SIM[538] Auth. time use:307104.000000(us)
[2016-12-24 14:05:43.793870]SIM[538] Auth. time use:292709.000000(us)
[2016-12-24 14:05:56.829020]SIM[538] Auth. time use:319863.000000(us)
[2016-12-24 14:06:09.815572]SIM[538] Auth. time use:299413.000000(us)
[2016-12-24 14:06:22.830321]SIM[538] Auth. time use:309159.000000(us)
[2016-12-24 14:06:35.839565]SIM[538] Auth. time use:311408.000000(us)
[2016-12-24 14:06:48.874778]SIM[538] Auth. time use:339619.000000(us)
[2016-12-24 14:07:01.852271]SIM[538] Auth. time use:309115.000000(us)
[2016-12-24 14:07:14.863489]SIM[538] Auth. time use:313329.000000(us)
[2016-12-24 14:07:27.887075]SIM[538] Auth. time use:328909.000000(us)
[2016-12-24 14:07:40.890432]SIM[538] Auth. time use:325255.000000(us)
[2016-12-24 14:07:53.903636]SIM[538] Auth. time use:329465.000000(us)
[2016-12-24 14:08:06.904169]SIM[538] Auth. time use:322004.000000(us)
[2016-12-24 14:08:19.903259]SIM[538] Auth. time use:313097.000000(us)
[2016-12-24 14:08:32.936357]SIM[538] Auth. time use:339193.000000(us)
[2016-12-24 14:08:45.912603]SIM[538] Auth. time use:307441.000000(us)
[2016-12-24 14:08:58.949400]SIM[538] Auth. time use:337222.000000(us)
[2016-12-24 14:09:11.919304]SIM[538] Auth. time use:300145.000000(us)
[2016-12-24 14:09:24.941201]SIM[538] Auth. time use:316040.000000(us)
[2016-12-24 14:09:37.959447]SIM[538] Auth. time use:325282.000000(us)
[2016-12-24 14:09:50.958983]SIM[538] Auth. time use:318795.000000(us)
[2016-12-24 14:10:03.971163]SIM[538] Auth. time use:323997.000000(us)
[2016-12-24 14:10:16.976184]SIM[538] Auth. time use:320963.000000(us)
[2016-12-24 14:10:29.974556]SIM[538] Auth. time use:313397.000000(us)
[2016-12-24 14:10:43.   688]SIM[538] Auth. time use:334530.000000(us)
[2016-12-24 14:10:55.994799]SIM[538] Auth. time use:322641.000000(us)
[2016-12-24 14:11:08.986630]SIM[538] Auth. time use:309467.000000(us)
[2016-12-24 14:11:21.989197]SIM[538] Auth. time use:306040.000000(us)
[2016-12-24 14:11:34.996941]SIM[538] Auth. time use:307776.000000(us)
[2016-12-24 14:11:48. 34035]SIM[538] Auth. time use:335871.000000(us)
[2016-12-24 14:12:01. 41617]SIM[538] Auth. time use:337456.000000(us)
[2016-12-24 14:12:14. 10006]SIM[538] Auth. time use:296848.000000(us)
[2016-12-24 14:12:27. 15404]SIM[538] Auth. time use:296248.000000(us)
[2016-12-24 14:12:40. 57553]SIM[538] Auth. time use:331394.000000(us)
[2016-12-24 14:12:57.472975]SIM[538] Auth. time use:4738797.000000(us)
[2016-12-24 14:13:06. 41602]SIM[538] Auth. time use:300446.000000(us)
[2016-12-24 14:13:19. 45615]SIM[538] Auth. time use:297456.000000(us)
[2016-12-24 14:13:32. 48085]SIM[538] Auth. time use:293924.000000(us)
[2016-12-24 14:13:45. 62862]SIM[538] Auth. time use:301708.000000(us)
[2016-12-24 14:13:58. 74045]SIM[538] Auth. time use:304885.000000(us)
[2016-12-24 14:14:11. 87747]SIM[538] Auth. time use:311589.000000(us)
[2016-12-24 14:14:24. 92908]SIM[538] Auth. time use:308750.000000(us)
[2016-12-24 14:14:37. 94702]SIM[538] Auth. time use:302544.000000(us)
[2016-12-24 14:14:50.133388]SIM[538] Auth. time use:335228.000000(us)
[2016-12-24 14:15:03.118763]SIM[538] Auth. time use:312610.000000(us)
[2016-12-24 14:15:16.127810]SIM[538] Auth. time use:315647.000000(us)
[2016-12-24 14:15:29.139285]SIM[538] Auth. time use:318118.000000(us)
[2016-12-24 14:15:42.151794]SIM[538] Auth. time use:320634.000000(us)
[2016-12-24 14:15:55.180914]SIM[538] Auth. time use:341748.000000(us)
[2016-12-24 14:16:08.160226]SIM[538] Auth. time use:313054.000000(us)
[2016-12-24 14:16:21.163385]SIM[538] Auth. time use:309226.000000(us)
[2016-12-24 14:16:34.196496]SIM[538] Auth. time use:334338.000000(us)
[2016-12-24 14:16:47.188989]SIM[538] Auth. time use:320826.000000(us)
[2016-12-24 14:17:00.176679]SIM[538] Auth. time use:301520.000000(us)
[2016-12-24 14:17:13.214022]SIM[538] Auth. time use:331861.000000(us)
[2016-12-24 14:17:26.196034]SIM[538] Auth. time use:306872.000000(us)
[2016-12-24 14:17:39.219958]SIM[538] Auth. time use:324774.000000(us)
[2016-12-24 14:17:56.670585]SIM[538] Auth. time use:4769401.000000(us)
[2016-12-24 14:18:05.232757]SIM[538] Auth. time use:322594.000000(us)
[2016-12-24 14:18:18.221140]SIM[538] Auth. time use:298977.000000(us)
[2016-12-24 14:18:31.267042]SIM[538] Auth. time use:336881.000000(us)
[2016-12-24 14:18:44.267401]SIM[538] Auth. time use:330241.000000(us)
[2016-12-24 14:18:57.239749]SIM[538] Auth. time use:294594.000000(us)
[2016-12-24 14:19:10.269767]SIM[538] Auth. time use:316612.000000(us)
[2016-12-24 14:19:23.279638]SIM[538] Auth. time use:318484.000000(us)
[2016-12-24 14:19:36.272025]SIM[538] Auth. time use:301867.000000(us)
[2016-12-24 14:19:49.307750]SIM[538] Auth. time use:331588.000000(us)
[2016-12-24 14:20:02.278994]SIM[538] Auth. time use:295834.000000(us)
[2016-12-24 14:20:15.285323]SIM[538] Auth. time use:296160.000000(us)
[2016-12-24 14:20:32.724820]SIM[538] Auth. time use:4726644.000000(us)
[2016-12-24 14:20:41.301078]SIM[538] Auth. time use:296922.000000(us)
[2016-12-24 14:20:54.351238]SIM[538] Auth. time use:339079.000000(us)
[2016-12-24 14:21:07.321579]SIM[538] Auth. time use:301419.000000(us)
[2016-12-24 14:21:20.356897]SIM[538] Auth. time use:327739.000000(us)
[2016-12-24 14:21:33.351314]SIM[538] Auth. time use:315157.000000(us)
[2016-12-24 14:21:46.350300]SIM[538] Auth. time use:306139.000000(us)
[2016-12-24 14:21:59.371294]SIM[538] Auth. time use:321137.000000(us)
[2016-12-24 14:22:12.356020]SIM[538] Auth. time use:299860.000000(us)
[2016-12-24 14:22:25.371643]SIM[538] Auth. time use:308488.000000(us)
[2016-12-24 14:22:38.399436]SIM[538] Auth. time use:328281.000000(us)
[2016-12-24 14:22:51.381187]SIM[538] Auth. time use:303028.000000(us)
[2016-12-24 14:23:04.384079]SIM[538] Auth. time use:297917.000000(us)
[2016-12-24 14:23:17.411576]SIM[538] Auth. time use:317420.000000(us)
[2016-12-24 14:23:30.429564]SIM[538] Auth. time use:329408.000000(us)
[2016-12-24 14:23:43.432663]SIM[538] Auth. time use:325503.000000(us)
[2016-12-24 14:23:56.435399]SIM[538] Auth. time use:321233.000000(us)
[2016-12-24 14:24:09.421461]SIM[538] Auth. time use:301290.000000(us)
[2016-12-24 14:24:22.471221]SIM[538] Auth. time use:344056.000000(us)
[2016-12-24 14:24:35.458865]SIM[538] Auth. time use:325700.000000(us)
[2016-12-24 14:24:48.449081]SIM[538] Auth. time use:308919.000000(us)
[2016-12-24 14:25:01.455694]SIM[538] Auth. time use:306537.000000(us)
[2016-12-24 14:25:14.491003]SIM[538] Auth. time use:330844.000000(us)
[2016-12-24 14:25:27.471512]SIM[538] Auth. time use:304351.000000(us)
[2016-12-24 14:25:40.473622]SIM[538] Auth. time use:300465.000000(us)
[2016-12-24 14:25:53.490785]SIM[538] Auth. time use:310619.000000(us)
[2016-12-24 14:26:06.502860]SIM[538] Auth. time use:314697.000000(us)
[2016-12-24 14:26:19.528186]SIM[538] Auth. time use:334016.000000(us)
[2016-12-24 14:26:32.515097]SIM[538] Auth. time use:314928.000000(us)
[2016-12-24 14:26:45.513424]SIM[538] Auth. time use:306248.000000(us)
