[2016-12-24 13:39:16.932731]SIM[  5] Auth. time use:323592.000000(us)
[2016-12-24 13:39:29.951848]SIM[  5] Auth. time use:334704.000000(us)
[2016-12-24 13:39:42.961815]SIM[  5] Auth. time use:337677.000000(us)
[2016-12-24 13:39:55.942150]SIM[  5] Auth. time use:311012.000000(us)
[2016-12-24 13:40:08.952155]SIM[  5] Auth. time use:312019.000000(us)
[2016-12-24 13:40:21.974389]SIM[  5] Auth. time use:327243.000000(us)
[2016-12-24 13:40:35.120963]SIM[5] auth. ACK2 error. Tx_APDU[2]:6D 00 
[2016-12-24 13:40:47.985439]SIM[  5] Auth. time use:325303.000000(us)
[2016-12-24 13:41:01.129604]SIM[5] auth. ACK2 error. Tx_APDU[2]:6D 00 
[2016-12-24 13:41:14.147505]SIM[5] auth. ACK2 error. Tx_APDU[2]:6D 00 
[2016-12-24 13:41:27. 26273]SIM[  5] Auth. time use:346128.000000(us)
[2016-12-24 13:41:40.149415]SIM[5] auth. ACK2 error. Tx_APDU[2]:6D 00 
[2016-12-24 13:41:53. 12654]SIM[  5] Auth. time use:319514.000000(us)
[2016-12-24 13:42:06. 34517]SIM[  5] Auth. time use:333377.000000(us)
[2016-12-24 13:42:19. 45799]SIM[  5] Auth. time use:337659.000000(us)
[2016-12-24 13:42:32. 51042]SIM[  5] Auth. time use:334903.000000(us)
[2016-12-24 13:42:45. 41899]SIM[  5] Auth. time use:317757.000000(us)
[2016-12-24 13:42:58. 85670]SIM[  5] Auth. time use:356528.000000(us)
[2016-12-24 13:43:11. 90895]SIM[  5] Auth. time use:354754.000000(us)
[2016-12-24 13:43:24. 80751]SIM[  5] Auth. time use:335607.000000(us)
[2016-12-24 13:43:37. 74146]SIM[  5] Auth. time use:321986.000000(us)
[2016-12-24 13:43:50. 73249]SIM[  5] Auth. time use:315106.000000(us)
[2016-12-24 13:44:03. 97432]SIM[  5] Auth. time use:333287.000000(us)
[2016-12-24 13:44:16. 96698]SIM[  5] Auth. time use:325556.000000(us)
[2016-12-24 13:44:29.114912]SIM[  5] Auth. time use:335757.000000(us)
[2016-12-24 13:44:42.121113]SIM[  5] Auth. time use:335963.000000(us)
[2016-12-24 13:44:55.150781]SIM[  5] Auth. time use:357640.000000(us)
[2016-12-24 13:45:08.133346]SIM[  5] Auth. time use:333049.000000(us)
[2016-12-24 13:45:21.141552]SIM[  5] Auth. time use:332411.000000(us)
[2016-12-24 13:45:34.166547]SIM[  5] Auth. time use:350405.000000(us)
[2016-12-24 13:45:47.175579]SIM[  5] Auth. time use:350439.000000(us)
[2016-12-24 13:46:00.153957]SIM[  5] Auth. time use:320803.000000(us)
[2016-12-24 13:46:13.154541]SIM[  5] Auth. time use:313402.000000(us)
[2016-12-24 13:46:26.192590]SIM[  5] Auth. time use:344452.000000(us)
[2016-12-24 13:46:39.176393]SIM[  5] Auth. time use:320257.000000(us)
[2016-12-24 13:46:52.183407]SIM[  5] Auth. time use:321267.000000(us)
[2016-12-24 13:47:05.186596]SIM[  5] Auth. time use:317454.000000(us)
[2016-12-24 13:47:18.205904]SIM[  5] Auth. time use:330763.000000(us)
[2016-12-24 13:47:31.205905]SIM[  5] Auth. time use:323765.000000(us)
[2016-12-24 13:47:44.216576]SIM[  5] Auth. time use:326435.000000(us)
[2016-12-24 13:47:57.215919]SIM[  5] Auth. time use:319781.000000(us)
[2016-12-24 13:48:10.226308]SIM[  5] Auth. time use:323168.000000(us)
[2016-12-24 13:48:23.246367]SIM[  5] Auth. time use:336226.000000(us)
[2016-12-24 13:48:36.386929]SIM[5] auth. ACK2 error. Tx_APDU[2]:6D 00 
[2016-12-24 13:48:49.394221]SIM[5] auth. ACK2 error. Tx_APDU[2]:6D 00 
[2016-12-24 13:49:02.410706]SIM[5] auth. ACK2 error. Tx_APDU[2]:6D 00 
[2016-12-24 13:49:15.278547]SIM[  5] Auth. time use:336406.000000(us)
[2016-12-24 13:49:28.274036]SIM[  5] Auth. time use:323894.000000(us)
[2016-12-24 13:49:41.430619]SIM[5] auth. ACK2 error. Tx_APDU[2]:6D 00 
[2016-12-24 13:49:54.444967]SIM[5] auth. ACK2 error. Tx_APDU[2]:6D 00 
[2016-12-24 13:50:11.573193]SIM[  5] Auth. time use:4599031.000000(us)
[2016-12-24 13:50:20.484885]SIM[5] auth. ACK2 error. Tx_APDU[2]:6D 00 
[2016-12-24 13:50:33.327479]SIM[  5] Auth. time use:338337.000000(us)
[2016-12-24 13:50:46.331769]SIM[  5] Auth. time use:334630.000000(us)
[2016-12-24 13:50:59.471136]SIM[5] auth. ACK2 error. Tx_APDU[2]:6D 00 
[2016-12-24 13:51:12.501228]SIM[5] auth. ACK2 error. Tx_APDU[2]:6D 00 
[2016-12-24 13:51:25.363249]SIM[  5] Auth. time use:342110.000000(us)
[2016-12-24 13:51:38.504616]SIM[5] auth. ACK2 error. Tx_APDU[2]:6D 00 
[2016-12-24 13:51:51.373741]SIM[  5] Auth. time use:335601.000000(us)
[2016-12-24 13:52:04.379221]SIM[  5] Auth. time use:334082.000000(us)
[2016-12-24 13:52:17.374333]SIM[  5] Auth. time use:318190.000000(us)
[2016-12-24 13:52:30.393943]SIM[  5] Auth. time use:330799.000000(us)
[2016-12-24 13:52:47.672399]SIM[  5] Auth. time use:4601238.000000(us)
[2016-12-24 13:52:56.424532]SIM[  5] Auth. time use:345389.000000(us)
[2016-12-24 13:53:09.572534]SIM[5] auth. ACK2 error. Tx_APDU[2]:6D 00 
[2016-12-24 13:53:22.417093]SIM[  5] Auth. time use:324948.000000(us)
[2016-12-24 13:53:35.445517]SIM[  5] Auth. time use:345373.000000(us)
[2016-12-24 13:53:48.461637]SIM[  5] Auth. time use:354485.000000(us)
[2016-12-24 13:54:01.424049]SIM[  5] Auth. time use:308906.000000(us)
[2016-12-24 13:54:14.445523]SIM[  5] Auth. time use:322385.000000(us)
[2016-12-24 13:54:27.598235]SIM[5] auth. ACK2 error. Tx_APDU[2]:6D 00 
[2016-12-24 13:54:40.606845]SIM[5] auth. ACK2 error. Tx_APDU[2]:6D 00 
[2016-12-24 13:54:53.616714]SIM[5] auth. ACK2 error. Tx_APDU[2]:6D 00 
[2016-12-24 13:55:06.649202]SIM[5] auth. ACK2 error. Tx_APDU[2]:6D 00 
[2016-12-24 13:55:19.626057]SIM[5] auth. ACK2 error. Tx_APDU[2]:6D 00 
[2016-12-24 13:55:32.495217]SIM[  5] Auth. time use:332076.000000(us)
[2016-12-24 13:55:45.496214]SIM[  5] Auth. time use:326074.000000(us)
[2016-12-24 13:55:58.504072]SIM[  5] Auth. time use:327931.000000(us)
[2016-12-24 13:56:11.524176]SIM[  5] Auth. time use:341038.000000(us)
[2016-12-24 13:56:24.508231]SIM[  5] Auth. time use:319089.000000(us)
[2016-12-24 13:56:37.659717]SIM[5] auth. ACK2 error. Tx_APDU[2]:6D 00 
[2016-12-24 13:56:50.667500]SIM[5] auth. ACK2 error. Tx_APDU[2]:6D 00 
[2016-12-24 13:57:03.525868]SIM[  5] Auth. time use:316725.000000(us)
[2016-12-24 13:57:16.690445]SIM[5] auth. ACK2 error. Tx_APDU[2]:6D 00 
[2016-12-24 13:57:29.566841]SIM[  5] Auth. time use:341700.000000(us)
[2016-12-24 13:57:42.580125]SIM[  5] Auth. time use:347982.000000(us)
[2016-12-24 13:57:55.575656]SIM[  5] Auth. time use:336516.000000(us)
[2016-12-24 13:58:08.590559]SIM[  5] Auth. time use:344422.000000(us)
[2016-12-24 13:58:21.586559]SIM[  5] Auth. time use:333418.000000(us)
[2016-12-24 13:58:34.587379]SIM[  5] Auth. time use:326236.000000(us)
[2016-12-24 13:58:47.747633]SIM[5] auth. ACK2 error. Tx_APDU[2]:6D 00 
[2016-12-24 13:59:00.752264]SIM[5] auth. ACK2 error. Tx_APDU[2]:6D 00 
[2016-12-24 13:59:13.615462]SIM[  5] Auth. time use:331319.000000(us)
[2016-12-24 13:59:26.644357]SIM[  5] Auth. time use:354214.000000(us)
[2016-12-24 13:59:39.625342]SIM[  5] Auth. time use:326193.000000(us)
[2016-12-24 13:59:52.636706]SIM[  5] Auth. time use:332562.000000(us)
[2016-12-24 14:00:05.636634]SIM[  5] Auth. time use:324487.000000(us)
[2016-12-24 14:00:18.639290]SIM[  5] Auth. time use:318141.000000(us)
[2016-12-24 14:00:31.674065]SIM[  5] Auth. time use:345910.000000(us)
[2016-12-24 14:00:44.668348]SIM[  5] Auth. time use:331209.000000(us)
[2016-12-24 14:00:57.685625]SIM[  5] Auth. time use:337484.000000(us)
[2016-12-24 14:01:10.703201]SIM[  5] Auth. time use:348047.000000(us)
[2016-12-24 14:01:23.837810]SIM[5] auth. ACK2 error. Tx_APDU[2]:6D 00 
[2016-12-24 14:01:36.694603]SIM[  5] Auth. time use:325459.000000(us)
[2016-12-24 14:01:49.867781]SIM[5] auth. ACK2 error. Tx_APDU[2]:6D 00 
[2016-12-24 14:02:02.845456]SIM[5] auth. ACK2 error. Tx_APDU[2]:6D 00 
[2016-12-24 14:02:15.870189]SIM[5] auth. ACK2 error. Tx_APDU[2]:6D 00 
[2016-12-24 14:02:28.745632]SIM[  5] Auth. time use:348493.000000(us)
[2016-12-24 14:02:41.881455]SIM[5] auth. ACK2 error. Tx_APDU[2]:6D 00 
[2016-12-24 14:02:54.749125]SIM[  5] Auth. time use:339977.000000(us)
[2016-12-24 14:03:07.886090]SIM[5] auth. ACK2 error. Tx_APDU[2]:6D 00 
[2016-12-24 14:03:20.888084]SIM[5] auth. ACK2 error. Tx_APDU[2]:6D 00 
[2016-12-24 14:03:33.903256]SIM[5] auth. ACK2 error. Tx_APDU[2]:6D 00 
[2016-12-24 14:03:46.779925]SIM[  5] Auth. time use:340785.000000(us)
[2016-12-24 14:03:59.764672]SIM[  5] Auth. time use:318532.000000(us)
[2016-12-24 14:04:12.796230]SIM[  5] Auth. time use:342090.000000(us)
[2016-12-24 14:04:25.777541]SIM[  5] Auth. time use:315399.000000(us)
[2016-12-24 14:04:38.775308]SIM[  5] Auth. time use:307169.000000(us)
[2016-12-24 14:04:51.805168]SIM[  5] Auth. time use:332027.000000(us)
[2016-12-24 14:05:04.956920]SIM[5] auth. ACK2 error. Tx_APDU[2]:6D 00 
[2016-12-24 14:05:17.830021]SIM[  5] Auth. time use:341872.000000(us)
[2016-12-24 14:05:30.978028]SIM[5] auth. ACK2 error. Tx_APDU[2]:6D 00 
[2016-12-24 14:05:43.826747]SIM[  5] Auth. time use:325606.000000(us)
[2016-12-24 14:05:56.828442]SIM[  5] Auth. time use:319303.000000(us)
[2016-12-24 14:06:09.987123]SIM[5] auth. ACK2 error. Tx_APDU[2]:6D 00 
[2016-12-24 14:06:22.855466]SIM[  5] Auth. time use:334323.000000(us)
[2016-12-24 14:06:35.867740]SIM[  5] Auth. time use:339599.000000(us)
[2016-12-24 14:06:49.  5877]SIM[5] auth. ACK2 error. Tx_APDU[2]:6D 00 
[2016-12-24 14:07:01.879263]SIM[  5] Auth. time use:336125.000000(us)
[2016-12-24 14:07:15. 29151]SIM[5] auth. ACK2 error. Tx_APDU[2]:6D 00 
[2016-12-24 14:07:27.882731]SIM[  5] Auth. time use:324584.000000(us)
[2016-12-24 14:07:40.919530]SIM[  5] Auth. time use:354374.000000(us)
[2016-12-24 14:07:53.899166]SIM[  5] Auth. time use:325017.000000(us)
[2016-12-24 14:08:06.916216]SIM[  5] Auth. time use:334071.000000(us)
[2016-12-24 14:08:19.916985]SIM[  5] Auth. time use:326840.000000(us)
[2016-12-24 14:08:32.929501]SIM[  5] Auth. time use:332359.000000(us)
[2016-12-24 14:08:46. 66353]SIM[5] auth. ACK2 error. Tx_APDU[2]:6D 00 
[2016-12-24 14:08:58.938211]SIM[  5] Auth. time use:326071.000000(us)
[2016-12-24 14:09:11.953791]SIM[  5] Auth. time use:334650.000000(us)
[2016-12-24 14:09:25.108430]SIM[5] auth. ACK2 error. Tx_APDU[2]:6D 00 
[2016-12-24 14:09:37.966373]SIM[  5] Auth. time use:332226.000000(us)
[2016-12-24 14:09:51.122938]SIM[5] auth. ACK2 error. Tx_APDU[2]:6D 00 
[2016-12-24 14:10:04.118583]SIM[5] auth. ACK2 error. Tx_APDU[2]:6D 00 
[2016-12-24 14:10:16.976848]SIM[  5] Auth. time use:321646.000000(us)
[2016-12-24 14:10:29.996472]SIM[  5] Auth. time use:335331.000000(us)
[2016-12-24 14:10:42.978513]SIM[  5] Auth. time use:312373.000000(us)
[2016-12-24 14:10:55.999052]SIM[  5] Auth. time use:326913.000000(us)
[2016-12-24 14:11:08.989273]SIM[  5] Auth. time use:312133.000000(us)
[2016-12-24 14:11:22. 15418]SIM[  5] Auth. time use:332279.000000(us)
[2016-12-24 14:11:35.  9212]SIM[  5] Auth. time use:320068.000000(us)
[2016-12-24 14:11:48. 18761]SIM[  5] Auth. time use:320619.000000(us)
[2016-12-24 14:12:01. 36412]SIM[  5] Auth. time use:332269.000000(us)
[2016-12-24 14:12:14. 30420]SIM[  5] Auth. time use:317282.000000(us)
[2016-12-24 14:12:27. 43457]SIM[  5] Auth. time use:324320.000000(us)
[2016-12-24 14:12:40.209482]SIM[5] auth. ACK2 error. Tx_APDU[2]:6D 00 
[2016-12-24 14:12:53. 67833]SIM[  5] Auth. time use:333691.000000(us)
[2016-12-24 14:13:06.221218]SIM[5] auth. ACK2 error. Tx_APDU[2]:6D 00 
[2016-12-24 14:13:19.226827]SIM[5] auth. ACK2 error. Tx_APDU[2]:6D 00 
[2016-12-24 14:13:58.230577]SIM[5] auth. ACK2 length error. Tx_APDU[1]:00 
[2016-12-24 14:14:11.248638]SIM[5] auth. ACK2 error. Tx_APDU[2]:6D 00 
[2016-12-24 14:14:24.101043]SIM[  5] Auth. time use:316902.000000(us)
[2016-12-24 14:14:37.272582]SIM[5] auth. ACK2 error. Tx_APDU[2]:6D 00 
[2016-12-24 14:14:50.126001]SIM[  5] Auth. time use:327861.000000(us)
[2016-12-24 14:15:03.143030]SIM[  5] Auth. time use:336893.000000(us)
[2016-12-24 14:15:16.134434]SIM[  5] Auth. time use:322291.000000(us)
[2016-12-24 14:15:29.292683]SIM[5] auth. ACK2 error. Tx_APDU[2]:6D 00 
[2016-12-24 14:15:42.170407]SIM[  5] Auth. time use:339268.000000(us)
[2016-12-24 14:15:55.190403]SIM[  5] Auth. time use:351257.000000(us)
[2016-12-24 14:16:08.183433]SIM[  5] Auth. time use:336282.000000(us)
[2016-12-24 14:16:21.190835]SIM[  5] Auth. time use:336695.000000(us)
[2016-12-24 14:16:34.218911]SIM[  5] Auth. time use:356771.000000(us)
[2016-12-24 14:16:47.204176]SIM[  5] Auth. time use:336034.000000(us)
[2016-12-24 14:17:00.232365]SIM[  5] Auth. time use:357223.000000(us)
[2016-12-24 14:17:13.210958]SIM[  5] Auth. time use:328815.000000(us)
[2016-12-24 14:17:26.241346]SIM[  5] Auth. time use:352201.000000(us)
[2016-12-24 14:17:39.244298]SIM[  5] Auth. time use:349154.000000(us)
[2016-12-24 14:17:52.238711]SIM[  5] Auth. time use:337566.000000(us)
[2016-12-24 14:18:05.376054]SIM[5] auth. ACK2 error. Tx_APDU[2]:6D 00 
[2016-12-24 14:18:18.273303]SIM[  5] Auth. time use:351160.000000(us)
[2016-12-24 14:18:31.248039]SIM[  5] Auth. time use:317897.000000(us)
[2016-12-24 14:18:44.268087]SIM[  5] Auth. time use:330943.000000(us)
[2016-12-24 14:18:57.277348]SIM[  5] Auth. time use:332211.000000(us)
[2016-12-24 14:19:10.271449]SIM[  5] Auth. time use:318311.000000(us)
[2016-12-24 14:19:23.298939]SIM[  5] Auth. time use:337802.000000(us)
[2016-12-24 14:19:36.309399]SIM[  5] Auth. time use:339257.000000(us)
[2016-12-24 14:19:49.300555]SIM[  5] Auth. time use:324416.000000(us)
[2016-12-24 14:20:02.308327]SIM[  5] Auth. time use:325184.000000(us)
[2016-12-24 14:20:15.327836]SIM[  5] Auth. time use:338694.000000(us)
[2016-12-24 14:20:28.329281]SIM[  5] Auth. time use:331142.000000(us)
[2016-12-24 14:20:41.319167]SIM[  5] Auth. time use:315028.000000(us)
[2016-12-24 14:20:54.338516]SIM[  5] Auth. time use:326373.000000(us)
[2016-12-24 14:21:07.338175]SIM[  5] Auth. time use:318034.000000(us)
[2016-12-24 14:21:20.356770]SIM[  5] Auth. time use:327630.000000(us)
[2016-12-24 14:21:33.371758]SIM[  5] Auth. time use:335619.000000(us)
[2016-12-24 14:21:50.640500]SIM[  5] Auth. time use:4596341.000000(us)
[2016-12-24 14:21:59.358929]SIM[  5] Auth. time use:308791.000000(us)
[2016-12-24 14:22:12.371383]SIM[  5] Auth. time use:315246.000000(us)
[2016-12-24 14:22:25.401851]SIM[  5] Auth. time use:338713.000000(us)
[2016-12-24 14:22:38.407277]SIM[  5] Auth. time use:336139.000000(us)
[2016-12-24 14:22:51.399140]SIM[  5] Auth. time use:321000.000000(us)
[2016-12-24 14:23:04.398787]SIM[  5] Auth. time use:312646.000000(us)
[2016-12-24 14:23:17.408575]SIM[  5] Auth. time use:314439.000000(us)
[2016-12-24 14:23:30.421549]SIM[  5] Auth. time use:321410.000000(us)
[2016-12-24 14:23:43.454748]SIM[  5] Auth. time use:347606.000000(us)
[2016-12-24 14:23:56.428556]SIM[  5] Auth. time use:314409.000000(us)
[2016-12-24 14:24:09.472221]SIM[  5] Auth. time use:352070.000000(us)
[2016-12-24 14:24:22.449653]SIM[  5] Auth. time use:322509.000000(us)
[2016-12-24 14:24:35.487079]SIM[  5] Auth. time use:353931.000000(us)
[2016-12-24 14:24:48.477200]SIM[  5] Auth. time use:337056.000000(us)
[2016-12-24 14:25:01.469196]SIM[  5] Auth. time use:320058.000000(us)
[2016-12-24 14:25:14.502361]SIM[  5] Auth. time use:342220.000000(us)
[2016-12-24 14:25:27.502008]SIM[  5] Auth. time use:334867.000000(us)
[2016-12-24 14:25:40.501568]SIM[  5] Auth. time use:328432.000000(us)
[2016-12-24 14:25:53.519971]SIM[  5] Auth. time use:339824.000000(us)
[2016-12-24 14:26:06.514519]SIM[  5] Auth. time use:326376.000000(us)
[2016-12-24 14:26:19.520311]SIM[  5] Auth. time use:326158.000000(us)
[2016-12-24 14:26:32.532726]SIM[  5] Auth. time use:332580.000000(us)
[2016-12-24 14:26:45.553410]SIM[  5] Auth. time use:346269.000000(us)
