[2016-12-24 13:39:16.919868]SIM[531] Auth. time use:310718.000000(us)
[2016-12-24 13:39:29.933413]SIM[531] Auth. time use:316258.000000(us)
[2016-12-24 13:39:42.940200]SIM[531] Auth. time use:316049.000000(us)
[2016-12-24 13:39:55.948744]SIM[531] Auth. time use:317595.000000(us)
[2016-12-24 13:40:08.953798]SIM[531] Auth. time use:313648.000000(us)
[2016-12-24 13:40:21.986629]SIM[531] Auth. time use:339470.000000(us)
[2016-12-24 13:40:34.986354]SIM[531] Auth. time use:332201.000000(us)
[2016-12-24 13:40:47.985995]SIM[531] Auth. time use:325847.000000(us)
[2016-12-24 13:41:01.  3117]SIM[531] Auth. time use:336955.000000(us)
[2016-12-24 13:41:14. 17150]SIM[531] Auth. time use:345000.000000(us)
[2016-12-24 13:41:26.994686]SIM[531] Auth. time use:314526.000000(us)
[2016-12-24 13:41:40.  3582]SIM[531] Auth. time use:318432.000000(us)
[2016-12-24 13:41:53.  8523]SIM[531] Auth. time use:315366.000000(us)
[2016-12-24 13:42:06. 16003]SIM[531] Auth. time use:314851.000000(us)
[2016-12-24 13:42:19. 30281]SIM[531] Auth. time use:322127.000000(us)
[2016-12-24 13:42:32. 33254]SIM[531] Auth. time use:317102.000000(us)
[2016-12-24 13:42:45. 60048]SIM[531] Auth. time use:335895.000000(us)
[2016-12-24 13:42:58. 39475]SIM[531] Auth. time use:310321.000000(us)
[2016-12-24 13:43:11. 54080]SIM[531] Auth. time use:317927.000000(us)
[2016-12-24 13:43:24. 56314]SIM[531] Auth. time use:311157.000000(us)
[2016-12-24 13:43:37. 76292]SIM[531] Auth. time use:324117.000000(us)
[2016-12-24 13:43:50. 76631]SIM[531] Auth. time use:318474.000000(us)
[2016-12-24 13:44:03. 85857]SIM[531] Auth. time use:321697.000000(us)
[2016-12-24 13:44:16. 81475]SIM[531] Auth. time use:310301.000000(us)
[2016-12-24 13:44:29. 95735]SIM[531] Auth. time use:316567.000000(us)
[2016-12-24 13:44:42.143952]SIM[531] Auth. time use:358793.000000(us)
[2016-12-24 13:44:55.123438]SIM[531] Auth. time use:330270.000000(us)
[2016-12-24 13:45:08.120770]SIM[531] Auth. time use:320459.000000(us)
[2016-12-24 13:45:21.121256]SIM[531] Auth. time use:312101.000000(us)
[2016-12-24 13:45:34.150591]SIM[531] Auth. time use:334417.000000(us)
[2016-12-24 13:45:47.156430]SIM[531] Auth. time use:331276.000000(us)
[2016-12-24 13:46:00.155730]SIM[531] Auth. time use:322561.000000(us)
[2016-12-24 13:46:13.167321]SIM[531] Auth. time use:326169.000000(us)
[2016-12-24 13:46:26.163701]SIM[531] Auth. time use:315551.000000(us)
[2016-12-24 13:46:39.169724]SIM[531] Auth. time use:313576.000000(us)
[2016-12-24 13:46:52.175576]SIM[531] Auth. time use:313422.000000(us)
[2016-12-24 13:47:05.179810]SIM[531] Auth. time use:310654.000000(us)
[2016-12-24 13:47:18.193170]SIM[531] Auth. time use:318017.000000(us)
[2016-12-24 13:47:31.204245]SIM[531] Auth. time use:322093.000000(us)
[2016-12-24 13:47:44.204691]SIM[531] Auth. time use:314538.000000(us)
[2016-12-24 13:47:57.216734]SIM[531] Auth. time use:320584.000000(us)
[2016-12-24 13:48:10.223424]SIM[531] Auth. time use:320269.000000(us)
[2016-12-24 13:48:23.223226]SIM[531] Auth. time use:313069.000000(us)
[2016-12-24 13:48:36.246336]SIM[531] Auth. time use:328180.000000(us)
[2016-12-24 13:48:49.244020]SIM[531] Auth. time use:318865.000000(us)
[2016-12-24 13:49:02.266697]SIM[531] Auth. time use:334543.000000(us)
[2016-12-24 13:49:15.259609]SIM[531] Auth. time use:317456.000000(us)
[2016-12-24 13:49:28.273356]SIM[531] Auth. time use:323201.000000(us)
[2016-12-24 13:49:41.280914]SIM[531] Auth. time use:322763.000000(us)
[2016-12-24 13:49:54.306315]SIM[531] Auth. time use:341152.000000(us)
[2016-12-24 13:50:07.299374]SIM[531] Auth. time use:325218.000000(us)
[2016-12-24 13:50:20.318010]SIM[531] Auth. time use:334858.000000(us)
[2016-12-24 13:50:33.311327]SIM[531] Auth. time use:322172.000000(us)
[2016-12-24 13:50:46.324678]SIM[531] Auth. time use:327527.000000(us)
[2016-12-24 13:50:59.314398]SIM[531] Auth. time use:308246.000000(us)
[2016-12-24 13:51:12.358485]SIM[531] Auth. time use:345331.000000(us)
[2016-12-24 13:51:25.344847]SIM[531] Auth. time use:323696.000000(us)
[2016-12-24 13:51:38.357120]SIM[531] Auth. time use:326956.000000(us)
[2016-12-24 13:51:51.354141]SIM[531] Auth. time use:315986.000000(us)
[2016-12-24 13:52:04.374585]SIM[531] Auth. time use:329432.000000(us)
[2016-12-24 13:52:17.370095]SIM[531] Auth. time use:313940.000000(us)
[2016-12-24 13:52:30.386593]SIM[531] Auth. time use:323433.000000(us)
[2016-12-24 13:52:43.387994]SIM[531] Auth. time use:316843.000000(us)
[2016-12-24 13:52:56.399519]SIM[531] Auth. time use:320363.000000(us)
[2016-12-24 13:53:09.398161]SIM[531] Auth. time use:312007.000000(us)
[2016-12-24 13:53:22.412761]SIM[531] Auth. time use:320600.000000(us)
[2016-12-24 13:53:35.435653]SIM[531] Auth. time use:335496.000000(us)
[2016-12-24 13:53:48.421495]SIM[531] Auth. time use:314326.000000(us)
[2016-12-24 13:54:01.433130]SIM[531] Auth. time use:317971.000000(us)
[2016-12-24 13:54:14.430551]SIM[531] Auth. time use:307402.000000(us)
[2016-12-24 13:54:27.467799]SIM[531] Auth. time use:336646.000000(us)
[2016-12-24 13:54:40.458173]SIM[531] Auth. time use:320025.000000(us)
[2016-12-24 13:54:53.476307]SIM[531] Auth. time use:331157.000000(us)
[2016-12-24 13:55:06.489380]SIM[531] Auth. time use:337231.000000(us)
[2016-12-24 13:55:19.488141]SIM[531] Auth. time use:329991.000000(us)
[2016-12-24 13:55:32.482573]SIM[531] Auth. time use:319419.000000(us)
[2016-12-24 13:55:45.492883]SIM[531] Auth. time use:322728.000000(us)
[2016-12-24 13:55:58.493994]SIM[531] Auth. time use:317841.000000(us)
[2016-12-24 13:56:11.505503]SIM[531] Auth. time use:322352.000000(us)
[2016-12-24 13:56:24.503618]SIM[531] Auth. time use:314462.000000(us)
[2016-12-24 13:56:37.522266]SIM[531] Auth. time use:325114.000000(us)
[2016-12-24 13:56:50.525065]SIM[531] Auth. time use:320912.000000(us)
[2016-12-24 13:57:03.546645]SIM[531] Auth. time use:337488.000000(us)
[2016-12-24 13:57:16.551790]SIM[531] Auth. time use:334638.000000(us)
[2016-12-24 13:57:29.557954]SIM[531] Auth. time use:332802.000000(us)
[2016-12-24 13:57:42.544877]SIM[531] Auth. time use:312722.000000(us)
[2016-12-24 13:57:55.579687]SIM[531] Auth. time use:340535.000000(us)
[2016-12-24 13:58:08.603135]SIM[531] Auth. time use:356980.000000(us)
[2016-12-24 13:58:21.566239]SIM[531] Auth. time use:313086.000000(us)
[2016-12-24 13:58:34.586302]SIM[531] Auth. time use:325146.000000(us)
[2016-12-24 13:58:47.595605]SIM[531] Auth. time use:325451.000000(us)
[2016-12-24 13:59:00.621786]SIM[531] Auth. time use:344633.000000(us)
[2016-12-24 13:59:13.625243]SIM[531] Auth. time use:341088.000000(us)
[2016-12-24 13:59:26.639134]SIM[531] Auth. time use:348978.000000(us)
[2016-12-24 13:59:39.624674]SIM[531] Auth. time use:325491.000000(us)
[2016-12-24 13:59:52.624919]SIM[531] Auth. time use:320762.000000(us)
[2016-12-24 14:00:05.631087]SIM[531] Auth. time use:318927.000000(us)
[2016-12-24 14:00:18.658468]SIM[531] Auth. time use:337305.000000(us)
[2016-12-24 14:00:31.676196]SIM[531] Auth. time use:348027.000000(us)
[2016-12-24 14:00:44.656676]SIM[531] Auth. time use:319525.000000(us)
[2016-12-24 14:00:57.675292]SIM[531] Auth. time use:327140.000000(us)
[2016-12-24 14:01:10.673826]SIM[531] Auth. time use:318635.000000(us)
[2016-12-24 14:01:23.697059]SIM[531] Auth. time use:333904.000000(us)
[2016-12-24 14:01:49.476178]SIM[531] auth. ACK2 length error. Tx_APDU[1]:88 
[2016-12-24 14:02:02.693171]SIM[531] Auth. time use:310018.000000(us)
[2016-12-24 14:02:15.723733]SIM[531] Auth. time use:334577.000000(us)
[2016-12-24 14:02:28.715175]SIM[531] Auth. time use:318022.000000(us)
[2016-12-24 14:02:41.734201]SIM[531] Auth. time use:331049.000000(us)
[2016-12-24 14:02:54.737146]SIM[531] Auth. time use:327988.000000(us)
[2016-12-24 14:03:07.750363]SIM[531] Auth. time use:332213.000000(us)
[2016-12-24 14:03:20.754005]SIM[531] Auth. time use:328853.000000(us)
[2016-12-24 14:03:33.757573]SIM[531] Auth. time use:326419.000000(us)
[2016-12-24 14:03:46.766452]SIM[531] Auth. time use:327299.000000(us)
[2016-12-24 14:03:59.803261]SIM[531] Auth. time use:357109.000000(us)
[2016-12-24 14:04:12.790664]SIM[531] Auth. time use:336495.000000(us)
[2016-12-24 14:04:25.800902]SIM[531] Auth. time use:338748.000000(us)
[2016-12-24 14:04:38.811542]SIM[531] Auth. time use:343391.000000(us)
[2016-12-24 14:04:51.794809]SIM[531] Auth. time use:321655.000000(us)
[2016-12-24 14:05:04.796050]SIM[531] Auth. time use:315898.000000(us)
[2016-12-24 14:05:17.824405]SIM[531] Auth. time use:336242.000000(us)
[2016-12-24 14:05:30.817109]SIM[531] Auth. time use:320950.000000(us)
[2016-12-24 14:05:43.822220]SIM[531] Auth. time use:321067.000000(us)
[2016-12-24 14:05:56.843581]SIM[531] Auth. time use:334430.000000(us)
[2016-12-24 14:06:09.829902]SIM[531] Auth. time use:313748.000000(us)
[2016-12-24 14:06:22.859869]SIM[531] Auth. time use:338715.000000(us)
[2016-12-24 14:06:35.869036]SIM[531] Auth. time use:340884.000000(us)
[2016-12-24 14:06:48.874365]SIM[531] Auth. time use:339212.000000(us)
[2016-12-24 14:07:01.881772]SIM[531] Auth. time use:338623.000000(us)
[2016-12-24 14:07:14.877406]SIM[531] Auth. time use:327252.000000(us)
[2016-12-24 14:07:27.886656]SIM[531] Auth. time use:328495.000000(us)
[2016-12-24 14:07:40.890122]SIM[531] Auth. time use:324923.000000(us)
[2016-12-24 14:07:53.903222]SIM[531] Auth. time use:329057.000000(us)
[2016-12-24 14:08:06.903740]SIM[531] Auth. time use:321583.000000(us)
[2016-12-24 14:08:19.902875]SIM[531] Auth. time use:312717.000000(us)
[2016-12-24 14:08:32.971818]SIM[531] Auth. time use:374661.000000(us)
[2016-12-24 14:08:45.953464]SIM[531] Auth. time use:348307.000000(us)
[2016-12-24 14:08:58.929170]SIM[531] Auth. time use:316994.000000(us)
[2016-12-24 14:09:11.948931]SIM[531] Auth. time use:329777.000000(us)
[2016-12-24 14:09:24.954675]SIM[531] Auth. time use:329519.000000(us)
[2016-12-24 14:09:37.958971]SIM[531] Auth. time use:324811.000000(us)
[2016-12-24 14:09:50.988354]SIM[531] Auth. time use:348192.000000(us)
[2016-12-24 14:10:03.985855]SIM[531] Auth. time use:338694.000000(us)
[2016-12-24 14:10:16.975751]SIM[531] Auth. time use:320536.000000(us)
[2016-12-24 14:10:29.989226]SIM[531] Auth. time use:328073.000000(us)
[2016-12-24 14:10:43.   202]SIM[531] Auth. time use:334049.000000(us)
[2016-12-24 14:10:55.994405]SIM[531] Auth. time use:322252.000000(us)
[2016-12-24 14:11:09.   930]SIM[531] Auth. time use:323776.000000(us)
[2016-12-24 14:11:22.  3563]SIM[531] Auth. time use:320413.000000(us)
[2016-12-24 14:11:35. 11222]SIM[531] Auth. time use:322067.000000(us)
[2016-12-24 14:11:48. 18914]SIM[531] Auth. time use:320760.000000(us)
[2016-12-24 14:12:01. 26459]SIM[531] Auth. time use:322304.000000(us)
[2016-12-24 14:12:14. 24233]SIM[531] Auth. time use:311080.000000(us)
[2016-12-24 14:12:27. 43682]SIM[531] Auth. time use:324533.000000(us)
[2016-12-24 14:12:40. 42837]SIM[531] Auth. time use:316685.000000(us)
[2016-12-24 14:12:53. 48669]SIM[531] Auth. time use:314515.000000(us)
[2016-12-24 14:13:06. 70858]SIM[531] Auth. time use:329706.000000(us)
[2016-12-24 14:13:19. 60216]SIM[531] Auth. time use:312064.000000(us)
[2016-12-24 14:13:32. 77569]SIM[531] Auth. time use:323413.000000(us)
[2016-12-24 14:13:45. 77337]SIM[531] Auth. time use:316189.000000(us)
[2016-12-24 14:13:58.103543]SIM[531] Auth. time use:334390.000000(us)
[2016-12-24 14:14:11.102304]SIM[531] Auth. time use:326152.000000(us)
[2016-12-24 14:14:24.107467]SIM[531] Auth. time use:323314.000000(us)
[2016-12-24 14:14:37.124287]SIM[531] Auth. time use:332136.000000(us)
[2016-12-24 14:14:50.132941]SIM[531] Auth. time use:334788.000000(us)
[2016-12-24 14:15:03.132524]SIM[531] Auth. time use:326377.000000(us)
[2016-12-24 14:15:16.143384]SIM[531] Auth. time use:331228.000000(us)
[2016-12-24 14:15:29.153821]SIM[531] Auth. time use:332659.000000(us)
[2016-12-24 14:15:42.151379]SIM[531] Auth. time use:320225.000000(us)
[2016-12-24 14:15:55.166233]SIM[531] Auth. time use:327073.000000(us)
[2016-12-24 14:16:08.174880]SIM[531] Auth. time use:327715.000000(us)
[2016-12-24 14:16:21.196064]SIM[531] Auth. time use:341911.000000(us)
[2016-12-24 14:16:34.196096]SIM[531] Auth. time use:333935.000000(us)
[2016-12-24 14:16:47.188073]SIM[531] Auth. time use:319917.000000(us)
[2016-12-24 14:17:00.176275]SIM[531] Auth. time use:301121.000000(us)
[2016-12-24 14:17:13.213632]SIM[531] Auth. time use:331478.000000(us)
[2016-12-24 14:17:26.210316]SIM[531] Auth. time use:321158.000000(us)
[2016-12-24 14:17:39.219559]SIM[531] Auth. time use:324403.000000(us)
[2016-12-24 14:17:52.223596]SIM[531] Auth. time use:322438.000000(us)
[2016-12-24 14:18:05.247386]SIM[531] Auth. time use:337229.000000(us)
[2016-12-24 14:18:18.235509]SIM[531] Auth. time use:313351.000000(us)
[2016-12-24 14:18:31.266609]SIM[531] Auth. time use:336454.000000(us)
[2016-12-24 14:18:44.252249]SIM[531] Auth. time use:315092.000000(us)
[2016-12-24 14:18:57.253468]SIM[531] Auth. time use:308319.000000(us)
[2016-12-24 14:19:10.269388]SIM[531] Auth. time use:316233.000000(us)
[2016-12-24 14:19:23.279213]SIM[531] Auth. time use:318064.000000(us)
[2016-12-24 14:19:36.286498]SIM[531] Auth. time use:316345.000000(us)
[2016-12-24 14:19:49.292597]SIM[531] Auth. time use:316443.000000(us)
[2016-12-24 14:20:02.293224]SIM[531] Auth. time use:310067.000000(us)
[2016-12-24 14:20:15.299792]SIM[531] Auth. time use:310639.000000(us)
[2016-12-24 14:20:28.313570]SIM[531] Auth. time use:315417.000000(us)
[2016-12-24 14:20:41.315242]SIM[531] Auth. time use:311090.000000(us)
[2016-12-24 14:20:54.336044]SIM[531] Auth. time use:323890.000000(us)
[2016-12-24 14:21:07.335853]SIM[531] Auth. time use:315698.000000(us)
[2016-12-24 14:21:20.341773]SIM[531] Auth. time use:312619.000000(us)
[2016-12-24 14:21:33.350890]SIM[531] Auth. time use:314736.000000(us)
[2016-12-24 14:21:46.364677]SIM[531] Auth. time use:320521.000000(us)
[2016-12-24 14:21:59.370881]SIM[531] Auth. time use:320730.000000(us)
[2016-12-24 14:22:12.370399]SIM[531] Auth. time use:314247.000000(us)
[2016-12-24 14:22:25.385630]SIM[531] Auth. time use:322478.000000(us)
[2016-12-24 14:22:38.384308]SIM[531] Auth. time use:313158.000000(us)
[2016-12-24 14:22:51.395554]SIM[531] Auth. time use:317400.000000(us)
[2016-12-24 14:23:04.398459]SIM[531] Auth. time use:312306.000000(us)
[2016-12-24 14:23:17.411169]SIM[531] Auth. time use:317020.000000(us)
[2016-12-24 14:23:30.414348]SIM[531] Auth. time use:314196.000000(us)
[2016-12-24 14:23:43.417897]SIM[531] Auth. time use:310743.000000(us)
[2016-12-24 14:23:56.434987]SIM[531] Auth. time use:320827.000000(us)
[2016-12-24 14:24:09.438315]SIM[531] Auth. time use:318137.000000(us)
[2016-12-24 14:24:22.470542]SIM[531] Auth. time use:343382.000000(us)
[2016-12-24 14:24:35.443599]SIM[531] Auth. time use:310439.000000(us)
[2016-12-24 14:24:48.448678]SIM[531] Auth. time use:308523.000000(us)
[2016-12-24 14:25:01.470130]SIM[531] Auth. time use:320980.000000(us)
[2016-12-24 14:25:14.490512]SIM[531] Auth. time use:330359.000000(us)
[2016-12-24 14:25:27.471112]SIM[531] Auth. time use:303949.000000(us)
[2016-12-24 14:25:40.488121]SIM[531] Auth. time use:314972.000000(us)
[2016-12-24 14:25:53.490414]SIM[531] Auth. time use:310253.000000(us)
[2016-12-24 14:26:06.517167]SIM[531] Auth. time use:329011.000000(us)
[2016-12-24 14:26:19.513162]SIM[531] Auth. time use:318995.000000(us)
[2016-12-24 14:26:32.529466]SIM[531] Auth. time use:329306.000000(us)
[2016-12-24 14:26:45.542677]SIM[531] Auth. time use:335525.000000(us)
