[2016-12-24 13:39:16.920016]SIM[534] Auth. time use:310863.000000(us)
[2016-12-24 13:39:29.933538]SIM[534] Auth. time use:316381.000000(us)
[2016-12-24 13:39:42.940325]SIM[534] Auth. time use:316173.000000(us)
[2016-12-24 13:39:55.948870]SIM[534] Auth. time use:317718.000000(us)
[2016-12-24 13:40:08.953923]SIM[534] Auth. time use:313772.000000(us)
[2016-12-24 13:40:21.986754]SIM[534] Auth. time use:339594.000000(us)
[2016-12-24 13:40:34.986480]SIM[534] Auth. time use:332323.000000(us)
[2016-12-24 13:40:47.986131]SIM[534] Auth. time use:325980.000000(us)
[2016-12-24 13:41:01.  3241]SIM[534] Auth. time use:337085.000000(us)
[2016-12-24 13:41:14. 17276]SIM[534] Auth. time use:345126.000000(us)
[2016-12-24 13:41:26.994817]SIM[534] Auth. time use:314654.000000(us)
[2016-12-24 13:41:40. 17639]SIM[534] Auth. time use:332485.000000(us)
[2016-12-24 13:41:53.  8661]SIM[534] Auth. time use:315506.000000(us)
[2016-12-24 13:42:06. 16140]SIM[534] Auth. time use:314985.000000(us)
[2016-12-24 13:42:19. 30418]SIM[534] Auth. time use:322266.000000(us)
[2016-12-24 13:42:32. 33385]SIM[534] Auth. time use:317234.000000(us)
[2016-12-24 13:42:45. 60182]SIM[534] Auth. time use:336026.000000(us)
[2016-12-24 13:42:58. 39604]SIM[534] Auth. time use:310447.000000(us)
[2016-12-24 13:43:11. 54173]SIM[534] Auth. time use:318018.000000(us)
[2016-12-24 13:43:24. 56442]SIM[534] Auth. time use:311275.000000(us)
[2016-12-24 13:43:37. 76418]SIM[534] Auth. time use:324242.000000(us)
[2016-12-24 13:43:50. 76760]SIM[534] Auth. time use:318602.000000(us)
[2016-12-24 13:44:03. 85988]SIM[534] Auth. time use:321827.000000(us)
[2016-12-24 13:44:16. 81647]SIM[534] Auth. time use:310491.000000(us)
[2016-12-24 13:44:29. 95859]SIM[534] Auth. time use:316690.000000(us)
[2016-12-24 13:44:42.129288]SIM[534] Auth. time use:344128.000000(us)
[2016-12-24 13:44:55.123592]SIM[534] Auth. time use:330435.000000(us)
[2016-12-24 13:45:08.120896]SIM[534] Auth. time use:320582.000000(us)
[2016-12-24 13:45:21.121383]SIM[534] Auth. time use:312227.000000(us)
[2016-12-24 13:45:34.150766]SIM[534] Auth. time use:334609.000000(us)
[2016-12-24 13:45:47.156556]SIM[534] Auth. time use:331401.000000(us)
[2016-12-24 13:46:00.155902]SIM[534] Auth. time use:322731.000000(us)
[2016-12-24 13:46:13.167451]SIM[534] Auth. time use:326297.000000(us)
[2016-12-24 13:46:26.163829]SIM[534] Auth. time use:315676.000000(us)
[2016-12-24 13:46:39.169853]SIM[534] Auth. time use:313702.000000(us)
[2016-12-24 13:46:52.175702]SIM[534] Auth. time use:313546.000000(us)
[2016-12-24 13:47:05.179935]SIM[534] Auth. time use:310777.000000(us)
[2016-12-24 13:47:18.193295]SIM[534] Auth. time use:318139.000000(us)
[2016-12-24 13:47:31.204372]SIM[534] Auth. time use:322219.000000(us)
[2016-12-24 13:47:44.204817]SIM[534] Auth. time use:314661.000000(us)
[2016-12-24 13:47:57.216855]SIM[534] Auth. time use:320702.000000(us)
[2016-12-24 13:48:10.223551]SIM[534] Auth. time use:320396.000000(us)
[2016-12-24 13:48:23.223356]SIM[534] Auth. time use:313198.000000(us)
[2016-12-24 13:48:36.246469]SIM[534] Auth. time use:328313.000000(us)
[2016-12-24 13:48:49.258087]SIM[534] Auth. time use:332909.000000(us)
[2016-12-24 13:49:02.266821]SIM[534] Auth. time use:334665.000000(us)
[2016-12-24 13:49:15.259740]SIM[534] Auth. time use:317584.000000(us)
[2016-12-24 13:49:28.287227]SIM[534] Auth. time use:337070.000000(us)
[2016-12-24 13:49:41.281042]SIM[534] Auth. time use:322889.000000(us)
[2016-12-24 13:49:54.306441]SIM[534] Auth. time use:341276.000000(us)
[2016-12-24 13:50:07.299501]SIM[534] Auth. time use:325343.000000(us)
[2016-12-24 13:50:20.318148]SIM[534] Auth. time use:334993.000000(us)
[2016-12-24 13:50:33.311450]SIM[534] Auth. time use:322293.000000(us)
[2016-12-24 13:50:46.324833]SIM[534] Auth. time use:327680.000000(us)
[2016-12-24 13:50:59.314525]SIM[534] Auth. time use:308372.000000(us)
[2016-12-24 13:51:12.358610]SIM[534] Auth. time use:345453.000000(us)
[2016-12-24 13:51:25.344974]SIM[534] Auth. time use:323820.000000(us)
[2016-12-24 13:51:38.357246]SIM[534] Auth. time use:327089.000000(us)
[2016-12-24 13:51:51.369016]SIM[534] Auth. time use:330860.000000(us)
[2016-12-24 13:52:04.374717]SIM[534] Auth. time use:329563.000000(us)
[2016-12-24 13:52:17.370232]SIM[534] Auth. time use:314076.000000(us)
[2016-12-24 13:52:30.386722]SIM[534] Auth. time use:323562.000000(us)
[2016-12-24 13:52:43.388126]SIM[534] Auth. time use:316974.000000(us)
[2016-12-24 13:52:56.399643]SIM[534] Auth. time use:320485.000000(us)
[2016-12-24 13:53:09.398289]SIM[534] Auth. time use:312132.000000(us)
[2016-12-24 13:53:22.412890]SIM[534] Auth. time use:320728.000000(us)
[2016-12-24 13:53:35.450534]SIM[534] Auth. time use:350374.000000(us)
[2016-12-24 13:53:48.421619]SIM[534] Auth. time use:314448.000000(us)
[2016-12-24 13:54:01.433257]SIM[534] Auth. time use:318099.000000(us)
[2016-12-24 13:54:14.430677]SIM[534] Auth. time use:307526.000000(us)
[2016-12-24 13:54:27.467923]SIM[534] Auth. time use:336767.000000(us)
[2016-12-24 13:54:40.458301]SIM[534] Auth. time use:320150.000000(us)
[2016-12-24 13:54:53.491279]SIM[534] Auth. time use:346126.000000(us)
[2016-12-24 13:55:06.489505]SIM[534] Auth. time use:337354.000000(us)
[2016-12-24 13:55:19.488265]SIM[534] Auth. time use:330112.000000(us)
[2016-12-24 13:55:32.482700]SIM[534] Auth. time use:319544.000000(us)
[2016-12-24 13:55:45.493011]SIM[534] Auth. time use:322855.000000(us)
[2016-12-24 13:55:58.494132]SIM[534] Auth. time use:317977.000000(us)
[2016-12-24 13:56:11.505630]SIM[534] Auth. time use:322478.000000(us)
[2016-12-24 13:56:24.503744]SIM[534] Auth. time use:314587.000000(us)
[2016-12-24 13:56:37.522391]SIM[534] Auth. time use:325238.000000(us)
[2016-12-24 13:56:50.540110]SIM[534] Auth. time use:335947.000000(us)
[2016-12-24 13:57:03.546769]SIM[534] Auth. time use:337610.000000(us)
[2016-12-24 13:57:16.551913]SIM[534] Auth. time use:334759.000000(us)
[2016-12-24 13:57:29.558080]SIM[534] Auth. time use:332926.000000(us)
[2016-12-24 13:57:42.545001]SIM[534] Auth. time use:312843.000000(us)
[2016-12-24 13:57:55.579814]SIM[534] Auth. time use:340660.000000(us)
[2016-12-24 13:58:08.603263]SIM[534] Auth. time use:357108.000000(us)
[2016-12-24 13:58:21.566363]SIM[534] Auth. time use:313208.000000(us)
[2016-12-24 13:58:34.586432]SIM[534] Auth. time use:325278.000000(us)
[2016-12-24 13:58:47.609891]SIM[534] Auth. time use:339736.000000(us)
[2016-12-24 13:59:00.621910]SIM[534] Auth. time use:344755.000000(us)
[2016-12-24 13:59:13.625366]SIM[534] Auth. time use:341208.000000(us)
[2016-12-24 13:59:26.653839]SIM[534] Auth. time use:363682.000000(us)
[2016-12-24 13:59:39.624845]SIM[534] Auth. time use:325680.000000(us)
[2016-12-24 13:59:52.625043]SIM[534] Auth. time use:320884.000000(us)
[2016-12-24 14:00:05.631221]SIM[534] Auth. time use:319059.000000(us)
[2016-12-24 14:00:18.658595]SIM[534] Auth. time use:337430.000000(us)
[2016-12-24 14:00:31.676322]SIM[534] Auth. time use:348149.000000(us)
[2016-12-24 14:00:44.656805]SIM[534] Auth. time use:319651.000000(us)
[2016-12-24 14:00:57.675418]SIM[534] Auth. time use:327263.000000(us)
[2016-12-24 14:01:10.673995]SIM[534] Auth. time use:318824.000000(us)
[2016-12-24 14:01:23.697195]SIM[534] Auth. time use:334038.000000(us)
[2016-12-24 14:01:49.476325]SIM[534] auth. ACK2 length error. Tx_APDU[1]:88 
[2016-12-24 14:02:02.693297]SIM[534] Auth. time use:310142.000000(us)
[2016-12-24 14:02:15.723859]SIM[534] Auth. time use:334700.000000(us)
[2016-12-24 14:02:28.715307]SIM[534] Auth. time use:318153.000000(us)
[2016-12-24 14:02:41.734328]SIM[534] Auth. time use:331173.000000(us)
[2016-12-24 14:02:54.737270]SIM[534] Auth. time use:328110.000000(us)
[2016-12-24 14:03:07.750486]SIM[534] Auth. time use:332334.000000(us)
[2016-12-24 14:03:20.754136]SIM[534] Auth. time use:328982.000000(us)
[2016-12-24 14:03:33.757701]SIM[534] Auth. time use:326546.000000(us)
[2016-12-24 14:03:46.780998]SIM[534] Auth. time use:341845.000000(us)
[2016-12-24 14:03:59.803387]SIM[534] Auth. time use:357233.000000(us)
[2016-12-24 14:04:12.790792]SIM[534] Auth. time use:336620.000000(us)
[2016-12-24 14:04:25.801026]SIM[534] Auth. time use:338870.000000(us)
[2016-12-24 14:04:38.811666]SIM[534] Auth. time use:343513.000000(us)
[2016-12-24 14:04:51.809397]SIM[534] Auth. time use:336241.000000(us)
[2016-12-24 14:05:04.796189]SIM[534] Auth. time use:316037.000000(us)
[2016-12-24 14:05:17.824530]SIM[534] Auth. time use:336365.000000(us)
[2016-12-24 14:05:30.817238]SIM[534] Auth. time use:321083.000000(us)
[2016-12-24 14:05:43.822347]SIM[534] Auth. time use:321190.000000(us)
[2016-12-24 14:05:56.843707]SIM[534] Auth. time use:334553.000000(us)
[2016-12-24 14:06:09.830026]SIM[534] Auth. time use:313871.000000(us)
[2016-12-24 14:06:22.859994]SIM[534] Auth. time use:338836.000000(us)
[2016-12-24 14:06:35.869166]SIM[534] Auth. time use:341012.000000(us)
[2016-12-24 14:06:48.874488]SIM[534] Auth. time use:339333.000000(us)
[2016-12-24 14:07:01.881895]SIM[534] Auth. time use:338743.000000(us)
[2016-12-24 14:07:14.877556]SIM[534] Auth. time use:327399.000000(us)
[2016-12-24 14:07:27.886782]SIM[534] Auth. time use:328619.000000(us)
[2016-12-24 14:07:40.890290]SIM[534] Auth. time use:325117.000000(us)
[2016-12-24 14:07:53.903346]SIM[534] Auth. time use:329178.000000(us)
[2016-12-24 14:08:06.903866]SIM[534] Auth. time use:321706.000000(us)
[2016-12-24 14:08:19.903009]SIM[534] Auth. time use:312849.000000(us)
[2016-12-24 14:08:32.957164]SIM[534] Auth. time use:360005.000000(us)
[2016-12-24 14:08:45.953593]SIM[534] Auth. time use:348435.000000(us)
[2016-12-24 14:08:58.929352]SIM[534] Auth. time use:317198.000000(us)
[2016-12-24 14:09:11.949061]SIM[534] Auth. time use:329906.000000(us)
[2016-12-24 14:09:24.973150]SIM[534] Auth. time use:347993.000000(us)
[2016-12-24 14:09:37.959095]SIM[534] Auth. time use:324933.000000(us)
[2016-12-24 14:09:50.988477]SIM[534] Auth. time use:348313.000000(us)
[2016-12-24 14:10:04.   923]SIM[534] Auth. time use:353762.000000(us)
[2016-12-24 14:10:16.975880]SIM[534] Auth. time use:320662.000000(us)
[2016-12-24 14:10:29.989354]SIM[534] Auth. time use:328199.000000(us)
[2016-12-24 14:10:43. 14929]SIM[534] Auth. time use:348772.000000(us)
[2016-12-24 14:10:55.994533]SIM[534] Auth. time use:322378.000000(us)
[2016-12-24 14:11:09.  1063]SIM[534] Auth. time use:323909.000000(us)
[2016-12-24 14:11:22.  3688]SIM[534] Auth. time use:320534.000000(us)
[2016-12-24 14:11:35. 11346]SIM[534] Auth. time use:322189.000000(us)
[2016-12-24 14:11:48. 19042]SIM[534] Auth. time use:320886.000000(us)
[2016-12-24 14:12:01. 26587]SIM[534] Auth. time use:322430.000000(us)
[2016-12-24 14:12:14. 24358]SIM[534] Auth. time use:311203.000000(us)
[2016-12-24 14:12:27. 43809]SIM[534] Auth. time use:324657.000000(us)
[2016-12-24 14:12:40. 57131]SIM[534] Auth. time use:330976.000000(us)
[2016-12-24 14:12:53. 48795]SIM[534] Auth. time use:314638.000000(us)
[2016-12-24 14:13:06. 70986]SIM[534] Auth. time use:329833.000000(us)
[2016-12-24 14:13:19. 60344]SIM[534] Auth. time use:312190.000000(us)
[2016-12-24 14:13:32. 77695]SIM[534] Auth. time use:323537.000000(us)
[2016-12-24 14:13:45. 77461]SIM[534] Auth. time use:316311.000000(us)
[2016-12-24 14:13:58.103666]SIM[534] Auth. time use:334511.000000(us)
[2016-12-24 14:14:11.102431]SIM[534] Auth. time use:326278.000000(us)
[2016-12-24 14:14:24.107595]SIM[534] Auth. time use:323439.000000(us)
[2016-12-24 14:14:37.124413]SIM[534] Auth. time use:332259.000000(us)
[2016-12-24 14:14:50.133090]SIM[534] Auth. time use:334934.000000(us)
[2016-12-24 14:15:03.146835]SIM[534] Auth. time use:340685.000000(us)
[2016-12-24 14:15:16.143512]SIM[534] Auth. time use:331351.000000(us)
[2016-12-24 14:15:29.153952]SIM[534] Auth. time use:332790.000000(us)
[2016-12-24 14:15:42.151503]SIM[534] Auth. time use:320347.000000(us)
[2016-12-24 14:15:55.166363]SIM[534] Auth. time use:327201.000000(us)
[2016-12-24 14:16:08.175009]SIM[534] Auth. time use:327841.000000(us)
[2016-12-24 14:16:21.196154]SIM[534] Auth. time use:341999.000000(us)
[2016-12-24 14:16:34.196269]SIM[534] Auth. time use:334115.000000(us)
[2016-12-24 14:16:47.188214]SIM[534] Auth. time use:320056.000000(us)
[2016-12-24 14:17:00.176400]SIM[534] Auth. time use:301244.000000(us)
[2016-12-24 14:17:13.213759]SIM[534] Auth. time use:331603.000000(us)
[2016-12-24 14:17:26.210441]SIM[534] Auth. time use:321284.000000(us)
[2016-12-24 14:17:39.219683]SIM[534] Auth. time use:324524.000000(us)
[2016-12-24 14:17:52.223726]SIM[534] Auth. time use:322567.000000(us)
[2016-12-24 14:18:05.247513]SIM[534] Auth. time use:337353.000000(us)
[2016-12-24 14:18:18.235634]SIM[534] Auth. time use:313474.000000(us)
[2016-12-24 14:18:31.266734]SIM[534] Auth. time use:336576.000000(us)
[2016-12-24 14:18:44.252380]SIM[534] Auth. time use:315223.000000(us)
[2016-12-24 14:18:57.253592]SIM[534] Auth. time use:308443.000000(us)
[2016-12-24 14:19:10.269530]SIM[534] Auth. time use:316378.000000(us)
[2016-12-24 14:19:23.279343]SIM[534] Auth. time use:318192.000000(us)
[2016-12-24 14:19:36.286626]SIM[534] Auth. time use:316471.000000(us)
[2016-12-24 14:19:49.292729]SIM[534] Auth. time use:316574.000000(us)
[2016-12-24 14:20:02.293353]SIM[534] Auth. time use:310196.000000(us)
[2016-12-24 14:20:15.299915]SIM[534] Auth. time use:310760.000000(us)
[2016-12-24 14:20:28.313698]SIM[534] Auth. time use:315543.000000(us)
[2016-12-24 14:20:41.315396]SIM[534] Auth. time use:311243.000000(us)
[2016-12-24 14:20:54.336175]SIM[534] Auth. time use:324019.000000(us)
[2016-12-24 14:21:07.335987]SIM[534] Auth. time use:315830.000000(us)
[2016-12-24 14:21:20.341903]SIM[534] Auth. time use:312749.000000(us)
[2016-12-24 14:21:33.351024]SIM[534] Auth. time use:314871.000000(us)
[2016-12-24 14:21:46.364808]SIM[534] Auth. time use:320651.000000(us)
[2016-12-24 14:21:59.371011]SIM[534] Auth. time use:320858.000000(us)
[2016-12-24 14:22:12.370525]SIM[534] Auth. time use:314373.000000(us)
[2016-12-24 14:22:25.385759]SIM[534] Auth. time use:322606.000000(us)
[2016-12-24 14:22:38.384442]SIM[534] Auth. time use:313291.000000(us)
[2016-12-24 14:22:51.395685]SIM[534] Auth. time use:317530.000000(us)
[2016-12-24 14:23:04.398584]SIM[534] Auth. time use:312429.000000(us)
[2016-12-24 14:23:17.411297]SIM[534] Auth. time use:317146.000000(us)
[2016-12-24 14:23:30.414478]SIM[534] Auth. time use:314324.000000(us)
[2016-12-24 14:23:43.418021]SIM[534] Auth. time use:310865.000000(us)
[2016-12-24 14:23:56.450273]SIM[534] Auth. time use:336110.000000(us)
[2016-12-24 14:24:09.438480]SIM[534] Auth. time use:318313.000000(us)
[2016-12-24 14:24:22.470696]SIM[534] Auth. time use:343538.000000(us)
[2016-12-24 14:24:35.443725]SIM[534] Auth. time use:310563.000000(us)
[2016-12-24 14:24:48.448803]SIM[534] Auth. time use:308645.000000(us)
[2016-12-24 14:25:01.470255]SIM[534] Auth. time use:321102.000000(us)
[2016-12-24 14:25:14.490635]SIM[534] Auth. time use:330480.000000(us)
[2016-12-24 14:25:27.471242]SIM[534] Auth. time use:304085.000000(us)
[2016-12-24 14:25:40.488248]SIM[534] Auth. time use:315097.000000(us)
[2016-12-24 14:25:53.490546]SIM[534] Auth. time use:310383.000000(us)
[2016-12-24 14:26:06.532016]SIM[534] Auth. time use:343858.000000(us)
[2016-12-24 14:26:19.513293]SIM[534] Auth. time use:319127.000000(us)
[2016-12-24 14:26:32.529590]SIM[534] Auth. time use:329428.000000(us)
[2016-12-24 14:26:45.542801]SIM[534] Auth. time use:335647.000000(us)
